#
# A fatal error has been detected by the Java Runtime Environment:
#
#  EXCEPTION_ACCESS_VIOLATION (0xc0000005) at pc=0x000000007110b5db, pid=5572, tid=29316
#
# JRE version: OpenJDK Runtime Environment JBR-11.0.9.1.11-1145.77-jcef (11.0.9.1+11) (build 11.0.9.1+11-b1145.77)
# Java VM: OpenJDK 64-Bit Server VM JBR-11.0.9.1.11-1145.77-jcef (11.0.9.1+11-b1145.77, mixed mode, tiered, compressed oops, g1 gc, windows-amd64)
# Problematic frame:
# C  0x000000007110b5db
#
# No core dump will be written. Minidumps are not enabled by default on client versions of Windows
#
# If you would like to submit a bug report, please visit:
#   https://bugreport.java.com/bugreport/crash.jsp
# The crash happened outside the Java Virtual Machine in native code.
# See problematic frame for where to report the bug.
#

---------------  S U M M A R Y ------------

Command Line: --module-path=C:/javafx-sdk-16/lib --add-modules=javafx.controls,javafx.fxml,javafx.graphics -javaagent:C:\Program Files\JetBrains\IntelliJ IDEA 2020.3.2\lib\idea_rt.jar=65352:C:\Program Files\JetBrains\IntelliJ IDEA 2020.3.2\bin -Dfile.encoding=UTF-8 sample.Main

Host: Intel(R) Core(TM) i7-8700 CPU @ 3.20GHz, 12 cores, 15G,  Windows 10 , 64 bit Build 17763 (10.0.17763.1158)
Time: Thu Apr 29 13:57:23 2021 ?rodkowoeuropejski czas letni elapsed time: 4.593155 seconds (0d 0h 0m 4s)

---------------  T H R E A D  ---------------

Current thread (0x0000021100d4d000):  JavaThread "JavaFX Application Thread" [_thread_in_native, id=29316, stack(0x000000e30dd00000,0x000000e30de00000)]

Stack: [0x000000e30dd00000,0x000000e30de00000],  sp=0x000000e30ddfa8e0,  free space=1002k
Native frames: (J=compiled Java code, j=interpreted, Vv=VM code, C=native code)
C  0x000000007110b5db

Java frames: (J=compiled Java code, j=interpreted, Vv=VM code)
j  jssc.SerialNativeInterface.openPort(Ljava/lang/String;Z)J+0
j  jssc.SerialPort.openPort()Z+65
j  com.intelligt.modbus.jlibmodbus.serial.SerialPortJSSC.open()V+4
j  com.intelligt.modbus.jlibmodbus.net.ModbusConnectionSerial.openImpl()V+11
j  com.intelligt.modbus.jlibmodbus.net.ModbusConnection.open()V+1
j  com.intelligt.modbus.jlibmodbus.master.ModbusMaster.connectImpl()V+4
j  com.intelligt.modbus.jlibmodbus.master.ModbusMaster.connect()V+8
j  sample.LockersController.readDataFromRegister(III)[I+4
j  sample.OpenOne.findAllLockers()V+29
v  ~StubRoutines::call_stub
j  jdk.internal.reflect.NativeMethodAccessorImpl.invoke0(Ljava/lang/reflect/Method;Ljava/lang/Object;[Ljava/lang/Object;)Ljava/lang/Object;+0 java.base@11.0.9.1
j  jdk.internal.reflect.NativeMethodAccessorImpl.invoke(Ljava/lang/Object;[Ljava/lang/Object;)Ljava/lang/Object;+100 java.base@11.0.9.1
J 1296 c1 jdk.internal.reflect.DelegatingMethodAccessorImpl.invoke(Ljava/lang/Object;[Ljava/lang/Object;)Ljava/lang/Object; java.base@11.0.9.1 (10 bytes) @ 0x000002116310ca4c [0x000002116310c940+0x000000000000010c]
J 1295 c1 java.lang.reflect.Method.invoke(Ljava/lang/Object;[Ljava/lang/Object;)Ljava/lang/Object; java.base@11.0.9.1 (65 bytes) @ 0x000002116310c4e4 [0x000002116310c1a0+0x0000000000000344]
j  com.sun.javafx.reflect.Trampoline.invoke(Ljava/lang/reflect/Method;Ljava/lang/Object;[Ljava/lang/Object;)Ljava/lang/Object;+7
j  jdk.internal.reflect.GeneratedMethodAccessor2.invoke(Ljava/lang/Object;[Ljava/lang/Object;)Ljava/lang/Object;+40
J 1296 c1 jdk.internal.reflect.DelegatingMethodAccessorImpl.invoke(Ljava/lang/Object;[Ljava/lang/Object;)Ljava/lang/Object; java.base@11.0.9.1 (10 bytes) @ 0x000002116310ca4c [0x000002116310c940+0x000000000000010c]
J 1295 c1 java.lang.reflect.Method.invoke(Ljava/lang/Object;[Ljava/lang/Object;)Ljava/lang/Object; java.base@11.0.9.1 (65 bytes) @ 0x000002116310c4e4 [0x000002116310c1a0+0x0000000000000344]
j  com.sun.javafx.reflect.MethodUtil.invoke(Ljava/lang/reflect/Method;Ljava/lang/Object;[Ljava/lang/Object;)Ljava/lang/Object;+20 javafx.base
j  com.sun.javafx.fxml.MethodHelper.invoke(Ljava/lang/reflect/Method;Ljava/lang/Object;[Ljava/lang/Object;)Ljava/lang/Object;+142 javafx.fxml
j  javafx.fxml.FXMLLoader$MethodHandler.invoke([Ljava/lang/Object;)V+38 javafx.fxml
j  javafx.fxml.FXMLLoader$ControllerMethodEventHandler.handle(Ljavafx/event/Event;)V+12 javafx.fxml
j  com.sun.javafx.event.CompositeEventHandler.dispatchBubblingEvent(Ljavafx/event/Event;)V+51 javafx.base
J 1979 c1 com.sun.javafx.event.EventHandlerManager.dispatchBubblingEvent(Ljavafx/event/EventType;Ljavafx/event/Event;)Ljavafx/event/Event; javafx.base (41 bytes) @ 0x000002116324c664 [0x000002116324c020+0x0000000000000644]
j  com.sun.javafx.event.EventHandlerManager.dispatchBubblingEvent(Ljavafx/event/Event;)Ljavafx/event/Event;+8 javafx.base
j  com.sun.javafx.event.CompositeEventDispatcher.dispatchBubblingEvent(Ljavafx/event/Event;)Ljavafx/event/Event;+11 javafx.base
J 2091 c1 com.sun.javafx.event.BasicEventDispatcher.dispatchEvent(Ljavafx/event/Event;Ljavafx/event/EventDispatchChain;)Ljavafx/event/Event; javafx.base (44 bytes) @ 0x0000021163271adc [0x0000021163271780+0x000000000000035c]
J 1811 c1 com.sun.javafx.event.EventDispatchChainImpl.dispatchEvent(Ljavafx/event/Event;)Ljavafx/event/Event; javafx.base (101 bytes) @ 0x00000211631ee624 [0x00000211631ee460+0x00000000000001c4]
J 2091 c1 com.sun.javafx.event.BasicEventDispatcher.dispatchEvent(Ljavafx/event/Event;Ljavafx/event/EventDispatchChain;)Ljavafx/event/Event; javafx.base (44 bytes) @ 0x00000211632719ec [0x0000021163271780+0x000000000000026c]
J 1811 c1 com.sun.javafx.event.EventDispatchChainImpl.dispatchEvent(Ljavafx/event/Event;)Ljavafx/event/Event; javafx.base (101 bytes) @ 0x00000211631ee624 [0x00000211631ee460+0x00000000000001c4]
J 2091 c1 com.sun.javafx.event.BasicEventDispatcher.dispatchEvent(Ljavafx/event/Event;Ljavafx/event/EventDispatchChain;)Ljavafx/event/Event; javafx.base (44 bytes) @ 0x00000211632719ec [0x0000021163271780+0x000000000000026c]
J 1811 c1 com.sun.javafx.event.EventDispatchChainImpl.dispatchEvent(Ljavafx/event/Event;)Ljavafx/event/Event; javafx.base (101 bytes) @ 0x00000211631ee624 [0x00000211631ee460+0x00000000000001c4]
j  com.sun.javafx.event.EventUtil.fireEventImpl(Ljavafx/event/EventDispatchChain;Ljavafx/event/EventTarget;Ljavafx/event/Event;)Ljavafx/event/Event;+10 javafx.base
j  com.sun.javafx.event.EventUtil.fireEvent(Ljavafx/event/EventTarget;Ljavafx/event/Event;)Ljavafx/event/Event;+37 javafx.base
j  javafx.event.Event.fireEvent(Ljavafx/event/EventTarget;Ljavafx/event/Event;)V+30 javafx.base
j  javafx.scene.Node.fireEvent(Ljavafx/event/Event;)V+86 javafx.graphics
j  javafx.scene.control.Button.fire()V+15 javafx.controls
j  com.sun.javafx.scene.control.behavior.ButtonBehavior.mouseReleased(Ljavafx/scene/input/MouseEvent;)V+27 javafx.controls
j  com.sun.javafx.scene.control.behavior.ButtonBehavior$$Lambda$221.handle(Ljavafx/event/Event;)V+8 javafx.controls
j  com.sun.javafx.scene.control.inputmap.InputMap.handle(Ljavafx/event/Event;)V+61 javafx.controls
j  com.sun.javafx.scene.control.inputmap.InputMap$$Lambda$216.handle(Ljavafx/event/Event;)V+5 javafx.controls
j  com.sun.javafx.event.CompositeEventHandler$NormalEventHandlerRecord.handleBubblingEvent(Ljavafx/event/Event;)V+5 javafx.base
j  com.sun.javafx.event.CompositeEventHandler.dispatchBubblingEvent(Ljavafx/event/Event;)V+28 javafx.base
J 1979 c1 com.sun.javafx.event.EventHandlerManager.dispatchBubblingEvent(Ljavafx/event/EventType;Ljavafx/event/Event;)Ljavafx/event/Event; javafx.base (41 bytes) @ 0x000002116324c664 [0x000002116324c020+0x0000000000000644]
j  com.sun.javafx.event.EventHandlerManager.dispatchBubblingEvent(Ljavafx/event/Event;)Ljavafx/event/Event;+8 javafx.base
j  com.sun.javafx.event.CompositeEventDispatcher.dispatchBubblingEvent(Ljavafx/event/Event;)Ljavafx/event/Event;+11 javafx.base
J 2091 c1 com.sun.javafx.event.BasicEventDispatcher.dispatchEvent(Ljavafx/event/Event;Ljavafx/event/EventDispatchChain;)Ljavafx/event/Event; javafx.base (44 bytes) @ 0x0000021163271adc [0x0000021163271780+0x000000000000035c]
J 1811 c1 com.sun.javafx.event.EventDispatchChainImpl.dispatchEvent(Ljavafx/event/Event;)Ljavafx/event/Event; javafx.base (101 bytes) @ 0x00000211631ee624 [0x00000211631ee460+0x00000000000001c4]
J 2091 c1 com.sun.javafx.event.BasicEventDispatcher.dispatchEvent(Ljavafx/event/Event;Ljavafx/event/EventDispatchChain;)Ljavafx/event/Event; javafx.base (44 bytes) @ 0x00000211632719ec [0x0000021163271780+0x000000000000026c]
J 1811 c1 com.sun.javafx.event.EventDispatchChainImpl.dispatchEvent(Ljavafx/event/Event;)Ljavafx/event/Event; javafx.base (101 bytes) @ 0x00000211631ee624 [0x00000211631ee460+0x00000000000001c4]
J 2091 c1 com.sun.javafx.event.BasicEventDispatcher.dispatchEvent(Ljavafx/event/Event;Ljavafx/event/EventDispatchChain;)Ljavafx/event/Event; javafx.base (44 bytes) @ 0x00000211632719ec [0x0000021163271780+0x000000000000026c]
J 1811 c1 com.sun.javafx.event.EventDispatchChainImpl.dispatchEvent(Ljavafx/event/Event;)Ljavafx/event/Event; javafx.base (101 bytes) @ 0x00000211631ee624 [0x00000211631ee460+0x00000000000001c4]
j  com.sun.javafx.event.EventUtil.fireEventImpl(Ljavafx/event/EventDispatchChain;Ljavafx/event/EventTarget;Ljavafx/event/Event;)Ljavafx/event/Event;+10 javafx.base
j  com.sun.javafx.event.EventUtil.fireEvent(Ljavafx/event/EventTarget;Ljavafx/event/Event;)Ljavafx/event/Event;+46 javafx.base
j  javafx.event.Event.fireEvent(Ljavafx/event/EventTarget;Ljavafx/event/Event;)V+30 javafx.base
j  javafx.scene.Scene$MouseHandler.process(Ljavafx/scene/input/MouseEvent;Z)V+526 javafx.graphics
j  javafx.scene.Scene.processMouseEvent(Ljavafx/scene/input/MouseEvent;)V+6 javafx.graphics
j  javafx.scene.Scene$ScenePeerListener.mouseEvent(Ljavafx/event/EventType;DDDDLjavafx/scene/input/MouseButton;ZZZZZZZZZZZ)V+50 javafx.graphics
j  com.sun.javafx.tk.quantum.GlassViewEventHandler$MouseEventNotification.run()Ljava/lang/Void;+650 javafx.graphics
j  com.sun.javafx.tk.quantum.GlassViewEventHandler$MouseEventNotification.run()Ljava/lang/Object;+1 javafx.graphics
v  ~StubRoutines::call_stub
J 2080  java.security.AccessController.doPrivileged(Ljava/security/PrivilegedAction;Ljava/security/AccessControlContext;)Ljava/lang/Object; java.base@11.0.9.1 (0 bytes) @ 0x000002116a4ed3b6 [0x000002116a4ed340+0x0000000000000076]
j  com.sun.javafx.tk.quantum.GlassViewEventHandler.lambda$handleMouseEvent$2()Ljava/lang/Void;+11 javafx.graphics
j  com.sun.javafx.tk.quantum.GlassViewEventHandler$$Lambda$258.get()Ljava/lang/Object;+4 javafx.graphics
j  com.sun.javafx.tk.quantum.QuantumToolkit.runWithoutRenderLock(Ljava/util/function/Supplier;)Ljava/lang/Object;+18 javafx.graphics
j  com.sun.javafx.tk.quantum.GlassViewEventHandler.handleMouseEvent(Lcom/sun/glass/ui/View;JIIIIIIIZZ)V+103 javafx.graphics
j  com.sun.glass.ui.View.handleMouseEvent(JIIIIIIIZZ)V+30 javafx.graphics
j  com.sun.glass.ui.View.notifyMouse(IIIIIIIZZ)V+181 javafx.graphics
v  ~StubRoutines::call_stub
j  com.sun.glass.ui.win.WinApplication._runLoop(Ljava/lang/Runnable;)V+0 javafx.graphics
j  com.sun.glass.ui.win.WinApplication.lambda$runLoop$3(ILjava/lang/Runnable;)V+8 javafx.graphics
j  com.sun.glass.ui.win.WinApplication$$Lambda$88.run()V+12 javafx.graphics
j  java.lang.Thread.run()V+11 java.base@11.0.9.1
v  ~StubRoutines::call_stub

siginfo: EXCEPTION_ACCESS_VIOLATION (0xc0000005), reading address 0x000000000673eaf1


Register to memory mapping:

RIP=0x000000007110b5db points into unknown readable memory: 8b 38 85 ff 0f
RAX=0x000000000673eaf1 is an unknown value
RBX=0x000000e30ddfa950 is pointing into the stack for thread: 0x0000021100d4d000
RCX=0x00007ffff568f944 ntdll.dll
RDX=0x0 is NULL
RSP=0x000000e30ddfa8e0 is pointing into the stack for thread: 0x0000021100d4d000
RBP=0x000000e30ddfaa60 is pointing into the stack for thread: 0x0000021100d4d000
RSI=0x0000021100d4d340 points into unknown readable memory: 90 4c 9a d2 ff 7f 00 00
RDI=0x0000000000000b70 is an unknown value
R8 =0x000000e30ddfa7d8 is pointing into the stack for thread: 0x0000021100d4d000
R9 =0x000000e30ddfa8d0 is pointing into the stack for thread: 0x0000021100d4d000
R10=0x0 is NULL
R11=0x0000000000000246 is an unknown value
R12=0x000000e30ddfab20 is pointing into the stack for thread: 0x0000021100d4d000
R13=0x000002110168c890 points into unknown readable memory: 43 4f 4d 38 00 73 74 00
R14=0x000000e30ddfaa10 is pointing into the stack for thread: 0x0000021100d4d000
R15=0x0000021100d4d000 is a thread


Registers:
RAX=0x000000000673eaf1, RBX=0x000000e30ddfa950, RCX=0x00007ffff568f944, RDX=0x0000000000000000
RSP=0x000000e30ddfa8e0, RBP=0x000000e30ddfaa60, RSI=0x0000021100d4d340, RDI=0x0000000000000b70
R8 =0x000000e30ddfa7d8, R9 =0x000000e30ddfa8d0, R10=0x0000000000000000, R11=0x0000000000000246
R12=0x000000e30ddfab20, R13=0x000002110168c890, R14=0x000000e30ddfaa10, R15=0x0000021100d4d000
RIP=0x000000007110b5db, EFLAGS=0x0000000000010206

Top of Stack: (sp=0x000000e30ddfa8e0)
0x000000e30ddfa8e0:   000000e30ddfa908 00007fff00000000
0x000000e30ddfa8f0:   000000007110b230 00007ffff560267d
0x000000e30ddfa900:   000000e30ddfab20 0000000000000004
0x000000e30ddfa910:   0000021100d4d340 0000000000000b70
0x000000e30ddfa920:   000000e30ddfaa60 0000000071112590
0x000000e30ddfa930:   000000e30ddfa990 000000e300000000
0x000000e30ddfa940:   00000000c0000000 0000000000000000
0x000000e30ddfa950:   0000000000000b70 00007ffff16ee80c
0x000000e30ddfa960:   000000e30ddfaa10 000002110168c890
0x000000e30ddfa970:   000000e30ddfab20 0000000000000b70
0x000000e30ddfa980:   0000000071113500 0000000071113be8
0x000000e30ddfa990:   000000e30ddfa9c0 0000000071112641
0x000000e30ddfa9a0:   000000e30ddfa930 0000000000000000
0x000000e30ddfa9b0:   0000000000000000 0000000000000000
0x000000e30ddfa9c0:   000000e30ddfaa60 0000000071101595
0x000000e30ddfa9d0:   000000000000001c 0000021100000000 

Instructions: (pc=0x000000007110b5db)
0x000000007110b4db:   48 85 c0 74 bf 44 8b 03 45 85 c0 0f 84 77 ff ff
0x000000007110b4eb:   ff eb 9f 66 90 e8 8b fe ff ff 48 89 05 0c 34 01
0x000000007110b4fb:   00 eb ad 66 90 e8 7b fe ff ff 48 89 05 fc 33 01
0x000000007110b50b:   00 eb 8b e8 8d fe ff ff c7 03 01 00 00 00 e9 6f
0x000000007110b51b:   ff ff ff 66 90 55 48 89 e5 56 53 48 83 ec 20 48
0x000000007110b52b:   8b 05 d7 33 01 00 48 8b 31 48 89 cb 48 85 c0 74
0x000000007110b53b:   56 44 8b 18 45 85 db 78 42 48 8b 05 bd 33 01 00
0x000000007110b54b:   48 85 c0 74 50 44 8b 10 45 85 d2 74 1d 48 89 f1
0x000000007110b55b:   e8 d0 fd ff ff 48 8b 13 48 8d 42 40 48 8b 48 08
0x000000007110b56b:   48 8b 6a 40 48 8b 60 10 ff e1 48 8b 05 9c 33 01
0x000000007110b57b:   00 48 85 c0 74 2d 48 89 30 eb da e8 b5 fe ff ff
0x000000007110b58b:   0f 1f 44 00 00 eb b2 e8 e9 fd ff ff 48 89 05 6a
0x000000007110b59b:   33 01 00 eb 9c e8 db fd ff ff 48 89 05 5c 33 01
0x000000007110b5ab:   00 eb a2 e8 3d fd ff ff 48 89 05 5e 33 01 00 eb
0x000000007110b5bb:   c5 0f 1f 40 00 55 57 56 53 48 83 ec 28 48 8b 05
0x000000007110b5cb:   39 33 01 00 48 89 cb 48 85 c0 0f 84 c5 00 00 00
0x000000007110b5db:   8b 38 85 ff 0f 88 ab 00 00 00 48 8b 05 1c 33 01
0x000000007110b5eb:   00 48 85 c0 0f 84 bc 00 00 00 8b 30 85 f6 74 57
0x000000007110b5fb:   48 8b 05 0e 33 01 00 48 85 c0 0f 84 e5 00 00 00
0x000000007110b60b:   8b 28 48 8b 35 10 5e 01 00 ff d6 89 c7 89 e9 ff
0x000000007110b61b:   15 f4 5e 01 00 89 f9 48 89 c5 ff 15 b9 5e 01 00
0x000000007110b62b:   48 8b 05 de 32 01 00 48 89 2b 48 85 c0 74 46 48
0x000000007110b63b:   89 da 8b 08 ff 15 d7 5e 01 00 85 c0 74 27 48 83
0x000000007110b64b:   c4 28 5b 5e 5f 5d c3 48 8b 05 bf 32 01 00 48 85
0x000000007110b65b:   c0 74 64 48 8b 10 48 89 13 48 89 18 48 83 c4 28
0x000000007110b66b:   5b 5e 5f 5d c3 48 89 f2 48 83 c4 28 5b 5e 5f 5d
0x000000007110b67b:   48 ff e2 66 90 e8 8b fc ff ff 48 89 05 84 32 01
0x000000007110b68b:   00 eb ac 66 90 e8 ab fd ff ff e9 4b ff ff ff 66
0x000000007110b69b:   0f 1f 44 00 00 e8 db fc ff ff 48 89 05 5c 32 01
0x000000007110b6ab:   00 e9 2a ff ff ff e8 ca fc ff ff 48 89 05 4b 32
0x000000007110b6bb:   01 00 e9 33 ff ff ff e8 29 fc ff ff 48 89 05 4a
0x000000007110b6cb:   32 01 00 48 8b 10 48 85 c0 48 89 13 75 8b e8 12 


Stack slot to memory mapping:
stack at sp + 0 slots: 0x000000e30ddfa908 is pointing into the stack for thread: 0x0000021100d4d000
stack at sp + 1 slots: 0x00007fff00000000 is an unknown value
stack at sp + 2 slots: 0x000000007110b230 points into unknown readable memory: c7 01 ff ff ff ff c3 66
stack at sp + 3 slots: 0x00007ffff560267d ntdll.dll
stack at sp + 4 slots: 0x000000e30ddfab20 is pointing into the stack for thread: 0x0000021100d4d000
stack at sp + 5 slots: 0x0000000000000004 is an unknown value
stack at sp + 6 slots: 0x0000021100d4d340 points into unknown readable memory: 90 4c 9a d2 ff 7f 00 00
stack at sp + 7 slots: 0x0000000000000b70 is an unknown value


---------------  P R O C E S S  ---------------

Threads class SMR info:
_java_thread_list=0x0000021100d60be0, length=18, elements={
0x000002115ed32800, 0x000002117ebb5000, 0x000002117ebe1800, 0x000002117ec37800,
0x000002117ec39000, 0x000002117ec3b000, 0x000002117ec3e000, 0x000002117ec3f000,
0x000002117e2e7000, 0x0000021100285800, 0x0000021100044800, 0x0000021100a83800,
0x0000021100d4c000, 0x0000021100d4d000, 0x000002117f5a6800, 0x000002110147f800,
0x0000021100b41800, 0x0000021100b83000
}

Java Threads: ( => current thread )
  0x000002115ed32800 JavaThread "main" [_thread_blocked, id=35764, stack(0x000000e30c600000,0x000000e30c700000)]
  0x000002117ebb5000 JavaThread "Reference Handler" daemon [_thread_blocked, id=11376, stack(0x000000e30cd00000,0x000000e30ce00000)]
  0x000002117ebe1800 JavaThread "Finalizer" daemon [_thread_blocked, id=17476, stack(0x000000e30ce00000,0x000000e30cf00000)]
  0x000002117ec37800 JavaThread "Signal Dispatcher" daemon [_thread_blocked, id=36988, stack(0x000000e30cf00000,0x000000e30d000000)]
  0x000002117ec39000 JavaThread "Attach Listener" daemon [_thread_blocked, id=11932, stack(0x000000e30d000000,0x000000e30d100000)]
  0x000002117ec3b000 JavaThread "C2 CompilerThread0" daemon [_thread_blocked, id=24196, stack(0x000000e30d100000,0x000000e30d200000)]
  0x000002117ec3e000 JavaThread "C1 CompilerThread0" daemon [_thread_blocked, id=14416, stack(0x000000e30d200000,0x000000e30d300000)]
  0x000002117ec3f000 JavaThread "Sweeper thread" daemon [_thread_blocked, id=16908, stack(0x000000e30d300000,0x000000e30d400000)]
  0x000002117e2e7000 JavaThread "Common-Cleaner" daemon [_thread_blocked, id=33772, stack(0x000000e30d400000,0x000000e30d500000)]
  0x0000021100285800 JavaThread "Monitor Ctrl-Break" daemon [_thread_in_native, id=35444, stack(0x000000e30d700000,0x000000e30d800000)]
  0x0000021100044800 JavaThread "Service Thread" daemon [_thread_blocked, id=36916, stack(0x000000e30d800000,0x000000e30d900000)]
  0x0000021100a83800 JavaThread "QuantumRenderer-0" daemon [_thread_blocked, id=14912, stack(0x000000e30da00000,0x000000e30db00000)]
  0x0000021100d4c000 JavaThread "InvokeLaterDispatcher" daemon [_thread_blocked, id=37696, stack(0x000000e30dc00000,0x000000e30dd00000)]
=>0x0000021100d4d000 JavaThread "JavaFX Application Thread" [_thread_in_native, id=29316, stack(0x000000e30dd00000,0x000000e30de00000)]
  0x000002117f5a6800 JavaThread "JavaFX-Launcher" [_thread_blocked, id=35660, stack(0x000000e30df00000,0x000000e30e000000)]
  0x000002110147f800 JavaThread "Thread-2" daemon [_thread_in_native, id=33448, stack(0x000000e30d500000,0x000000e30d600000)]
  0x0000021100b41800 JavaThread "Prism Font Disposer" daemon [_thread_blocked, id=22672, stack(0x000000e30e800000,0x000000e30e900000)]
  0x0000021100b83000 JavaThread "Cleaner-0" daemon [_thread_blocked, id=18060, stack(0x000000e30e900000,0x000000e30ea00000)]

Other Threads:
  0x000002117ebb4000 VMThread "VM Thread" [stack: 0x000000e30cc00000,0x000000e30cd00000] [id=32936]
  0x0000021100125800 WatcherThread [stack: 0x000000e30d900000,0x000000e30da00000] [id=34092]
  0x000002115ed4c800 GCTaskThread "GC Thread#0" [stack: 0x000000e30c700000,0x000000e30c800000] [id=13176]
  0x00000211014cc800 GCTaskThread "GC Thread#1" [stack: 0x000000e30e000000,0x000000e30e100000] [id=24728]
  0x0000021100478800 GCTaskThread "GC Thread#2" [stack: 0x000000e30e100000,0x000000e30e200000] [id=14688]
  0x0000021100615800 GCTaskThread "GC Thread#3" [stack: 0x000000e30e200000,0x000000e30e300000] [id=13436]
  0x0000021100d69000 GCTaskThread "GC Thread#4" [stack: 0x000000e30e300000,0x000000e30e400000] [id=10296]
  0x00000211015f6800 GCTaskThread "GC Thread#5" [stack: 0x000000e30e400000,0x000000e30e500000] [id=6372]
  0x000002115edac800 ConcurrentGCThread "G1 Main Marker" [stack: 0x000000e30c800000,0x000000e30c900000] [id=27852]
  0x000002115edae000 ConcurrentGCThread "G1 Conc#0" [stack: 0x000000e30c900000,0x000000e30ca00000] [id=22084]
  0x0000021100c03800 ConcurrentGCThread "G1 Conc#1" [stack: 0x000000e30d600000,0x000000e30d700000] [id=13192]
  0x000002110090e800 ConcurrentGCThread "G1 Conc#2" [stack: 0x000000e30ea00000,0x000000e30eb00000] [id=23836]
  0x000002117e208800 ConcurrentGCThread "G1 Refine#0" [stack: 0x000000e30ca00000,0x000000e30cb00000] [id=2804]
  0x000002117e209800 ConcurrentGCThread "G1 Young RemSet Sampling" [stack: 0x000000e30cb00000,0x000000e30cc00000] [id=32084]

Threads with active compile tasks:

VM state:not at safepoint (normal execution)

VM Mutex/Monitor currently owned by a thread: None

Heap address: 0x0000000702400000, size: 4060 MB, Compressed Oops mode: Zero based, Oop shift amount: 3
Narrow klass base: 0x0000000800000000, Narrow klass shift: 0
Compressed class space size: 1073741824 Address: 0x0000000800000000

Heap:
 garbage-first heap   total 260096K, used 16292K [0x0000000702400000, 0x0000000800000000)
  region size 1024K, 15 young (15360K), 7 survivors (7168K)
 Metaspace       used 21550K, capacity 22264K, committed 22400K, reserved 1069056K
  class space    used 2596K, capacity 2881K, committed 2944K, reserved 1048576K
Heap Regions: E=young(eden), S=young(survivor), O=old, HS=humongous(starts), HC=humongous(continues), CS=collection set, F=free, A=archive, TAMS=top-at-mark-start (previous, next)
|   0|0x0000000702400000, 0x0000000702415800, 0x0000000702500000|  8%| O|  |TAMS 0x0000000702415800, 0x0000000702400000| Untracked 
|   1|0x0000000702500000, 0x0000000702600000, 0x0000000702600000|100%|HS|  |TAMS 0x0000000702600000, 0x0000000702500000| Complete 
|   2|0x0000000702600000, 0x0000000702700000, 0x0000000702700000|100%|HC|  |TAMS 0x0000000702700000, 0x0000000702600000| Complete 
|   3|0x0000000702700000, 0x0000000702700000, 0x0000000702800000|  0%| F|  |TAMS 0x0000000702700000, 0x0000000702700000| Untracked 
|   4|0x0000000702800000, 0x0000000702800000, 0x0000000702900000|  0%| F|  |TAMS 0x0000000702800000, 0x0000000702800000| Untracked 
|   5|0x0000000702900000, 0x0000000702900000, 0x0000000702a00000|  0%| F|  |TAMS 0x0000000702900000, 0x0000000702900000| Untracked 
|   6|0x0000000702a00000, 0x0000000702a00000, 0x0000000702b00000|  0%| F|  |TAMS 0x0000000702a00000, 0x0000000702a00000| Untracked 
|   7|0x0000000702b00000, 0x0000000702b00000, 0x0000000702c00000|  0%| F|  |TAMS 0x0000000702b00000, 0x0000000702b00000| Untracked 
|   8|0x0000000702c00000, 0x0000000702c00000, 0x0000000702d00000|  0%| F|  |TAMS 0x0000000702c00000, 0x0000000702c00000| Untracked 
|   9|0x0000000702d00000, 0x0000000702d00000, 0x0000000702e00000|  0%| F|  |TAMS 0x0000000702d00000, 0x0000000702d00000| Untracked 
|  10|0x0000000702e00000, 0x0000000702e00000, 0x0000000702f00000|  0%| F|  |TAMS 0x0000000702e00000, 0x0000000702e00000| Untracked 
|  11|0x0000000702f00000, 0x0000000702f00000, 0x0000000703000000|  0%| F|  |TAMS 0x0000000702f00000, 0x0000000702f00000| Untracked 
|  12|0x0000000703000000, 0x0000000703000000, 0x0000000703100000|  0%| F|  |TAMS 0x0000000703000000, 0x0000000703000000| Untracked 
|  13|0x0000000703100000, 0x0000000703100000, 0x0000000703200000|  0%| F|  |TAMS 0x0000000703100000, 0x0000000703100000| Untracked 
|  14|0x0000000703200000, 0x0000000703200000, 0x0000000703300000|  0%| F|  |TAMS 0x0000000703200000, 0x0000000703200000| Untracked 
|  15|0x0000000703300000, 0x0000000703300000, 0x0000000703400000|  0%| F|  |TAMS 0x0000000703300000, 0x0000000703300000| Untracked 
|  16|0x0000000703400000, 0x0000000703400000, 0x0000000703500000|  0%| F|  |TAMS 0x0000000703400000, 0x0000000703400000| Untracked 
|  17|0x0000000703500000, 0x0000000703500000, 0x0000000703600000|  0%| F|  |TAMS 0x0000000703500000, 0x0000000703500000| Untracked 
|  18|0x0000000703600000, 0x0000000703600000, 0x0000000703700000|  0%| F|  |TAMS 0x0000000703600000, 0x0000000703600000| Untracked 
|  19|0x0000000703700000, 0x0000000703700000, 0x0000000703800000|  0%| F|  |TAMS 0x0000000703700000, 0x0000000703700000| Untracked 
|  20|0x0000000703800000, 0x0000000703800000, 0x0000000703900000|  0%| F|  |TAMS 0x0000000703800000, 0x0000000703800000| Untracked 
|  21|0x0000000703900000, 0x0000000703900000, 0x0000000703a00000|  0%| F|  |TAMS 0x0000000703900000, 0x0000000703900000| Untracked 
|  22|0x0000000703a00000, 0x0000000703a00000, 0x0000000703b00000|  0%| F|  |TAMS 0x0000000703a00000, 0x0000000703a00000| Untracked 
|  23|0x0000000703b00000, 0x0000000703b00000, 0x0000000703c00000|  0%| F|  |TAMS 0x0000000703b00000, 0x0000000703b00000| Untracked 
|  24|0x0000000703c00000, 0x0000000703c00000, 0x0000000703d00000|  0%| F|  |TAMS 0x0000000703c00000, 0x0000000703c00000| Untracked 
|  25|0x0000000703d00000, 0x0000000703d00000, 0x0000000703e00000|  0%| F|  |TAMS 0x0000000703d00000, 0x0000000703d00000| Untracked 
|  26|0x0000000703e00000, 0x0000000703e00000, 0x0000000703f00000|  0%| F|  |TAMS 0x0000000703e00000, 0x0000000703e00000| Untracked 
|  27|0x0000000703f00000, 0x0000000703f00000, 0x0000000704000000|  0%| F|  |TAMS 0x0000000703f00000, 0x0000000703f00000| Untracked 
|  28|0x0000000704000000, 0x0000000704000000, 0x0000000704100000|  0%| F|  |TAMS 0x0000000704000000, 0x0000000704000000| Untracked 
|  29|0x0000000704100000, 0x0000000704100000, 0x0000000704200000|  0%| F|  |TAMS 0x0000000704100000, 0x0000000704100000| Untracked 
|  30|0x0000000704200000, 0x0000000704200000, 0x0000000704300000|  0%| F|  |TAMS 0x0000000704200000, 0x0000000704200000| Untracked 
|  31|0x0000000704300000, 0x0000000704300000, 0x0000000704400000|  0%| F|  |TAMS 0x0000000704300000, 0x0000000704300000| Untracked 
|  32|0x0000000704400000, 0x0000000704400000, 0x0000000704500000|  0%| F|  |TAMS 0x0000000704400000, 0x0000000704400000| Untracked 
|  33|0x0000000704500000, 0x0000000704500000, 0x0000000704600000|  0%| F|  |TAMS 0x0000000704500000, 0x0000000704500000| Untracked 
|  34|0x0000000704600000, 0x0000000704600000, 0x0000000704700000|  0%| F|  |TAMS 0x0000000704600000, 0x0000000704600000| Untracked 
|  35|0x0000000704700000, 0x0000000704700000, 0x0000000704800000|  0%| F|  |TAMS 0x0000000704700000, 0x0000000704700000| Untracked 
|  36|0x0000000704800000, 0x0000000704800000, 0x0000000704900000|  0%| F|  |TAMS 0x0000000704800000, 0x0000000704800000| Untracked 
|  37|0x0000000704900000, 0x0000000704900000, 0x0000000704a00000|  0%| F|  |TAMS 0x0000000704900000, 0x0000000704900000| Untracked 
|  38|0x0000000704a00000, 0x0000000704a00000, 0x0000000704b00000|  0%| F|  |TAMS 0x0000000704a00000, 0x0000000704a00000| Untracked 
|  39|0x0000000704b00000, 0x0000000704b00000, 0x0000000704c00000|  0%| F|  |TAMS 0x0000000704b00000, 0x0000000704b00000| Untracked 
|  40|0x0000000704c00000, 0x0000000704c00000, 0x0000000704d00000|  0%| F|  |TAMS 0x0000000704c00000, 0x0000000704c00000| Untracked 
|  41|0x0000000704d00000, 0x0000000704d00000, 0x0000000704e00000|  0%| F|  |TAMS 0x0000000704d00000, 0x0000000704d00000| Untracked 
|  42|0x0000000704e00000, 0x0000000704e00000, 0x0000000704f00000|  0%| F|  |TAMS 0x0000000704e00000, 0x0000000704e00000| Untracked 
|  43|0x0000000704f00000, 0x0000000704f00000, 0x0000000705000000|  0%| F|  |TAMS 0x0000000704f00000, 0x0000000704f00000| Untracked 
|  44|0x0000000705000000, 0x0000000705000000, 0x0000000705100000|  0%| F|  |TAMS 0x0000000705000000, 0x0000000705000000| Untracked 
|  45|0x0000000705100000, 0x0000000705100000, 0x0000000705200000|  0%| F|  |TAMS 0x0000000705100000, 0x0000000705100000| Untracked 
|  46|0x0000000705200000, 0x0000000705200000, 0x0000000705300000|  0%| F|  |TAMS 0x0000000705200000, 0x0000000705200000| Untracked 
|  47|0x0000000705300000, 0x0000000705300000, 0x0000000705400000|  0%| F|  |TAMS 0x0000000705300000, 0x0000000705300000| Untracked 
|  48|0x0000000705400000, 0x0000000705400000, 0x0000000705500000|  0%| F|  |TAMS 0x0000000705400000, 0x0000000705400000| Untracked 
|  49|0x0000000705500000, 0x0000000705500000, 0x0000000705600000|  0%| F|  |TAMS 0x0000000705500000, 0x0000000705500000| Untracked 
|  50|0x0000000705600000, 0x0000000705600000, 0x0000000705700000|  0%| F|  |TAMS 0x0000000705600000, 0x0000000705600000| Untracked 
|  51|0x0000000705700000, 0x0000000705700000, 0x0000000705800000|  0%| F|  |TAMS 0x0000000705700000, 0x0000000705700000| Untracked 
|  52|0x0000000705800000, 0x0000000705800000, 0x0000000705900000|  0%| F|  |TAMS 0x0000000705800000, 0x0000000705800000| Untracked 
|  53|0x0000000705900000, 0x0000000705900000, 0x0000000705a00000|  0%| F|  |TAMS 0x0000000705900000, 0x0000000705900000| Untracked 
|  54|0x0000000705a00000, 0x0000000705a00000, 0x0000000705b00000|  0%| F|  |TAMS 0x0000000705a00000, 0x0000000705a00000| Untracked 
|  55|0x0000000705b00000, 0x0000000705b00000, 0x0000000705c00000|  0%| F|  |TAMS 0x0000000705b00000, 0x0000000705b00000| Untracked 
|  56|0x0000000705c00000, 0x0000000705c00000, 0x0000000705d00000|  0%| F|  |TAMS 0x0000000705c00000, 0x0000000705c00000| Untracked 
|  57|0x0000000705d00000, 0x0000000705d00000, 0x0000000705e00000|  0%| F|  |TAMS 0x0000000705d00000, 0x0000000705d00000| Untracked 
|  58|0x0000000705e00000, 0x0000000705e00000, 0x0000000705f00000|  0%| F|  |TAMS 0x0000000705e00000, 0x0000000705e00000| Untracked 
|  59|0x0000000705f00000, 0x0000000705f00000, 0x0000000706000000|  0%| F|  |TAMS 0x0000000705f00000, 0x0000000705f00000| Untracked 
|  60|0x0000000706000000, 0x0000000706000000, 0x0000000706100000|  0%| F|  |TAMS 0x0000000706000000, 0x0000000706000000| Untracked 
|  61|0x0000000706100000, 0x0000000706100000, 0x0000000706200000|  0%| F|  |TAMS 0x0000000706100000, 0x0000000706100000| Untracked 
|  62|0x0000000706200000, 0x0000000706200000, 0x0000000706300000|  0%| F|  |TAMS 0x0000000706200000, 0x0000000706200000| Untracked 
|  63|0x0000000706300000, 0x0000000706300000, 0x0000000706400000|  0%| F|  |TAMS 0x0000000706300000, 0x0000000706300000| Untracked 
|  64|0x0000000706400000, 0x0000000706400000, 0x0000000706500000|  0%| F|  |TAMS 0x0000000706400000, 0x0000000706400000| Untracked 
|  65|0x0000000706500000, 0x0000000706500000, 0x0000000706600000|  0%| F|  |TAMS 0x0000000706500000, 0x0000000706500000| Untracked 
|  66|0x0000000706600000, 0x0000000706600000, 0x0000000706700000|  0%| F|  |TAMS 0x0000000706600000, 0x0000000706600000| Untracked 
|  67|0x0000000706700000, 0x0000000706700000, 0x0000000706800000|  0%| F|  |TAMS 0x0000000706700000, 0x0000000706700000| Untracked 
|  68|0x0000000706800000, 0x0000000706800000, 0x0000000706900000|  0%| F|  |TAMS 0x0000000706800000, 0x0000000706800000| Untracked 
|  69|0x0000000706900000, 0x0000000706900000, 0x0000000706a00000|  0%| F|  |TAMS 0x0000000706900000, 0x0000000706900000| Untracked 
|  70|0x0000000706a00000, 0x0000000706a00000, 0x0000000706b00000|  0%| F|  |TAMS 0x0000000706a00000, 0x0000000706a00000| Untracked 
|  71|0x0000000706b00000, 0x0000000706b00000, 0x0000000706c00000|  0%| F|  |TAMS 0x0000000706b00000, 0x0000000706b00000| Untracked 
|  72|0x0000000706c00000, 0x0000000706c00000, 0x0000000706d00000|  0%| F|  |TAMS 0x0000000706c00000, 0x0000000706c00000| Untracked 
|  73|0x0000000706d00000, 0x0000000706d00000, 0x0000000706e00000|  0%| F|  |TAMS 0x0000000706d00000, 0x0000000706d00000| Untracked 
|  74|0x0000000706e00000, 0x0000000706e00000, 0x0000000706f00000|  0%| F|  |TAMS 0x0000000706e00000, 0x0000000706e00000| Untracked 
|  75|0x0000000706f00000, 0x0000000706f00000, 0x0000000707000000|  0%| F|  |TAMS 0x0000000706f00000, 0x0000000706f00000| Untracked 
|  76|0x0000000707000000, 0x0000000707000000, 0x0000000707100000|  0%| F|  |TAMS 0x0000000707000000, 0x0000000707000000| Untracked 
|  77|0x0000000707100000, 0x0000000707100000, 0x0000000707200000|  0%| F|  |TAMS 0x0000000707100000, 0x0000000707100000| Untracked 
|  78|0x0000000707200000, 0x0000000707200000, 0x0000000707300000|  0%| F|  |TAMS 0x0000000707200000, 0x0000000707200000| Untracked 
|  79|0x0000000707300000, 0x0000000707300000, 0x0000000707400000|  0%| F|  |TAMS 0x0000000707300000, 0x0000000707300000| Untracked 
|  80|0x0000000707400000, 0x0000000707400000, 0x0000000707500000|  0%| F|  |TAMS 0x0000000707400000, 0x0000000707400000| Untracked 
|  81|0x0000000707500000, 0x0000000707500000, 0x0000000707600000|  0%| F|  |TAMS 0x0000000707500000, 0x0000000707500000| Untracked 
|  82|0x0000000707600000, 0x0000000707600000, 0x0000000707700000|  0%| F|  |TAMS 0x0000000707600000, 0x0000000707600000| Untracked 
|  83|0x0000000707700000, 0x0000000707700000, 0x0000000707800000|  0%| F|  |TAMS 0x0000000707700000, 0x0000000707700000| Untracked 
|  84|0x0000000707800000, 0x0000000707800000, 0x0000000707900000|  0%| F|  |TAMS 0x0000000707800000, 0x0000000707800000| Untracked 
|  85|0x0000000707900000, 0x0000000707900000, 0x0000000707a00000|  0%| F|  |TAMS 0x0000000707900000, 0x0000000707900000| Untracked 
|  86|0x0000000707a00000, 0x0000000707a00000, 0x0000000707b00000|  0%| F|  |TAMS 0x0000000707a00000, 0x0000000707a00000| Untracked 
|  87|0x0000000707b00000, 0x0000000707b00000, 0x0000000707c00000|  0%| F|  |TAMS 0x0000000707b00000, 0x0000000707b00000| Untracked 
|  88|0x0000000707c00000, 0x0000000707c00000, 0x0000000707d00000|  0%| F|  |TAMS 0x0000000707c00000, 0x0000000707c00000| Untracked 
|  89|0x0000000707d00000, 0x0000000707d00000, 0x0000000707e00000|  0%| F|  |TAMS 0x0000000707d00000, 0x0000000707d00000| Untracked 
|  90|0x0000000707e00000, 0x0000000707e00000, 0x0000000707f00000|  0%| F|  |TAMS 0x0000000707e00000, 0x0000000707e00000| Untracked 
|  91|0x0000000707f00000, 0x0000000707f00000, 0x0000000708000000|  0%| F|  |TAMS 0x0000000707f00000, 0x0000000707f00000| Untracked 
|  92|0x0000000708000000, 0x0000000708000000, 0x0000000708100000|  0%| F|  |TAMS 0x0000000708000000, 0x0000000708000000| Untracked 
|  93|0x0000000708100000, 0x0000000708100000, 0x0000000708200000|  0%| F|  |TAMS 0x0000000708100000, 0x0000000708100000| Untracked 
|  94|0x0000000708200000, 0x0000000708200000, 0x0000000708300000|  0%| F|  |TAMS 0x0000000708200000, 0x0000000708200000| Untracked 
|  95|0x0000000708300000, 0x0000000708300000, 0x0000000708400000|  0%| F|  |TAMS 0x0000000708300000, 0x0000000708300000| Untracked 
|  96|0x0000000708400000, 0x0000000708400000, 0x0000000708500000|  0%| F|  |TAMS 0x0000000708400000, 0x0000000708400000| Untracked 
|  97|0x0000000708500000, 0x0000000708500000, 0x0000000708600000|  0%| F|  |TAMS 0x0000000708500000, 0x0000000708500000| Untracked 
|  98|0x0000000708600000, 0x0000000708600000, 0x0000000708700000|  0%| F|  |TAMS 0x0000000708600000, 0x0000000708600000| Untracked 
|  99|0x0000000708700000, 0x0000000708700000, 0x0000000708800000|  0%| F|  |TAMS 0x0000000708700000, 0x0000000708700000| Untracked 
| 100|0x0000000708800000, 0x0000000708800000, 0x0000000708900000|  0%| F|  |TAMS 0x0000000708800000, 0x0000000708800000| Untracked 
| 101|0x0000000708900000, 0x0000000708900000, 0x0000000708a00000|  0%| F|  |TAMS 0x0000000708900000, 0x0000000708900000| Untracked 
| 102|0x0000000708a00000, 0x0000000708a00000, 0x0000000708b00000|  0%| F|  |TAMS 0x0000000708a00000, 0x0000000708a00000| Untracked 
| 103|0x0000000708b00000, 0x0000000708b00000, 0x0000000708c00000|  0%| F|  |TAMS 0x0000000708b00000, 0x0000000708b00000| Untracked 
| 104|0x0000000708c00000, 0x0000000708c00000, 0x0000000708d00000|  0%| F|  |TAMS 0x0000000708c00000, 0x0000000708c00000| Untracked 
| 105|0x0000000708d00000, 0x0000000708d00000, 0x0000000708e00000|  0%| F|  |TAMS 0x0000000708d00000, 0x0000000708d00000| Untracked 
| 106|0x0000000708e00000, 0x0000000708e00000, 0x0000000708f00000|  0%| F|  |TAMS 0x0000000708e00000, 0x0000000708e00000| Untracked 
| 107|0x0000000708f00000, 0x0000000708f00000, 0x0000000709000000|  0%| F|  |TAMS 0x0000000708f00000, 0x0000000708f00000| Untracked 
| 108|0x0000000709000000, 0x0000000709000000, 0x0000000709100000|  0%| F|  |TAMS 0x0000000709000000, 0x0000000709000000| Untracked 
| 109|0x0000000709100000, 0x0000000709100000, 0x0000000709200000|  0%| F|  |TAMS 0x0000000709100000, 0x0000000709100000| Untracked 
| 110|0x0000000709200000, 0x0000000709200000, 0x0000000709300000|  0%| F|  |TAMS 0x0000000709200000, 0x0000000709200000| Untracked 
| 111|0x0000000709300000, 0x0000000709300000, 0x0000000709400000|  0%| F|  |TAMS 0x0000000709300000, 0x0000000709300000| Untracked 
| 112|0x0000000709400000, 0x0000000709400000, 0x0000000709500000|  0%| F|  |TAMS 0x0000000709400000, 0x0000000709400000| Untracked 
| 113|0x0000000709500000, 0x0000000709500000, 0x0000000709600000|  0%| F|  |TAMS 0x0000000709500000, 0x0000000709500000| Untracked 
| 114|0x0000000709600000, 0x0000000709600000, 0x0000000709700000|  0%| F|  |TAMS 0x0000000709600000, 0x0000000709600000| Untracked 
| 115|0x0000000709700000, 0x0000000709700000, 0x0000000709800000|  0%| F|  |TAMS 0x0000000709700000, 0x0000000709700000| Untracked 
| 116|0x0000000709800000, 0x0000000709800000, 0x0000000709900000|  0%| F|  |TAMS 0x0000000709800000, 0x0000000709800000| Untracked 
| 117|0x0000000709900000, 0x0000000709900000, 0x0000000709a00000|  0%| F|  |TAMS 0x0000000709900000, 0x0000000709900000| Untracked 
| 118|0x0000000709a00000, 0x0000000709a00000, 0x0000000709b00000|  0%| F|  |TAMS 0x0000000709a00000, 0x0000000709a00000| Untracked 
| 119|0x0000000709b00000, 0x0000000709b00000, 0x0000000709c00000|  0%| F|  |TAMS 0x0000000709b00000, 0x0000000709b00000| Untracked 
| 120|0x0000000709c00000, 0x0000000709c00000, 0x0000000709d00000|  0%| F|  |TAMS 0x0000000709c00000, 0x0000000709c00000| Untracked 
| 121|0x0000000709d00000, 0x0000000709d00000, 0x0000000709e00000|  0%| F|  |TAMS 0x0000000709d00000, 0x0000000709d00000| Untracked 
| 122|0x0000000709e00000, 0x0000000709e00000, 0x0000000709f00000|  0%| F|  |TAMS 0x0000000709e00000, 0x0000000709e00000| Untracked 
| 123|0x0000000709f00000, 0x0000000709f00000, 0x000000070a000000|  0%| F|  |TAMS 0x0000000709f00000, 0x0000000709f00000| Untracked 
| 124|0x000000070a000000, 0x000000070a000000, 0x000000070a100000|  0%| F|  |TAMS 0x000000070a000000, 0x000000070a000000| Untracked 
| 125|0x000000070a100000, 0x000000070a100000, 0x000000070a200000|  0%| F|  |TAMS 0x000000070a100000, 0x000000070a100000| Untracked 
| 126|0x000000070a200000, 0x000000070a200000, 0x000000070a300000|  0%| F|  |TAMS 0x000000070a200000, 0x000000070a200000| Untracked 
| 127|0x000000070a300000, 0x000000070a300000, 0x000000070a400000|  0%| F|  |TAMS 0x000000070a300000, 0x000000070a300000| Untracked 
| 128|0x000000070a400000, 0x000000070a400000, 0x000000070a500000|  0%| F|  |TAMS 0x000000070a400000, 0x000000070a400000| Untracked 
| 129|0x000000070a500000, 0x000000070a500000, 0x000000070a600000|  0%| F|  |TAMS 0x000000070a500000, 0x000000070a500000| Untracked 
| 130|0x000000070a600000, 0x000000070a600000, 0x000000070a700000|  0%| F|  |TAMS 0x000000070a600000, 0x000000070a600000| Untracked 
| 131|0x000000070a700000, 0x000000070a700000, 0x000000070a800000|  0%| F|  |TAMS 0x000000070a700000, 0x000000070a700000| Untracked 
| 132|0x000000070a800000, 0x000000070a800000, 0x000000070a900000|  0%| F|  |TAMS 0x000000070a800000, 0x000000070a800000| Untracked 
| 133|0x000000070a900000, 0x000000070a900000, 0x000000070aa00000|  0%| F|  |TAMS 0x000000070a900000, 0x000000070a900000| Untracked 
| 134|0x000000070aa00000, 0x000000070aa00000, 0x000000070ab00000|  0%| F|  |TAMS 0x000000070aa00000, 0x000000070aa00000| Untracked 
| 135|0x000000070ab00000, 0x000000070ab00000, 0x000000070ac00000|  0%| F|  |TAMS 0x000000070ab00000, 0x000000070ab00000| Untracked 
| 136|0x000000070ac00000, 0x000000070ac00000, 0x000000070ad00000|  0%| F|  |TAMS 0x000000070ac00000, 0x000000070ac00000| Untracked 
| 137|0x000000070ad00000, 0x000000070ad00000, 0x000000070ae00000|  0%| F|  |TAMS 0x000000070ad00000, 0x000000070ad00000| Untracked 
| 138|0x000000070ae00000, 0x000000070ae00000, 0x000000070af00000|  0%| F|  |TAMS 0x000000070ae00000, 0x000000070ae00000| Untracked 
| 139|0x000000070af00000, 0x000000070af00000, 0x000000070b000000|  0%| F|  |TAMS 0x000000070af00000, 0x000000070af00000| Untracked 
| 140|0x000000070b000000, 0x000000070b000000, 0x000000070b100000|  0%| F|  |TAMS 0x000000070b000000, 0x000000070b000000| Untracked 
| 141|0x000000070b100000, 0x000000070b100000, 0x000000070b200000|  0%| F|  |TAMS 0x000000070b100000, 0x000000070b100000| Untracked 
| 142|0x000000070b200000, 0x000000070b200000, 0x000000070b300000|  0%| F|  |TAMS 0x000000070b200000, 0x000000070b200000| Untracked 
| 143|0x000000070b300000, 0x000000070b300000, 0x000000070b400000|  0%| F|  |TAMS 0x000000070b300000, 0x000000070b300000| Untracked 
| 144|0x000000070b400000, 0x000000070b400000, 0x000000070b500000|  0%| F|  |TAMS 0x000000070b400000, 0x000000070b400000| Untracked 
| 145|0x000000070b500000, 0x000000070b500000, 0x000000070b600000|  0%| F|  |TAMS 0x000000070b500000, 0x000000070b500000| Untracked 
| 146|0x000000070b600000, 0x000000070b600000, 0x000000070b700000|  0%| F|  |TAMS 0x000000070b600000, 0x000000070b600000| Untracked 
| 147|0x000000070b700000, 0x000000070b700000, 0x000000070b800000|  0%| F|  |TAMS 0x000000070b700000, 0x000000070b700000| Untracked 
| 148|0x000000070b800000, 0x000000070b800000, 0x000000070b900000|  0%| F|  |TAMS 0x000000070b800000, 0x000000070b800000| Untracked 
| 149|0x000000070b900000, 0x000000070b900000, 0x000000070ba00000|  0%| F|  |TAMS 0x000000070b900000, 0x000000070b900000| Untracked 
| 150|0x000000070ba00000, 0x000000070ba00000, 0x000000070bb00000|  0%| F|  |TAMS 0x000000070ba00000, 0x000000070ba00000| Untracked 
| 151|0x000000070bb00000, 0x000000070bb00000, 0x000000070bc00000|  0%| F|  |TAMS 0x000000070bb00000, 0x000000070bb00000| Untracked 
| 152|0x000000070bc00000, 0x000000070bc00000, 0x000000070bd00000|  0%| F|  |TAMS 0x000000070bc00000, 0x000000070bc00000| Untracked 
| 153|0x000000070bd00000, 0x000000070bd00000, 0x000000070be00000|  0%| F|  |TAMS 0x000000070bd00000, 0x000000070bd00000| Untracked 
| 154|0x000000070be00000, 0x000000070be00000, 0x000000070bf00000|  0%| F|  |TAMS 0x000000070be00000, 0x000000070be00000| Untracked 
| 155|0x000000070bf00000, 0x000000070bf00000, 0x000000070c000000|  0%| F|  |TAMS 0x000000070bf00000, 0x000000070bf00000| Untracked 
| 156|0x000000070c000000, 0x000000070c000000, 0x000000070c100000|  0%| F|  |TAMS 0x000000070c000000, 0x000000070c000000| Untracked 
| 157|0x000000070c100000, 0x000000070c100000, 0x000000070c200000|  0%| F|  |TAMS 0x000000070c100000, 0x000000070c100000| Untracked 
| 158|0x000000070c200000, 0x000000070c200000, 0x000000070c300000|  0%| F|  |TAMS 0x000000070c200000, 0x000000070c200000| Untracked 
| 159|0x000000070c300000, 0x000000070c300000, 0x000000070c400000|  0%| F|  |TAMS 0x000000070c300000, 0x000000070c300000| Untracked 
| 160|0x000000070c400000, 0x000000070c400000, 0x000000070c500000|  0%| F|  |TAMS 0x000000070c400000, 0x000000070c400000| Untracked 
| 161|0x000000070c500000, 0x000000070c500000, 0x000000070c600000|  0%| F|  |TAMS 0x000000070c500000, 0x000000070c500000| Untracked 
| 162|0x000000070c600000, 0x000000070c600000, 0x000000070c700000|  0%| F|  |TAMS 0x000000070c600000, 0x000000070c600000| Untracked 
| 163|0x000000070c700000, 0x000000070c700000, 0x000000070c800000|  0%| F|  |TAMS 0x000000070c700000, 0x000000070c700000| Untracked 
| 164|0x000000070c800000, 0x000000070c800000, 0x000000070c900000|  0%| F|  |TAMS 0x000000070c800000, 0x000000070c800000| Untracked 
| 165|0x000000070c900000, 0x000000070c900000, 0x000000070ca00000|  0%| F|  |TAMS 0x000000070c900000, 0x000000070c900000| Untracked 
| 166|0x000000070ca00000, 0x000000070ca00000, 0x000000070cb00000|  0%| F|  |TAMS 0x000000070ca00000, 0x000000070ca00000| Untracked 
| 167|0x000000070cb00000, 0x000000070cb00000, 0x000000070cc00000|  0%| F|  |TAMS 0x000000070cb00000, 0x000000070cb00000| Untracked 
| 168|0x000000070cc00000, 0x000000070cc00000, 0x000000070cd00000|  0%| F|  |TAMS 0x000000070cc00000, 0x000000070cc00000| Untracked 
| 169|0x000000070cd00000, 0x000000070cd00000, 0x000000070ce00000|  0%| F|  |TAMS 0x000000070cd00000, 0x000000070cd00000| Untracked 
| 170|0x000000070ce00000, 0x000000070ce00000, 0x000000070cf00000|  0%| F|  |TAMS 0x000000070ce00000, 0x000000070ce00000| Untracked 
| 171|0x000000070cf00000, 0x000000070cf00000, 0x000000070d000000|  0%| F|  |TAMS 0x000000070cf00000, 0x000000070cf00000| Untracked 
| 172|0x000000070d000000, 0x000000070d000000, 0x000000070d100000|  0%| F|  |TAMS 0x000000070d000000, 0x000000070d000000| Untracked 
| 173|0x000000070d100000, 0x000000070d100000, 0x000000070d200000|  0%| F|  |TAMS 0x000000070d100000, 0x000000070d100000| Untracked 
| 174|0x000000070d200000, 0x000000070d200000, 0x000000070d300000|  0%| F|  |TAMS 0x000000070d200000, 0x000000070d200000| Untracked 
| 175|0x000000070d300000, 0x000000070d300000, 0x000000070d400000|  0%| F|  |TAMS 0x000000070d300000, 0x000000070d300000| Untracked 
| 176|0x000000070d400000, 0x000000070d400000, 0x000000070d500000|  0%| F|  |TAMS 0x000000070d400000, 0x000000070d400000| Untracked 
| 177|0x000000070d500000, 0x000000070d500000, 0x000000070d600000|  0%| F|  |TAMS 0x000000070d500000, 0x000000070d500000| Untracked 
| 178|0x000000070d600000, 0x000000070d600000, 0x000000070d700000|  0%| F|  |TAMS 0x000000070d600000, 0x000000070d600000| Untracked 
| 179|0x000000070d700000, 0x000000070d700000, 0x000000070d800000|  0%| F|  |TAMS 0x000000070d700000, 0x000000070d700000| Untracked 
| 180|0x000000070d800000, 0x000000070d800000, 0x000000070d900000|  0%| F|  |TAMS 0x000000070d800000, 0x000000070d800000| Untracked 
| 181|0x000000070d900000, 0x000000070d900000, 0x000000070da00000|  0%| F|  |TAMS 0x000000070d900000, 0x000000070d900000| Untracked 
| 182|0x000000070da00000, 0x000000070da00000, 0x000000070db00000|  0%| F|  |TAMS 0x000000070da00000, 0x000000070da00000| Untracked 
| 183|0x000000070db00000, 0x000000070db00000, 0x000000070dc00000|  0%| F|  |TAMS 0x000000070db00000, 0x000000070db00000| Untracked 
| 184|0x000000070dc00000, 0x000000070dc00000, 0x000000070dd00000|  0%| F|  |TAMS 0x000000070dc00000, 0x000000070dc00000| Untracked 
| 185|0x000000070dd00000, 0x000000070dd00000, 0x000000070de00000|  0%| F|  |TAMS 0x000000070dd00000, 0x000000070dd00000| Untracked 
| 186|0x000000070de00000, 0x000000070de00000, 0x000000070df00000|  0%| F|  |TAMS 0x000000070de00000, 0x000000070de00000| Untracked 
| 187|0x000000070df00000, 0x000000070df00000, 0x000000070e000000|  0%| F|  |TAMS 0x000000070df00000, 0x000000070df00000| Untracked 
| 188|0x000000070e000000, 0x000000070e000000, 0x000000070e100000|  0%| F|  |TAMS 0x000000070e000000, 0x000000070e000000| Untracked 
| 189|0x000000070e100000, 0x000000070e100000, 0x000000070e200000|  0%| F|  |TAMS 0x000000070e100000, 0x000000070e100000| Untracked 
| 190|0x000000070e200000, 0x000000070e200000, 0x000000070e300000|  0%| F|  |TAMS 0x000000070e200000, 0x000000070e200000| Untracked 
| 191|0x000000070e300000, 0x000000070e300000, 0x000000070e400000|  0%| F|  |TAMS 0x000000070e300000, 0x000000070e300000| Untracked 
| 192|0x000000070e400000, 0x000000070e400000, 0x000000070e500000|  0%| F|  |TAMS 0x000000070e400000, 0x000000070e400000| Untracked 
| 193|0x000000070e500000, 0x000000070e500000, 0x000000070e600000|  0%| F|  |TAMS 0x000000070e500000, 0x000000070e500000| Untracked 
| 194|0x000000070e600000, 0x000000070e600000, 0x000000070e700000|  0%| F|  |TAMS 0x000000070e600000, 0x000000070e600000| Untracked 
| 195|0x000000070e700000, 0x000000070e700000, 0x000000070e800000|  0%| F|  |TAMS 0x000000070e700000, 0x000000070e700000| Untracked 
| 196|0x000000070e800000, 0x000000070e800000, 0x000000070e900000|  0%| F|  |TAMS 0x000000070e800000, 0x000000070e800000| Untracked 
| 197|0x000000070e900000, 0x000000070e900000, 0x000000070ea00000|  0%| F|  |TAMS 0x000000070e900000, 0x000000070e900000| Untracked 
| 198|0x000000070ea00000, 0x000000070ea00000, 0x000000070eb00000|  0%| F|  |TAMS 0x000000070ea00000, 0x000000070ea00000| Untracked 
| 199|0x000000070eb00000, 0x000000070eb00000, 0x000000070ec00000|  0%| F|  |TAMS 0x000000070eb00000, 0x000000070eb00000| Untracked 
| 200|0x000000070ec00000, 0x000000070ec00000, 0x000000070ed00000|  0%| F|  |TAMS 0x000000070ec00000, 0x000000070ec00000| Untracked 
| 201|0x000000070ed00000, 0x000000070ed00000, 0x000000070ee00000|  0%| F|  |TAMS 0x000000070ed00000, 0x000000070ed00000| Untracked 
| 202|0x000000070ee00000, 0x000000070ee00000, 0x000000070ef00000|  0%| F|  |TAMS 0x000000070ee00000, 0x000000070ee00000| Untracked 
| 203|0x000000070ef00000, 0x000000070ef00000, 0x000000070f000000|  0%| F|  |TAMS 0x000000070ef00000, 0x000000070ef00000| Untracked 
| 204|0x000000070f000000, 0x000000070f000000, 0x000000070f100000|  0%| F|  |TAMS 0x000000070f000000, 0x000000070f000000| Untracked 
| 205|0x000000070f100000, 0x000000070f100000, 0x000000070f200000|  0%| F|  |TAMS 0x000000070f100000, 0x000000070f100000| Untracked 
| 206|0x000000070f200000, 0x000000070f200000, 0x000000070f300000|  0%| F|  |TAMS 0x000000070f200000, 0x000000070f200000| Untracked 
| 207|0x000000070f300000, 0x000000070f300000, 0x000000070f400000|  0%| F|  |TAMS 0x000000070f300000, 0x000000070f300000| Untracked 
| 208|0x000000070f400000, 0x000000070f400000, 0x000000070f500000|  0%| F|  |TAMS 0x000000070f400000, 0x000000070f400000| Untracked 
| 209|0x000000070f500000, 0x000000070f500000, 0x000000070f600000|  0%| F|  |TAMS 0x000000070f500000, 0x000000070f500000| Untracked 
| 210|0x000000070f600000, 0x000000070f600000, 0x000000070f700000|  0%| F|  |TAMS 0x000000070f600000, 0x000000070f600000| Untracked 
| 211|0x000000070f700000, 0x000000070f700000, 0x000000070f800000|  0%| F|  |TAMS 0x000000070f700000, 0x000000070f700000| Untracked 
| 212|0x000000070f800000, 0x000000070f800000, 0x000000070f900000|  0%| F|  |TAMS 0x000000070f800000, 0x000000070f800000| Untracked 
| 213|0x000000070f900000, 0x000000070f900000, 0x000000070fa00000|  0%| F|  |TAMS 0x000000070f900000, 0x000000070f900000| Untracked 
| 214|0x000000070fa00000, 0x000000070fa00000, 0x000000070fb00000|  0%| F|  |TAMS 0x000000070fa00000, 0x000000070fa00000| Untracked 
| 215|0x000000070fb00000, 0x000000070fb00000, 0x000000070fc00000|  0%| F|  |TAMS 0x000000070fb00000, 0x000000070fb00000| Untracked 
| 216|0x000000070fc00000, 0x000000070fcd3a00, 0x000000070fd00000| 82%| S|CS|TAMS 0x000000070fc00000, 0x000000070fc00000| Complete 
| 217|0x000000070fd00000, 0x000000070fe00000, 0x000000070fe00000|100%| S|CS|TAMS 0x000000070fd00000, 0x000000070fd00000| Complete 
| 218|0x000000070fe00000, 0x000000070ff00000, 0x000000070ff00000|100%| S|CS|TAMS 0x000000070fe00000, 0x000000070fe00000| Complete 
| 219|0x000000070ff00000, 0x0000000710000000, 0x0000000710000000|100%| S|CS|TAMS 0x000000070ff00000, 0x000000070ff00000| Complete 
| 220|0x0000000710000000, 0x0000000710100000, 0x0000000710100000|100%| S|CS|TAMS 0x0000000710000000, 0x0000000710000000| Complete 
| 221|0x0000000710100000, 0x0000000710200000, 0x0000000710200000|100%| S|CS|TAMS 0x0000000710100000, 0x0000000710100000| Complete 
| 222|0x0000000710200000, 0x0000000710300000, 0x0000000710300000|100%| S|CS|TAMS 0x0000000710200000, 0x0000000710200000| Complete 
| 223|0x0000000710300000, 0x0000000710300000, 0x0000000710400000|  0%| F|  |TAMS 0x0000000710300000, 0x0000000710300000| Untracked 
| 224|0x0000000710400000, 0x0000000710400000, 0x0000000710500000|  0%| F|  |TAMS 0x0000000710400000, 0x0000000710400000| Untracked 
| 225|0x0000000710500000, 0x0000000710500000, 0x0000000710600000|  0%| F|  |TAMS 0x0000000710500000, 0x0000000710500000| Untracked 
| 226|0x0000000710600000, 0x0000000710600000, 0x0000000710700000|  0%| F|  |TAMS 0x0000000710600000, 0x0000000710600000| Untracked 
| 227|0x0000000710700000, 0x0000000710700000, 0x0000000710800000|  0%| F|  |TAMS 0x0000000710700000, 0x0000000710700000| Untracked 
| 228|0x0000000710800000, 0x0000000710800000, 0x0000000710900000|  0%| F|  |TAMS 0x0000000710800000, 0x0000000710800000| Untracked 
| 229|0x0000000710900000, 0x0000000710900000, 0x0000000710a00000|  0%| F|  |TAMS 0x0000000710900000, 0x0000000710900000| Untracked 
| 230|0x0000000710a00000, 0x0000000710a00000, 0x0000000710b00000|  0%| F|  |TAMS 0x0000000710a00000, 0x0000000710a00000| Untracked 
| 231|0x0000000710b00000, 0x0000000710b00000, 0x0000000710c00000|  0%| F|  |TAMS 0x0000000710b00000, 0x0000000710b00000| Untracked 
| 232|0x0000000710c00000, 0x0000000710c00000, 0x0000000710d00000|  0%| F|  |TAMS 0x0000000710c00000, 0x0000000710c00000| Untracked 
| 233|0x0000000710d00000, 0x0000000710d00000, 0x0000000710e00000|  0%| F|  |TAMS 0x0000000710d00000, 0x0000000710d00000| Untracked 
| 234|0x0000000710e00000, 0x0000000710e00000, 0x0000000710f00000|  0%| F|  |TAMS 0x0000000710e00000, 0x0000000710e00000| Untracked 
| 235|0x0000000710f00000, 0x0000000710f00000, 0x0000000711000000|  0%| F|  |TAMS 0x0000000710f00000, 0x0000000710f00000| Untracked 
| 236|0x0000000711000000, 0x0000000711000000, 0x0000000711100000|  0%| F|  |TAMS 0x0000000711000000, 0x0000000711000000| Untracked 
| 237|0x0000000711100000, 0x0000000711100000, 0x0000000711200000|  0%| F|  |TAMS 0x0000000711100000, 0x0000000711100000| Untracked 
| 238|0x0000000711200000, 0x0000000711200000, 0x0000000711300000|  0%| F|  |TAMS 0x0000000711200000, 0x0000000711200000| Untracked 
| 239|0x0000000711300000, 0x0000000711300000, 0x0000000711400000|  0%| F|  |TAMS 0x0000000711300000, 0x0000000711300000| Untracked 
| 240|0x0000000711400000, 0x0000000711400000, 0x0000000711500000|  0%| F|  |TAMS 0x0000000711400000, 0x0000000711400000| Untracked 
| 241|0x0000000711500000, 0x0000000711500000, 0x0000000711600000|  0%| F|  |TAMS 0x0000000711500000, 0x0000000711500000| Untracked 
| 242|0x0000000711600000, 0x0000000711600000, 0x0000000711700000|  0%| F|  |TAMS 0x0000000711600000, 0x0000000711600000| Untracked 
| 243|0x0000000711700000, 0x0000000711700000, 0x0000000711800000|  0%| F|  |TAMS 0x0000000711700000, 0x0000000711700000| Untracked 
| 244|0x0000000711800000, 0x0000000711800000, 0x0000000711900000|  0%| F|  |TAMS 0x0000000711800000, 0x0000000711800000| Untracked 
| 245|0x0000000711900000, 0x0000000711900000, 0x0000000711a00000|  0%| F|  |TAMS 0x0000000711900000, 0x0000000711900000| Untracked 
| 246|0x0000000711a00000, 0x0000000711a00800, 0x0000000711b00000|  0%| E|  |TAMS 0x0000000711a00000, 0x0000000711a00000| Complete 
| 247|0x0000000711b00000, 0x0000000711c00000, 0x0000000711c00000|100%| E|CS|TAMS 0x0000000711b00000, 0x0000000711b00000| Complete 
| 248|0x0000000711c00000, 0x0000000711d00000, 0x0000000711d00000|100%| E|CS|TAMS 0x0000000711c00000, 0x0000000711c00000| Complete 
| 249|0x0000000711d00000, 0x0000000711e00000, 0x0000000711e00000|100%| E|CS|TAMS 0x0000000711d00000, 0x0000000711d00000| Complete 
| 250|0x0000000711e00000, 0x0000000711f00000, 0x0000000711f00000|100%| E|CS|TAMS 0x0000000711e00000, 0x0000000711e00000| Complete 
| 251|0x0000000711f00000, 0x0000000712000000, 0x0000000712000000|100%| E|CS|TAMS 0x0000000711f00000, 0x0000000711f00000| Complete 
| 252|0x0000000712000000, 0x0000000712100000, 0x0000000712100000|100%| E|CS|TAMS 0x0000000712000000, 0x0000000712000000| Complete 
| 253|0x0000000712100000, 0x0000000712200000, 0x0000000712200000|100%| E|CS|TAMS 0x0000000712100000, 0x0000000712100000| Complete 

Card table byte_map: [0x0000021172670000,0x0000021172e60000] _byte_map_base: 0x000002116ee5e000

Marking Bits (Prev, Next): (CMBitMap*) 0x000002115ed9bd00, (CMBitMap*) 0x000002115ed9bcc8
 Prev Bits: [0x00000211775c0000, 0x000002117b530000)
 Next Bits: [0x0000021173650000, 0x00000211775c0000)

Polling page: 0x000002115cb70000

Metaspace:

Usage:
  Non-class:     18.93 MB capacity,    18.51 MB ( 98%) used,   354.66 KB (  2%) free+waste,    73.69 KB ( <1%) overhead. 
      Class:      2.81 MB capacity,     2.54 MB ( 90%) used,   247.52 KB (  9%) free+waste,    37.31 KB (  1%) overhead. 
       Both:     21.74 MB capacity,    21.05 MB ( 97%) used,   602.17 KB (  3%) free+waste,   111.00 KB ( <1%) overhead. 

Virtual space:
  Non-class space:       20.00 MB reserved,      19.00 MB ( 95%) committed 
      Class space:        1.00 GB reserved,       2.88 MB ( <1%) committed 
             Both:        1.02 GB reserved,      21.88 MB (  2%) committed 

Chunk freelists:
   Non-Class:  9.00 KB
       Class:  31.00 KB
        Both:  40.00 KB

MaxMetaspaceSize: 17179869184.00 GB
CompressedClassSpaceSize: 1.00 GB

CodeHeap 'non-profiled nmethods': size=120000Kb used=1062Kb max_used=1062Kb free=118937Kb
 bounds [0x000002116a400000, 0x000002116a670000, 0x0000021171930000]
CodeHeap 'profiled nmethods': size=120000Kb used=4105Kb max_used=4105Kb free=115894Kb
 bounds [0x0000021162ed0000, 0x00000211632e0000, 0x000002116a400000]
CodeHeap 'non-nmethods': size=5760Kb used=1327Kb max_used=1387Kb free=4432Kb
 bounds [0x0000021162930000, 0x0000021162ba0000, 0x0000021162ed0000]
 total_blobs=3050 nmethods=2303 adapters=658
 compilation: enabled
              stopped_count=0, restarted_count=0
 full_count=0

Compilation events (20 events):
Event: 4.491 Thread 0x000002117ec3e000 2295       3       java.util.concurrent.locks.AbstractQueuedSynchronizer$ConditionObject::signal (33 bytes)
Event: 4.491 Thread 0x000002117ec3e000 nmethod 2295 0x00000211632ce810 code [0x00000211632cea00, 0x00000211632ced48]
Event: 4.506 Thread 0x000002117ec3e000 2296       3       javafx.scene.Parent::layout (160 bytes)
Event: 4.507 Thread 0x000002117ec3e000 nmethod 2296 0x00000211632cee90 code [0x00000211632cf120, 0x00000211632d00b8]
Event: 4.522 Thread 0x000002117ec3e000 2297       3       java.util.WeakHashMap$EntrySet::iterator (12 bytes)
Event: 4.522 Thread 0x000002117ec3e000 nmethod 2297 0x00000211632d0410 code [0x00000211632d05e0, 0x00000211632d0868]
Event: 4.522 Thread 0x000002117ec3e000 2298       3       java.util.WeakHashMap$EntryIterator::<init> (11 bytes)
Event: 4.522 Thread 0x000002117ec3e000 nmethod 2298 0x00000211632d0990 code [0x00000211632d0b40, 0x00000211632d0cc8]
Event: 4.539 Thread 0x000002117ec3e000 2301       3       java.util.concurrent.locks.ReentrantLock$Sync::tryRelease (45 bytes)
Event: 4.539 Thread 0x000002117ec3e000 nmethod 2301 0x00000211632d0d90 code [0x00000211632d0f60, 0x00000211632d1268]
Event: 4.539 Thread 0x000002117ec3e000 2299       3       com.sun.javafx.tk.quantum.QuantumToolkit$$Lambda$93/0x0000000800103040::run (8 bytes)
Event: 4.539 Thread 0x000002117ec3e000 nmethod 2299 0x00000211632d1390 code [0x00000211632d1580, 0x00000211632d1908]
Event: 4.539 Thread 0x000002117ec3e000 2300   !   3       com.sun.javafx.tk.quantum.QuantumToolkit::lambda$runToolkit$12 (16 bytes)
Event: 4.539 Thread 0x000002117ec3e000 nmethod 2300 0x00000211632d1a90 code [0x00000211632d1c80, 0x00000211632d1f88]
Event: 4.569 Thread 0x000002117ec3e000 2302       1       com.sun.javafx.scene.NodeEventDispatcher::getFirstDispatcher (5 bytes)
Event: 4.569 Thread 0x000002117ec3e000 nmethod 2302 0x000002116a509590 code [0x000002116a509740, 0x000002116a5097f8]
Event: 4.569 Thread 0x000002117ec3e000 2304       3       java.lang.Module::isExported (15 bytes)
Event: 4.570 Thread 0x000002117ec3e000 nmethod 2304 0x00000211632d2110 code [0x00000211632d22e0, 0x00000211632d2598]
Event: 4.570 Thread 0x000002117ec3e000 2303       1       com.sun.javafx.scene.NodeEventDispatcher::getLastDispatcher (5 bytes)
Event: 4.570 Thread 0x000002117ec3e000 nmethod 2303 0x000002116a509890 code [0x000002116a509a40, 0x000002116a509af8]

GC Heap History (4 events):
Event: 0.509 GC heap before
{Heap before GC invocations=0 (full 0):
 garbage-first heap   total 260096K, used 23552K [0x0000000702400000, 0x0000000800000000)
  region size 1024K, 24 young (24576K), 0 survivors (0K)
 Metaspace       used 12809K, capacity 13205K, committed 13312K, reserved 1060864K
  class space    used 1365K, capacity 1521K, committed 1536K, reserved 1048576K
}
Event: 0.511 GC heap after
{Heap after GC invocations=1 (full 0):
 garbage-first heap   total 260096K, used 3158K [0x0000000702400000, 0x0000000800000000)
  region size 1024K, 3 young (3072K), 3 survivors (3072K)
 Metaspace       used 12809K, capacity 13205K, committed 13312K, reserved 1060864K
  class space    used 1365K, capacity 1521K, committed 1536K, reserved 1048576K
}
Event: 1.244 GC heap before
{Heap before GC invocations=1 (full 0):
 garbage-first heap   total 260096K, used 32854K [0x0000000702400000, 0x0000000800000000)
  region size 1024K, 31 young (31744K), 3 survivors (3072K)
 Metaspace       used 20530K, capacity 21154K, committed 21248K, reserved 1067008K
  class space    used 2468K, capacity 2729K, committed 2816K, reserved 1048576K
}
Event: 1.249 GC heap after
{Heap after GC invocations=2 (full 0):
 garbage-first heap   total 260096K, used 9124K [0x0000000702400000, 0x0000000800000000)
  region size 1024K, 7 young (7168K), 7 survivors (7168K)
 Metaspace       used 20530K, capacity 21154K, committed 21248K, reserved 1067008K
  class space    used 2468K, capacity 2729K, committed 2816K, reserved 1048576K
}

Deoptimization events (20 events):
Event: 1.017 Thread 0x000002117ec39000 DEOPT PACKING pc=0x000002116a490698 sp=0x000000e30d0fec80
Event: 1.017 Thread 0x000002117ec39000 DEOPT UNPACKING pc=0x000002116295772f sp=0x000000e30d0fec38 mode 2
Event: 1.261 Thread 0x0000021100a83800 DEOPT PACKING pc=0x0000021163197d5f sp=0x000000e30dafd870
Event: 1.261 Thread 0x0000021100a83800 DEOPT UNPACKING pc=0x000002116295754e sp=0x000000e30dafcd00 mode 0
Event: 1.262 Thread 0x0000021100a83800 DEOPT PACKING pc=0x0000021163197d5f sp=0x000000e30dafd870
Event: 1.262 Thread 0x0000021100a83800 DEOPT UNPACKING pc=0x000002116295754e sp=0x000000e30dafcd00 mode 0
Event: 1.263 Thread 0x0000021100a83800 DEOPT PACKING pc=0x000002116319a8c8 sp=0x000000e30dafdbc0
Event: 1.263 Thread 0x0000021100a83800 DEOPT UNPACKING pc=0x000002116295754e sp=0x000000e30dafd028 mode 0
Event: 1.265 Thread 0x0000021100a83800 DEOPT PACKING pc=0x0000021163197d5f sp=0x000000e30dafdb80
Event: 1.265 Thread 0x0000021100a83800 DEOPT UNPACKING pc=0x000002116295754e sp=0x000000e30dafd030 mode 0
Event: 1.691 Thread 0x0000021100d4d000 Uncommon trap: trap_request=0xffffff4d fr.pc=0x000002116a45f21c relative=0x00000000000003dc
Event: 1.691 Thread 0x0000021100d4d000 Uncommon trap: reason=unstable_if action=reinterpret pc=0x000002116a45f21c method=jdk.internal.org.objectweb.asm.Type.getArgumentsAndReturnSizes(Ljava/lang/String;)I @ 47 c2
Event: 1.691 Thread 0x0000021100d4d000 DEOPT PACKING pc=0x000002116a45f21c sp=0x000000e30ddfbc30
Event: 1.691 Thread 0x0000021100d4d000 DEOPT UNPACKING pc=0x000002116295772f sp=0x000000e30ddfbbb0 mode 2
Event: 1.694 Thread 0x0000021100a83800 Uncommon trap: trap_request=0xffffff4d fr.pc=0x000002116a4c1134 relative=0x00000000000003f4
Event: 1.694 Thread 0x0000021100a83800 Uncommon trap: reason=unstable_if action=reinterpret pc=0x000002116a4c1134 method=com.sun.marlin.MaskMarlinAlphaConsumer.setAndClearRelativeAlphas([IIII)V @ 167 c2
Event: 1.694 Thread 0x0000021100a83800 DEOPT PACKING pc=0x000002116a4c1134 sp=0x000000e30dafda10
Event: 1.694 Thread 0x0000021100a83800 DEOPT UNPACKING pc=0x000002116295772f sp=0x000000e30dafd940 mode 2
Event: 2.381 Thread 0x0000021100a83800 DEOPT PACKING pc=0x00000211631dfe2f sp=0x000000e30dafdab0
Event: 2.381 Thread 0x0000021100a83800 DEOPT UNPACKING pc=0x000002116295754e sp=0x000000e30dafcee8 mode 0

Classes redefined (0 events):
No events

Internal exceptions (20 events):
Event: 0.476 Thread 0x0000021100d4d000 Exception <a 'java/lang/NoSuchMethodError'{0x0000000710ca10e8}: 'java.lang.Object java.lang.invoke.DirectMethodHandle$Holder.invokeStatic(java.lang.Object, java.lang.Object, java.lang.Object, java.lang.Object, java.lang.Object, java.lang.Object, java.lang.Object, java.lang.Object, java.lang.Object, java.lang.Object, java.lang.Object, java.lang.Object, java.lang.Object, java.lang.Object, java.lang.Object, java.lang.Object)'> (0x0000000710ca10e8) thrown at [./src/hotspot/share/interpreter/linkResolver.cpp, l
Event: 0.476 Thread 0x0000021100d4d000 Exception <a 'java/lang/NoSuchMethodError'{0x0000000710caed58}: 'java.lang.Object java.lang.invoke.DirectMethodHandle$Holder.invokeSpecial(java.lang.Object, java.lang.Object, int, int, java.lang.Object, java.lang.Object, java.lang.Object)'> (0x0000000710caed58) thrown at [./src/hotspot/share/interpreter/linkResolver.cpp, line 773]
Event: 0.477 Thread 0x0000021100d4d000 Exception <a 'java/lang/NoSuchMethodError'{0x0000000710cb22e8}: 'java.lang.Object java.lang.invoke.DelegatingMethodHandle$Holder.reinvoke_L(java.lang.Object, int, int, java.lang.Object, java.lang.Object, java.lang.Object)'> (0x0000000710cb22e8) thrown at [./src/hotspot/share/interpreter/linkResolver.cpp, line 773]
Event: 0.477 Thread 0x0000021100d4d000 Exception <a 'java/lang/NoSuchMethodError'{0x0000000710cb61e8}: 'java.lang.Object java.lang.invoke.DirectMethodHandle$Holder.invokeStatic(java.lang.Object, java.lang.Object, java.lang.Object, java.lang.Object, int)'> (0x0000000710cb61e8) thrown at [./src/hotspot/share/interpreter/linkResolver.cpp, line 773]
Event: 0.515 Thread 0x0000021100d4d000 Exception <a 'java/lang/NoSuchMethodError'{0x0000000712186440}: 'java.lang.Object java.lang.invoke.DirectMethodHandle$Holder.invokeStaticInit(java.lang.Object, java.lang.Object, java.lang.Object, java.lang.Object)'> (0x0000000712186440) thrown at [./src/hotspot/share/interpreter/linkResolver.cpp, line 773]
Event: 0.516 Thread 0x0000021100d4d000 Exception <a 'java/lang/NullPointerException'{0x0000000712193cf0}> (0x0000000712193cf0) thrown at [./src/hotspot/share/interpreter/linkResolver.cpp, line 1358]
Event: 0.516 Thread 0x0000021100d4d000 Exception <a 'java/lang/NullPointerException'{0x0000000712193cf0}> (0x0000000712193cf0) thrown at [./src/hotspot/share/prims/jvm.cpp, line 1309]
Event: 0.518 Thread 0x0000021100d4d000 Exception <a 'java/lang/NoSuchMethodError'{0x00000007121b7d18}: 'void java.lang.invoke.DirectMethodHandle$Holder.invokeSpecial(java.lang.Object, java.lang.Object, java.lang.Object, java.lang.Object, java.lang.Object)'> (0x00000007121b7d18) thrown at [./src/hotspot/share/interpreter/linkResolver.cpp, line 773]
Event: 0.542 Thread 0x0000021100d4d000 Exception <a 'java/lang/NoSuchMethodError'{0x0000000711e5ac90}: 'java.lang.Object java.lang.invoke.DirectMethodHandle$Holder.invokeStatic(java.lang.Object, java.lang.Object, java.lang.Object, java.lang.Object, java.lang.Object, java.lang.Object, java.lang.Object, java.lang.Object, java.lang.Object, java.lang.Object, java.lang.Object, int)'> (0x0000000711e5ac90) thrown at [./src/hotspot/share/interpreter/linkResolver.cpp, line 773]
Event: 0.543 Thread 0x0000021100d4d000 Exception <a 'java/lang/NoSuchMethodError'{0x0000000711e78e38}: 'java.lang.Object java.lang.invoke.DirectMethodHandle$Holder.invokeStatic(java.lang.Object, java.lang.Object, java.lang.Object, java.lang.Object, java.lang.Object, java.lang.Object, java.lang.Object, java.lang.Object, java.lang.Object, java.lang.Object, java.lang.Object, int, int)'> (0x0000000711e78e38) thrown at [./src/hotspot/share/interpreter/linkResolver.cpp, line 773]
Event: 0.544 Thread 0x0000021100d4d000 Exception <a 'java/lang/NoSuchMethodError'{0x0000000711e980b8}: 'java.lang.Object java.lang.invoke.DirectMethodHandle$Holder.invokeStatic(java.lang.Object, java.lang.Object, java.lang.Object, java.lang.Object, java.lang.Object, java.lang.Object, java.lang.Object, java.lang.Object, java.lang.Object, java.lang.Object, java.lang.Object, int, int, java.lang.Object)'> (0x0000000711e980b8) thrown at [./src/hotspot/share/interpreter/linkResolver.cpp, line 773]
Event: 0.545 Thread 0x0000021100d4d000 Exception <a 'java/lang/NoSuchMethodError'{0x0000000711eb8818}: 'java.lang.Object java.lang.invoke.DirectMethodHandle$Holder.invokeStatic(java.lang.Object, java.lang.Object, java.lang.Object, java.lang.Object, java.lang.Object, java.lang.Object, java.lang.Object, java.lang.Object, java.lang.Object, java.lang.Object, java.lang.Object, int, int, java.lang.Object, java.lang.Object)'> (0x0000000711eb8818) thrown at [./src/hotspot/share/interpreter/linkResolver.cpp, line 773]
Event: 0.587 Thread 0x0000021100d4d000 Exception <a 'java/lang/NoSuchMethodError'{0x000000071199e020}: 'void java.lang.invoke.DirectMethodHandle$Holder.invokeStaticInit(java.lang.Object, java.lang.Object)'> (0x000000071199e020) thrown at [./src/hotspot/share/interpreter/linkResolver.cpp, line 773]
Event: 0.759 Thread 0x0000021100d4d000 Exception <a 'java/lang/NoSuchMethodError'{0x0000000710f97608}: 'java.lang.Object java.lang.invoke.Invokers$Holder.linkToTargetMethod(java.lang.Object, int, java.lang.Object)'> (0x0000000710f97608) thrown at [./src/hotspot/share/interpreter/linkResolver.cpp, line 773]
Event: 0.769 Thread 0x0000021100d4d000 Exception <a 'java/lang/NoSuchMethodError'{0x0000000710e58248}: 'java.lang.Object java.lang.invoke.DirectMethodHandle$Holder.invokeInterface(java.lang.Object, java.lang.Object, java.lang.Object)'> (0x0000000710e58248) thrown at [./src/hotspot/share/interpreter/linkResolver.cpp, line 773]
Event: 0.769 Thread 0x0000021100d4d000 Exception <a 'java/lang/IncompatibleClassChangeError'{0x0000000710e5b400}: Found class java.lang.Object, but interface was expected> (0x0000000710e5b400) thrown at [./src/hotspot/share/interpreter/linkResolver.cpp, line 839]
Event: 0.820 Thread 0x0000021100a83800 Exception <a 'java/lang/NoSuchMethodError'{0x0000000710b99960}: 'int java.lang.invoke.DirectMethodHandle$Holder.invokeStaticInit(java.lang.Object, java.lang.Object)'> (0x0000000710b99960) thrown at [./src/hotspot/share/interpreter/linkResolver.cpp, line 773]
Event: 1.691 Thread 0x0000021100d4d000 Exception <a 'java/lang/NoSuchMethodError'{0x00000007120cd6f8}: 'long java.lang.invoke.DirectMethodHandle$Holder.invokeStaticInit(java.lang.Object, java.lang.Object, java.lang.Object)'> (0x00000007120cd6f8) thrown at [./src/hotspot/share/interpreter/linkResolver.cpp, line 773]
Event: 1.692 Thread 0x0000021100d4d000 Exception <a 'java/lang/NoSuchMethodError'{0x00000007120e5d40}: 'java.lang.Object java.lang.invoke.DirectMethodHandle$Holder.invokeStatic(java.lang.Object, java.lang.Object, long)'> (0x00000007120e5d40) thrown at [./src/hotspot/share/interpreter/linkResolver.cpp, line 773]
Event: 1.692 Thread 0x0000021100d4d000 Exception <a 'java/lang/NoSuchMethodError'{0x00000007120ebeb8}: 'java.lang.Object java.lang.invoke.Invokers$Holder.linkToTargetMethod(java.lang.Object, long, java.lang.Object)'> (0x00000007120ebeb8) thrown at [./src/hotspot/share/interpreter/linkResolver.cpp, line 773]

Events (20 events):
Event: 2.471 loading class com/intelligt/modbus/jlibmodbus/utils/ByteFifo
Event: 2.471 loading class com/intelligt/modbus/jlibmodbus/utils/ByteFifo done
Event: 2.471 loading class com/intelligt/modbus/jlibmodbus/utils/ByteFifo$ByteArrayOutputStream
Event: 2.471 loading class com/intelligt/modbus/jlibmodbus/utils/ByteFifo$ByteArrayOutputStream done
Event: 2.471 Executing VM operation: Deoptimize
Event: 2.471 Executing VM operation: Deoptimize done
Event: 2.472 loading class com/intelligt/modbus/jlibmodbus/utils/ModbusExceptionCode
Event: 2.472 loading class com/intelligt/modbus/jlibmodbus/utils/ModbusExceptionCode done
Event: 2.472 loading class com/intelligt/modbus/jlibmodbus/utils/ModbusFunctionCode
Event: 2.472 loading class com/intelligt/modbus/jlibmodbus/utils/ModbusFunctionCode done
Event: 2.472 loading class com/intelligt/modbus/jlibmodbus/data/CommStatus
Event: 2.472 loading class com/intelligt/modbus/jlibmodbus/data/CommStatus done
Event: 2.473 loading class com/intelligt/modbus/jlibmodbus/utils/DataUtils
Event: 2.473 loading class com/intelligt/modbus/jlibmodbus/utils/DataUtils done
Event: 2.499 Loaded shared library C:\Program Files\JetBrains\IntelliJ IDEA 2020.3.2\jbr\bin\java.dll
Event: 2.511 Executing VM operation: RevokeBias
Event: 2.511 Executing VM operation: RevokeBias done
Event: 2.511 Executing VM operation: RevokeBias
Event: 2.511 Executing VM operation: RevokeBias done
Event: 2.602 Thread 0x0000021101626000 Thread exited: 0x0000021101626000


Dynamic libraries:
0x00007ff607d40000 - 0x00007ff607d4a000 	C:\Program Files\JetBrains\IntelliJ IDEA 2020.3.2\jbr\bin\java.exe
0x00007ffff55f0000 - 0x00007ffff57dd000 	C:\WINDOWS\SYSTEM32\ntdll.dll
0x00007ffff2810000 - 0x00007ffff28c3000 	C:\WINDOWS\System32\KERNEL32.DLL
0x00007ffff16d0000 - 0x00007ffff1965000 	C:\WINDOWS\System32\KERNELBASE.dll
0x00007ffff2480000 - 0x00007ffff257a000 	C:\WINDOWS\System32\ucrtbase.dll
0x00007fffefbe0000 - 0x00007fffefbf9000 	C:\Program Files\JetBrains\IntelliJ IDEA 2020.3.2\jbr\bin\jli.dll
0x00007fffee310000 - 0x00007fffee327000 	C:\Program Files\JetBrains\IntelliJ IDEA 2020.3.2\jbr\bin\VCRUNTIME140.dll
0x00007ffff52c0000 - 0x00007ffff5457000 	C:\WINDOWS\System32\USER32.dll
0x00007ffff16b0000 - 0x00007ffff16d0000 	C:\WINDOWS\System32\win32u.dll
0x00007ffff2ad0000 - 0x00007ffff2af9000 	C:\WINDOWS\System32\GDI32.dll
0x00007fffd3350000 - 0x00007fffd35c9000 	C:\WINDOWS\WinSxS\amd64_microsoft.windows.common-controls_6595b64144ccf1df_6.0.17763.1282_none_de75b6f253473c0f\COMCTL32.dll
0x00007ffff1b90000 - 0x00007ffff1d2a000 	C:\WINDOWS\System32\gdi32full.dll
0x00007ffff33a0000 - 0x00007ffff343e000 	C:\WINDOWS\System32\msvcrt.dll
0x00007ffff1a90000 - 0x00007ffff1b30000 	C:\WINDOWS\System32\msvcp_win.dll
0x00007ffff4d90000 - 0x00007ffff50bc000 	C:\WINDOWS\System32\combase.dll
0x00007ffff2b00000 - 0x00007ffff2c22000 	C:\WINDOWS\System32\RPCRT4.dll
0x00007ffff1970000 - 0x00007ffff19ee000 	C:\WINDOWS\System32\bcryptPrimitives.dll
0x00007ffff35f0000 - 0x00007ffff361e000 	C:\WINDOWS\System32\IMM32.DLL
0x00007fffdf160000 - 0x00007fffdf1fd000 	C:\Program Files\JetBrains\IntelliJ IDEA 2020.3.2\jbr\bin\msvcp140.dll
0x00007fffd2010000 - 0x00007fffd2ade000 	C:\Program Files\JetBrains\IntelliJ IDEA 2020.3.2\jbr\bin\server\jvm.dll
0x00007ffff50d0000 - 0x00007ffff5173000 	C:\WINDOWS\System32\ADVAPI32.dll
0x00007ffff31c0000 - 0x00007ffff325e000 	C:\WINDOWS\System32\sechost.dll
0x00007ffff3620000 - 0x00007ffff3628000 	C:\WINDOWS\System32\PSAPI.DLL
0x00007fffc8fd0000 - 0x00007fffc8fd9000 	C:\WINDOWS\SYSTEM32\WSOCK32.dll
0x00007ffff3280000 - 0x00007ffff32ed000 	C:\WINDOWS\System32\WS2_32.dll
0x00007fffeaad0000 - 0x00007fffeaaf4000 	C:\WINDOWS\SYSTEM32\WINMM.dll
0x00007ffff0540000 - 0x00007ffff054a000 	C:\WINDOWS\SYSTEM32\VERSION.dll
0x00007fffeaaa0000 - 0x00007fffeaacd000 	C:\WINDOWS\SYSTEM32\WINMMBASE.dll
0x00007ffff19f0000 - 0x00007ffff1a3a000 	C:\WINDOWS\System32\cfgmgr32.dll
0x00007ffff1610000 - 0x00007ffff1621000 	C:\WINDOWS\System32\kernel.appcore.dll
0x00007fffef960000 - 0x00007fffef971000 	C:\Program Files\JetBrains\IntelliJ IDEA 2020.3.2\jbr\bin\verify.dll
0x00007fffe6a20000 - 0x00007fffe6c0d000 	C:\WINDOWS\SYSTEM32\DBGHELP.DLL
0x00007fffe69f0000 - 0x00007fffe6a1a000 	C:\WINDOWS\SYSTEM32\dbgcore.DLL
0x00007fffeec10000 - 0x00007fffeec39000 	C:\Program Files\JetBrains\IntelliJ IDEA 2020.3.2\jbr\bin\java.dll
0x00007fffefbc0000 - 0x00007fffefbcb000 	C:\Program Files\JetBrains\IntelliJ IDEA 2020.3.2\jbr\bin\jimage.dll
0x00007fffefc40000 - 0x00007fffefc4f000 	C:\Program Files\JetBrains\IntelliJ IDEA 2020.3.2\jbr\bin\instrument.dll
0x00007fffeec50000 - 0x00007fffeec68000 	C:\Program Files\JetBrains\IntelliJ IDEA 2020.3.2\jbr\bin\zip.dll
0x00007ffff3690000 - 0x00007ffff4b88000 	C:\WINDOWS\System32\SHELL32.dll
0x00007ffff32f0000 - 0x00007ffff3398000 	C:\WINDOWS\System32\shcore.dll
0x00007ffff1d30000 - 0x00007ffff247f000 	C:\WINDOWS\System32\windows.storage.dll
0x00007ffff15e0000 - 0x00007ffff1604000 	C:\WINDOWS\System32\profapi.dll
0x00007ffff1630000 - 0x00007ffff168d000 	C:\WINDOWS\System32\powrprof.dll
0x00007ffff2c30000 - 0x00007ffff2c82000 	C:\WINDOWS\System32\shlwapi.dll
0x00007ffff1a70000 - 0x00007ffff1a87000 	C:\WINDOWS\System32\cryptsp.dll
0x00007fffeb7e0000 - 0x00007fffeb7fa000 	C:\Program Files\JetBrains\IntelliJ IDEA 2020.3.2\jbr\bin\net.dll
0x00007fffedc80000 - 0x00007fffedd72000 	C:\WINDOWS\SYSTEM32\WINHTTP.dll
0x00007ffff0e40000 - 0x00007ffff0ea7000 	C:\WINDOWS\system32\mswsock.dll
0x00007fffeb7c0000 - 0x00007fffeb7d4000 	C:\Program Files\JetBrains\IntelliJ IDEA 2020.3.2\jbr\bin\nio.dll
0x00007fffeeca0000 - 0x00007fffeecba000 	C:\Program Files\JetBrains\IntelliJ IDEA 2020.3.2\bin\breakgen64.dll
0x000002115cd30000 - 0x000002115cd33000 	C:\javafx-sdk-16\bin\api-ms-win-core-console-l1-1-0.dll
0x000002115cd40000 - 0x000002115cd43000 	C:\javafx-sdk-16\bin\api-ms-win-core-console-l1-2-0.dll
0x000002115ec30000 - 0x000002115ec33000 	C:\javafx-sdk-16\bin\api-ms-win-core-datetime-l1-1-0.dll
0x000002115ec40000 - 0x000002115ec43000 	C:\javafx-sdk-16\bin\api-ms-win-core-debug-l1-1-0.dll
0x000002115ec50000 - 0x000002115ec53000 	C:\javafx-sdk-16\bin\api-ms-win-core-errorhandling-l1-1-0.dll
0x000002115ec60000 - 0x000002115ec64000 	C:\javafx-sdk-16\bin\api-ms-win-core-file-l1-1-0.dll
0x000002115ec70000 - 0x000002115ec73000 	C:\javafx-sdk-16\bin\api-ms-win-core-file-l1-2-0.dll
0x000002115ec80000 - 0x000002115ec83000 	C:\javafx-sdk-16\bin\api-ms-win-core-file-l2-1-0.dll
0x000002115ec90000 - 0x000002115ec93000 	C:\javafx-sdk-16\bin\api-ms-win-core-handle-l1-1-0.dll
0x000002115eca0000 - 0x000002115eca3000 	C:\javafx-sdk-16\bin\api-ms-win-core-heap-l1-1-0.dll
0x000002115ecb0000 - 0x000002115ecb3000 	C:\javafx-sdk-16\bin\api-ms-win-core-interlocked-l1-1-0.dll
0x000002115ecc0000 - 0x000002115ecc3000 	C:\javafx-sdk-16\bin\api-ms-win-core-libraryloader-l1-1-0.dll
0x000002115ecd0000 - 0x000002115ecd3000 	C:\javafx-sdk-16\bin\api-ms-win-core-localization-l1-2-0.dll
0x000002115ece0000 - 0x000002115ece3000 	C:\javafx-sdk-16\bin\api-ms-win-core-memory-l1-1-0.dll
0x000002115ecf0000 - 0x000002115ecf3000 	C:\javafx-sdk-16\bin\api-ms-win-core-namedpipe-l1-1-0.dll
0x000002117f820000 - 0x000002117f823000 	C:\javafx-sdk-16\bin\api-ms-win-core-processenvironment-l1-1-0.dll
0x000002117f830000 - 0x000002117f833000 	C:\javafx-sdk-16\bin\api-ms-win-core-processthreads-l1-1-0.dll
0x000002117f9a0000 - 0x000002117f9a3000 	C:\javafx-sdk-16\bin\api-ms-win-core-processthreads-l1-1-1.dll
0x000002117f840000 - 0x000002117f843000 	C:\javafx-sdk-16\bin\api-ms-win-core-profile-l1-1-0.dll
0x000002117f850000 - 0x000002117f853000 	C:\javafx-sdk-16\bin\api-ms-win-core-rtlsupport-l1-1-0.dll
0x000002117f860000 - 0x000002117f863000 	C:\javafx-sdk-16\bin\api-ms-win-core-string-l1-1-0.dll
0x000002117f870000 - 0x000002117f873000 	C:\javafx-sdk-16\bin\api-ms-win-core-synch-l1-1-0.dll
0x000002117f880000 - 0x000002117f883000 	C:\javafx-sdk-16\bin\api-ms-win-core-synch-l1-2-0.dll
0x000002117f890000 - 0x000002117f893000 	C:\javafx-sdk-16\bin\api-ms-win-core-sysinfo-l1-1-0.dll
0x000002117f8a0000 - 0x000002117f8a3000 	C:\javafx-sdk-16\bin\api-ms-win-core-timezone-l1-1-0.dll
0x000002117f8b0000 - 0x000002117f8b3000 	C:\javafx-sdk-16\bin\api-ms-win-core-util-l1-1-0.dll
0x000002117f8c0000 - 0x000002117f8c3000 	C:\javafx-sdk-16\bin\api-ms-win-crt-conio-l1-1-0.dll
0x000002117f8d0000 - 0x000002117f8d4000 	C:\javafx-sdk-16\bin\api-ms-win-crt-convert-l1-1-0.dll
0x000002117f8e0000 - 0x000002117f8e3000 	C:\javafx-sdk-16\bin\api-ms-win-crt-environment-l1-1-0.dll
0x000002117f8f0000 - 0x000002117f8f3000 	C:\javafx-sdk-16\bin\api-ms-win-crt-filesystem-l1-1-0.dll
0x000002117f900000 - 0x000002117f903000 	C:\javafx-sdk-16\bin\api-ms-win-crt-heap-l1-1-0.dll
0x000002117f910000 - 0x000002117f913000 	C:\javafx-sdk-16\bin\api-ms-win-crt-locale-l1-1-0.dll
0x000002117f920000 - 0x000002117f925000 	C:\javafx-sdk-16\bin\api-ms-win-crt-math-l1-1-0.dll
0x000002117f930000 - 0x000002117f935000 	C:\javafx-sdk-16\bin\api-ms-win-crt-multibyte-l1-1-0.dll
0x000002117f940000 - 0x000002117f950000 	C:\javafx-sdk-16\bin\api-ms-win-crt-private-l1-1-0.dll
0x000002117f950000 - 0x000002117f953000 	C:\javafx-sdk-16\bin\api-ms-win-crt-process-l1-1-0.dll
0x000002117f960000 - 0x000002117f964000 	C:\javafx-sdk-16\bin\api-ms-win-crt-runtime-l1-1-0.dll
0x000002117f970000 - 0x000002117f974000 	C:\javafx-sdk-16\bin\api-ms-win-crt-stdio-l1-1-0.dll
0x000002117f980000 - 0x000002117f984000 	C:\javafx-sdk-16\bin\api-ms-win-crt-string-l1-1-0.dll
0x000002117f990000 - 0x000002117f993000 	C:\javafx-sdk-16\bin\api-ms-win-crt-time-l1-1-0.dll
0x000002117f9b0000 - 0x000002117f9b3000 	C:\javafx-sdk-16\bin\api-ms-win-crt-utility-l1-1-0.dll
0x00007fffc1760000 - 0x00007fffc185c000 	C:\javafx-sdk-16\bin\ucrtbase.dll
0x00007fffeaf10000 - 0x00007fffeaf29000 	C:\javafx-sdk-16\bin\vcruntime140.dll
0x00007fffefbd0000 - 0x00007fffefbdc000 	C:\javafx-sdk-16\bin\vcruntime140_1.dll
0x00007fffdb7e0000 - 0x00007fffdb871000 	C:\javafx-sdk-16\bin\msvcp140.dll
0x00007fffdec90000 - 0x00007fffdecb7000 	C:\javafx-sdk-16\bin\prism_d3d.dll
0x00007fffdd650000 - 0x00007fffdd7ee000 	C:\WINDOWS\system32\d3d9.dll
0x00007fffef4a0000 - 0x00007fffef4ce000 	C:\WINDOWS\SYSTEM32\dwmapi.dll
0x00007ffff2580000 - 0x00007ffff275c000 	C:\WINDOWS\System32\CRYPT32.dll
0x00007ffff1690000 - 0x00007ffff16a2000 	C:\WINDOWS\System32\MSASN1.dll
0x00007fffef1a0000 - 0x00007fffef23c000 	C:\WINDOWS\system32\uxtheme.dll
0x00007fffe6900000 - 0x00007fffe69ec000 	C:\WINDOWS\System32\DriverStore\FileRepository\nv_dispwi.inf_amd64_55833c8e0c46d698\nvldumdx.dll
0x00007ffff1b30000 - 0x00007ffff1b89000 	C:\WINDOWS\System32\WINTRUST.DLL
0x00007ffff3260000 - 0x00007ffff327d000 	C:\WINDOWS\System32\imagehlp.dll
0x00007ffff0760000 - 0x00007ffff0793000 	C:\WINDOWS\system32\rsaenh.dll
0x00007ffff1a40000 - 0x00007ffff1a66000 	C:\WINDOWS\System32\bcrypt.dll
0x00007ffff1010000 - 0x00007ffff101c000 	C:\WINDOWS\SYSTEM32\CRYPTBASE.dll
0x00007fff63580000 - 0x00007fff64963000 	C:\WINDOWS\System32\DriverStore\FileRepository\nv_dispwi.inf_amd64_55833c8e0c46d698\nvd3dumx.dll
0x00007fffdec40000 - 0x00007fffdec82000 	C:\javafx-sdk-16\bin\glass.dll
0x00007ffff4c60000 - 0x00007ffff4d87000 	C:\WINDOWS\System32\COMDLG32.dll
0x00007ffff5460000 - 0x00007ffff55b5000 	C:\WINDOWS\System32\ole32.dll
0x00007ffff4b90000 - 0x00007ffff4c54000 	C:\WINDOWS\System32\OLEAUT32.dll
0x00007ffff28d0000 - 0x00007ffff2a3d000 	C:\WINDOWS\System32\MSCTF.dll
0x00007fffdfe70000 - 0x00007fffdff33000 	C:\Program Files (x86)\NVIDIA Corporation\3D Vision\nvSCPAPI64.dll
0x00007ffff2d40000 - 0x00007ffff31b6000 	C:\WINDOWS\System32\SETUPAPI.dll
0x00007fffefec0000 - 0x00007fffefee2000 	C:\WINDOWS\SYSTEM32\gpapi.dll
0x00007fffe59f0000 - 0x00007fffe5a1f000 	C:\WINDOWS\SYSTEM32\cryptnet.dll
0x00007fffdf7a0000 - 0x00007fffdf7b4000 	C:\javafx-sdk-16\bin\javafx_font.dll
0x00007fffc4970000 - 0x00007fffc4c6c000 	C:\WINDOWS\SYSTEM32\dwrite.dll
0x00007ffff2c90000 - 0x00007ffff2d32000 	C:\WINDOWS\System32\clbcatq.dll
0x00007fffe8050000 - 0x00007fffe8208000 	C:\WINDOWS\SYSTEM32\WindowsCodecs.dll
0x00007fffb4810000 - 0x00007fffb4866000 	C:\WINDOWS\system32\dataexchange.dll
0x00007fffed8b0000 - 0x00007fffedb2e000 	C:\WINDOWS\system32\d3d11.dll
0x00007fffed290000 - 0x00007fffed453000 	C:\WINDOWS\system32\dcomp.dll
0x00007ffff00e0000 - 0x00007ffff01a2000 	C:\WINDOWS\system32\dxgi.dll
0x00007fffef4d0000 - 0x00007fffef6e4000 	C:\WINDOWS\system32\twinapi.appcore.dll
0x00007fffef6f0000 - 0x00007fffef718000 	C:\WINDOWS\system32\RMCLIENT.dll
0x00007fffef0c0000 - 0x00007fffef0f3000 	C:\Program Files\Common Files\Microsoft Shared\Ink\rtscom.dll
0x00007fffc68c0000 - 0x00007fffc6955000 	C:\WINDOWS\System32\TextInputFramework.dll

dbghelp: loaded successfully - version: 4.0.5 - missing functions: none
symbol engine: initialized successfully - sym options: 0x614 - pdb path: .;C:\Program Files\JetBrains\IntelliJ IDEA 2020.3.2\jbr\bin;C:\WINDOWS\SYSTEM32;C:\WINDOWS\WinSxS\amd64_microsoft.windows.common-controls_6595b64144ccf1df_6.0.17763.1282_none_de75b6f253473c0f;C:\Program Files\JetBrains\IntelliJ IDEA 2020.3.2\jbr\bin\server;C:\Program Files\JetBrains\IntelliJ IDEA 2020.3.2\bin;C:\javafx-sdk-16\bin;C:\WINDOWS\System32\DriverStore\FileRepository\nv_dispwi.inf_amd64_55833c8e0c46d698;C:\Program Files (x86)\NVIDIA Corporation\3D Vision;C:\Program Files\Common Files\Microsoft Shared\Ink;C:\Users\lparadylo\.jssc\windows

VM Arguments:
jvm_args: --module-path=C:/javafx-sdk-16/lib --add-modules=javafx.controls,javafx.fxml,javafx.graphics -javaagent:C:\Program Files\JetBrains\IntelliJ IDEA 2020.3.2\lib\idea_rt.jar=65352:C:\Program Files\JetBrains\IntelliJ IDEA 2020.3.2\bin -Dfile.encoding=UTF-8 
java_command: sample.Main
java_class_path (initial): C:\Projects\multiKulti\out\production\multiKulti;C:\javafx-sdk-16\lib\javafx-swt.jar;C:\javafx-sdk-16\lib\javafx.base.jar;C:\javafx-sdk-16\lib\javafx.controls.jar;C:\javafx-sdk-16\lib\javafx.fxml.jar;C:\javafx-sdk-16\lib\javafx.graphics.jar;C:\javafx-sdk-16\lib\javafx.media.jar;C:\javafx-sdk-16\lib\javafx.swing.jar;C:\javafx-sdk-16\lib\javafx.web.jar;C:\Projects\jlibmodbus-master\lib\androidthings-1.0.jar;C:\Projects\jlibmodbus-master\lib\jSerialComm-2.0.2.jar;C:\Projects\jlibmodbus-master\lib\jssc-2.8.0.jar;C:\Projects\jlibmodbus-master\lib\purejavacomm.jar;C:\Projects\jlibmodbus-master\lib\RXTXcomm.jar
Launcher Type: SUN_STANDARD

[Global flags]
     intx CICompilerCount                          = 4                                         {product} {ergonomic}
     uint ConcGCThreads                            = 3                                         {product} {ergonomic}
     uint G1ConcRefinementThreads                  = 10                                        {product} {ergonomic}
   size_t G1HeapRegionSize                         = 1048576                                   {product} {ergonomic}
    uintx GCDrainStackTargetSize                   = 64                                        {product} {ergonomic}
   size_t InitialHeapSize                          = 266338304                                 {product} {ergonomic}
   size_t MarkStackSize                            = 4194304                                   {product} {ergonomic}
   size_t MaxHeapSize                              = 4257218560                                {product} {ergonomic}
   size_t MaxNewSize                               = 2554331136                                {product} {ergonomic}
   size_t MinHeapDeltaBytes                        = 1048576                                   {product} {ergonomic}
    uintx NonNMethodCodeHeapSize                   = 5836300                                {pd product} {ergonomic}
    uintx NonProfiledCodeHeapSize                  = 122910970                              {pd product} {ergonomic}
    uintx ProfiledCodeHeapSize                     = 122910970                              {pd product} {ergonomic}
    uintx ReservedCodeCacheSize                    = 251658240                              {pd product} {ergonomic}
     bool SegmentedCodeCache                       = true                                      {product} {ergonomic}
     bool UseCompressedClassPointers               = true                                 {lp64_product} {ergonomic}
     bool UseCompressedOops                        = true                                 {lp64_product} {ergonomic}
     bool UseG1GC                                  = true                                      {product} {ergonomic}
     bool UseLargePagesIndividualAllocation        = false                                  {pd product} {ergonomic}

Logging:
Log output configuration:
 #0: stdout all=warning uptime,level,tags
 #1: stderr all=off uptime,level,tags

Environment Variables:
JAVA_HOME=C:\Program Files\Java\jdk-11\bin
PATH=C:\Program Files\DahuaTech\MV Viewer\Runtime\x64\;C:\Program Files\DahuaTech\MV Viewer\Runtime\x64\GenICam_v2_4\bin\Win64_x64\;C:\Program Files\DahuaTech\MV Viewer\Runtime\Win32\;C:\Program Files\DahuaTech\MV Viewer\Runtime\Win32\GenICam_v2_4\bin\Win32_i86\;C:\Program Files (x86)\NVIDIA Corporation\PhysX\Common;C:\Program Files (x86)\Common Files\Oracle\Java\javapath;C:\PTC\MKSTOO~1\bin64;C:\PTC\MKSTOO~1\bin;C:\PTC\MKSTOO~1\bin\X11;C:\PTC\MKSTOO~1\mksnt;C:\Program Files (x86)\Intel\Intel(R) Management Engine Components\iCLS\;C:\Program Files\Intel\Intel(R) Management Engine Components\iCLS\;C:\WINDOWS\system32;C:\WINDOWS;C:\WINDOWS\System32\Wbem;C:\WINDOWS\System32\WindowsPowerShell\v1.0\;C:\WINDOWS\System32\OpenSSH\;C:\Program Files (x86)\Intel\Intel(R) Management Engine Components\DAL;C:\Program Files\Intel\Intel(R) Management Engine Components\DAL;C:\Program Files (x86)\Intel\Intel(R) Management Engine Components\IPT;C:\Program Files\Intel\Intel(R) Management Engine Components\IPT;c:\Program Files (x86)\HP\HP Performance Advisor;C:\Program Files (x86)\Windows Kits\8.1\Windows Performance Toolkit\;C:\Program Files\PuTTY\;C:\Program Files\Java\openjdk-11.0.10\bin;C:\Program Files (x86)\IVI Foundation\VISA\WinNT\Bin\;C:\Program Files\IVI Foundation\VISA\Win64\Bin\;C:\Program Files (x86)\IVI Foundation\VISA\WinNT\Bin;C:\Program Files (x86)\IVI Foundation\IVI\bin;C:\Program Files\IVI Foundation\IVI\bin;C:\Python27;C:\Program Files\CMake\bin;C:\opencv\build\x64\vc15\bin;C:\Program Files\dotnet\;C:\gradle-6.8.3\bin\;C:\javafx-sdk-11.0.2\lib;C:\Users\lparadylo\AppData\Local\Microsoft\WindowsApps;C:\Users\lparadylo\AppData\Local\Programs\Git\cmd;C:\Users\lparadylo\AppData\Local\Programs\Git\mingw64\bin;C:\Users\lparadylo\AppData\Local\Programs\Git\usr\bin
USERNAME=lparadylo
DISPLAY=:0.0
OS=Windows_NT
PROCESSOR_IDENTIFIER=Intel64 Family 6 Model 158 Stepping 10, GenuineIntel



---------------  S Y S T E M  ---------------

OS: Windows 10 , 64 bit Build 17763 (10.0.17763.1158)
OS uptime: 14 days 22:47 hours

CPU:total 12 (initial active 12) (6 cores per cpu, 2 threads per core) family 6 model 158 stepping 10, cmov, cx8, fxsr, mmx, sse, sse2, sse3, ssse3, sse4.1, sse4.2, popcnt, avx, avx2, aes, clmul, erms, rtm, 3dnowpref, lzcnt, ht, tsc, tscinvbit, bmi1, bmi2, adx, fma

Memory: 4k page, system-wide physical 16235M (4410M free)
TotalPageFile size 41779M (AvailPageFile size 16426M)
current process WorkingSet (physical memory assigned to process): 181M, peak: 186M
current process commit charge ("private bytes"): 457M, peak: 459M

vm_info: OpenJDK 64-Bit Server VM (11.0.9.1+11-b1145.77) for windows-amd64 JRE (11.0.9.1+11-b1145.77), built on Jan 16 2021 05:14:13 by "" with MS VC++ 14.0 (VS2015)

END.
