#
# A fatal error has been detected by the Java Runtime Environment:
#
#  EXCEPTION_ACCESS_VIOLATION (0xc0000005) at pc=0x000000007110b5db, pid=19184, tid=41808
#
# JRE version: OpenJDK Runtime Environment JBR-11.0.9.1.11-1145.77-jcef (11.0.9.1+11) (build 11.0.9.1+11-b1145.77)
# Java VM: OpenJDK 64-Bit Server VM JBR-11.0.9.1.11-1145.77-jcef (11.0.9.1+11-b1145.77, mixed mode, tiered, compressed oops, g1 gc, windows-amd64)
# Problematic frame:
# C  0x000000007110b5db
#
# No core dump will be written. Minidumps are not enabled by default on client versions of Windows
#
# If you would like to submit a bug report, please visit:
#   https://bugreport.java.com/bugreport/crash.jsp
# The crash happened outside the Java Virtual Machine in native code.
# See problematic frame for where to report the bug.
#

---------------  S U M M A R Y ------------

Command Line: --module-path=C:/javafx-sdk-16/lib --add-modules=javafx.controls,javafx.fxml,javafx.graphics -javaagent:C:\Program Files\JetBrains\IntelliJ IDEA 2020.3.2\lib\idea_rt.jar=53672:C:\Program Files\JetBrains\IntelliJ IDEA 2020.3.2\bin -Dfile.encoding=UTF-8 sample.Main

Host: Intel(R) Core(TM) i7-8700 CPU @ 3.20GHz, 12 cores, 15G,  Windows 10 , 64 bit Build 17763 (10.0.17763.1158)
Time: Thu May  6 12:43:38 2021 ?rodkowoeuropejski czas letni elapsed time: 4.371530 seconds (0d 0h 0m 4s)

---------------  T H R E A D  ---------------

Current thread (0x000002d2eef9e800):  JavaThread "Timer-0" [_thread_in_native, id=41808, stack(0x000000f2d8300000,0x000000f2d8400000)]

Stack: [0x000000f2d8300000,0x000000f2d8400000],  sp=0x000000f2d83fed80,  free space=1019k
Native frames: (J=compiled Java code, j=interpreted, Vv=VM code, C=native code)
C  0x000000007110b5db

Java frames: (J=compiled Java code, j=interpreted, Vv=VM code)
j  jssc.SerialNativeInterface.openPort(Ljava/lang/String;Z)J+0
j  jssc.SerialPort.openPort()Z+65
j  com.intelligt.modbus.jlibmodbus.serial.SerialPortJSSC.open()V+4
j  com.intelligt.modbus.jlibmodbus.net.ModbusConnectionSerial.openImpl()V+11
j  com.intelligt.modbus.jlibmodbus.net.ModbusConnection.open()V+1
j  com.intelligt.modbus.jlibmodbus.master.ModbusMaster.connectImpl()V+4
j  com.intelligt.modbus.jlibmodbus.master.ModbusMaster.connect()V+8
j  sample.LockersController.writeDataToRegister(II[I)Ljava/lang/String;+4
j  sample.OpenOne$1.run()V+31
j  java.util.TimerThread.mainLoop()V+221 java.base@11.0.9.1
j  java.util.TimerThread.run()V+1 java.base@11.0.9.1
v  ~StubRoutines::call_stub

siginfo: EXCEPTION_ACCESS_VIOLATION (0xc0000005), reading address 0xfffffffff3a17ed2


Register to memory mapping:

RIP=0x000000007110b5db points into unknown readable memory: 8b 38 85 ff 0f
RAX=0xfffffffff3a17ed2 is an unknown value
RBX=0x000000f2d83fedf0 is pointing into the stack for thread: 0x000002d2eef9e800
RCX=0x00007ffff568f944 ntdll.dll
RDX=0x0 is NULL
RSP=0x000000f2d83fed80 is pointing into the stack for thread: 0x000002d2eef9e800
RBP=0x000000f2d83fef00 is pointing into the stack for thread: 0x000002d2eef9e800
RSI=0x000002d2eef9eb40 points into unknown readable memory: 90 4c 9a d2 ff 7f 00 00
RDI=0x0000000000000b40 is an unknown value
R8 =0x000000f2d83fec78 is pointing into the stack for thread: 0x000002d2eef9e800
R9 =0x000000f2d83fed70 is pointing into the stack for thread: 0x000002d2eef9e800
R10=0x0 is NULL
R11=0x0000000000000246 is an unknown value
R12=0x000000f2d83fefb8 is pointing into the stack for thread: 0x000002d2eef9e800
R13=0x000002d2f64d2aa0 points into unknown readable memory: 43 4f 4d 38 00 00 00 00
R14=0x000000f2d83feeb0 is pointing into the stack for thread: 0x000002d2eef9e800
R15=0x000002d2eef9e800 is a thread


Registers:
RAX=0xfffffffff3a17ed2, RBX=0x000000f2d83fedf0, RCX=0x00007ffff568f944, RDX=0x0000000000000000
RSP=0x000000f2d83fed80, RBP=0x000000f2d83fef00, RSI=0x000002d2eef9eb40, RDI=0x0000000000000b40
R8 =0x000000f2d83fec78, R9 =0x000000f2d83fed70, R10=0x0000000000000000, R11=0x0000000000000246
R12=0x000000f2d83fefb8, R13=0x000002d2f64d2aa0, R14=0x000000f2d83feeb0, R15=0x000002d2eef9e800
RIP=0x000000007110b5db, EFLAGS=0x0000000000010206

Top of Stack: (sp=0x000000f2d83fed80)
0x000000f2d83fed80:   000000f2d83feda8 00007fff00000000
0x000000f2d83fed90:   000000007110b230 00007ffff560267d
0x000000f2d83feda0:   000000f2d83fefb8 0000000000000004
0x000000f2d83fedb0:   000002d2eef9eb40 0000000000000b40
0x000000f2d83fedc0:   000000f2d83fef00 0000000071112590
0x000000f2d83fedd0:   000000f2d83fee30 000000f200000000
0x000000f2d83fede0:   00000000c0000000 0000000000000000
0x000000f2d83fedf0:   0000000000000b40 00007ffff16ee80c
0x000000f2d83fee00:   000000f2d83feeb0 000002d2f64d2aa0
0x000000f2d83fee10:   000000f2d83fefb8 0000000000000b40
0x000000f2d83fee20:   0000000071113500 0000000071113be8
0x000000f2d83fee30:   000000f2d83fee60 0000000071112641
0x000000f2d83fee40:   000000f2d83fedd0 0000000000000000
0x000000f2d83fee50:   0000000000000000 0000000000000000
0x000000f2d83fee60:   000000f2d83fef00 0000000071101595
0x000000f2d83fee70:   000000000000001c 000002d200000000 

Instructions: (pc=0x000000007110b5db)
0x000000007110b4db:   48 85 c0 74 bf 44 8b 03 45 85 c0 0f 84 77 ff ff
0x000000007110b4eb:   ff eb 9f 66 90 e8 8b fe ff ff 48 89 05 0c 34 01
0x000000007110b4fb:   00 eb ad 66 90 e8 7b fe ff ff 48 89 05 fc 33 01
0x000000007110b50b:   00 eb 8b e8 8d fe ff ff c7 03 01 00 00 00 e9 6f
0x000000007110b51b:   ff ff ff 66 90 55 48 89 e5 56 53 48 83 ec 20 48
0x000000007110b52b:   8b 05 d7 33 01 00 48 8b 31 48 89 cb 48 85 c0 74
0x000000007110b53b:   56 44 8b 18 45 85 db 78 42 48 8b 05 bd 33 01 00
0x000000007110b54b:   48 85 c0 74 50 44 8b 10 45 85 d2 74 1d 48 89 f1
0x000000007110b55b:   e8 d0 fd ff ff 48 8b 13 48 8d 42 40 48 8b 48 08
0x000000007110b56b:   48 8b 6a 40 48 8b 60 10 ff e1 48 8b 05 9c 33 01
0x000000007110b57b:   00 48 85 c0 74 2d 48 89 30 eb da e8 b5 fe ff ff
0x000000007110b58b:   0f 1f 44 00 00 eb b2 e8 e9 fd ff ff 48 89 05 6a
0x000000007110b59b:   33 01 00 eb 9c e8 db fd ff ff 48 89 05 5c 33 01
0x000000007110b5ab:   00 eb a2 e8 3d fd ff ff 48 89 05 5e 33 01 00 eb
0x000000007110b5bb:   c5 0f 1f 40 00 55 57 56 53 48 83 ec 28 48 8b 05
0x000000007110b5cb:   39 33 01 00 48 89 cb 48 85 c0 0f 84 c5 00 00 00
0x000000007110b5db:   8b 38 85 ff 0f 88 ab 00 00 00 48 8b 05 1c 33 01
0x000000007110b5eb:   00 48 85 c0 0f 84 bc 00 00 00 8b 30 85 f6 74 57
0x000000007110b5fb:   48 8b 05 0e 33 01 00 48 85 c0 0f 84 e5 00 00 00
0x000000007110b60b:   8b 28 48 8b 35 10 5e 01 00 ff d6 89 c7 89 e9 ff
0x000000007110b61b:   15 f4 5e 01 00 89 f9 48 89 c5 ff 15 b9 5e 01 00
0x000000007110b62b:   48 8b 05 de 32 01 00 48 89 2b 48 85 c0 74 46 48
0x000000007110b63b:   89 da 8b 08 ff 15 d7 5e 01 00 85 c0 74 27 48 83
0x000000007110b64b:   c4 28 5b 5e 5f 5d c3 48 8b 05 bf 32 01 00 48 85
0x000000007110b65b:   c0 74 64 48 8b 10 48 89 13 48 89 18 48 83 c4 28
0x000000007110b66b:   5b 5e 5f 5d c3 48 89 f2 48 83 c4 28 5b 5e 5f 5d
0x000000007110b67b:   48 ff e2 66 90 e8 8b fc ff ff 48 89 05 84 32 01
0x000000007110b68b:   00 eb ac 66 90 e8 ab fd ff ff e9 4b ff ff ff 66
0x000000007110b69b:   0f 1f 44 00 00 e8 db fc ff ff 48 89 05 5c 32 01
0x000000007110b6ab:   00 e9 2a ff ff ff e8 ca fc ff ff 48 89 05 4b 32
0x000000007110b6bb:   01 00 e9 33 ff ff ff e8 29 fc ff ff 48 89 05 4a
0x000000007110b6cb:   32 01 00 48 8b 10 48 85 c0 48 89 13 75 8b e8 12 


Stack slot to memory mapping:
stack at sp + 0 slots: 0x000000f2d83feda8 is pointing into the stack for thread: 0x000002d2eef9e800
stack at sp + 1 slots: 0x00007fff00000000 is an unknown value
stack at sp + 2 slots: 0x000000007110b230 points into unknown readable memory: c7 01 ff ff ff ff c3 66
stack at sp + 3 slots: 0x00007ffff560267d ntdll.dll
stack at sp + 4 slots: 0x000000f2d83fefb8 is pointing into the stack for thread: 0x000002d2eef9e800
stack at sp + 5 slots: 0x0000000000000004 is an unknown value
stack at sp + 6 slots: 0x000002d2eef9eb40 points into unknown readable memory: 90 4c 9a d2 ff 7f 00 00
stack at sp + 7 slots: 0x0000000000000b40 is an unknown value


---------------  P R O C E S S  ---------------

Threads class SMR info:
_java_thread_list=0x000002d2f629c340, length=19, elements={
0x000002d2ca2a4800, 0x000002d2ec035000, 0x000002d2ec036800, 0x000002d2ec0b3800,
0x000002d2ec0b4800, 0x000002d2ec0b7000, 0x000002d2ec0ba800, 0x000002d2ec0be800,
0x000002d2ec1ef800, 0x000002d2ecd96800, 0x000002d2ecb31800, 0x000002d2ed06b800,
0x000002d2ed587000, 0x000002d2ed42d800, 0x000002d2ed323000, 0x000002d2ed691000,
0x000002d2ee93f800, 0x000002d2ef061000, 0x000002d2eef9e800
}

Java Threads: ( => current thread )
  0x000002d2ca2a4800 JavaThread "main" [_thread_blocked, id=40472, stack(0x000000f2d7400000,0x000000f2d7500000)]
  0x000002d2ec035000 JavaThread "Reference Handler" daemon [_thread_blocked, id=26444, stack(0x000000f2d7b00000,0x000000f2d7c00000)]
  0x000002d2ec036800 JavaThread "Finalizer" daemon [_thread_blocked, id=41396, stack(0x000000f2d7c00000,0x000000f2d7d00000)]
  0x000002d2ec0b3800 JavaThread "Signal Dispatcher" daemon [_thread_blocked, id=41616, stack(0x000000f2d7d00000,0x000000f2d7e00000)]
  0x000002d2ec0b4800 JavaThread "Attach Listener" daemon [_thread_blocked, id=13516, stack(0x000000f2d7e00000,0x000000f2d7f00000)]
  0x000002d2ec0b7000 JavaThread "C2 CompilerThread0" daemon [_thread_blocked, id=6900, stack(0x000000f2d7f00000,0x000000f2d8000000)]
  0x000002d2ec0ba800 JavaThread "C1 CompilerThread0" daemon [_thread_blocked, id=21492, stack(0x000000f2d8000000,0x000000f2d8100000)]
  0x000002d2ec0be800 JavaThread "Sweeper thread" daemon [_thread_blocked, id=3212, stack(0x000000f2d8100000,0x000000f2d8200000)]
  0x000002d2ec1ef800 JavaThread "Common-Cleaner" daemon [_thread_blocked, id=32084, stack(0x000000f2d8200000,0x000000f2d8300000)]
  0x000002d2ecd96800 JavaThread "Monitor Ctrl-Break" daemon [_thread_in_native, id=1052, stack(0x000000f2d8500000,0x000000f2d8600000)]
  0x000002d2ecb31800 JavaThread "Service Thread" daemon [_thread_blocked, id=26552, stack(0x000000f2d8600000,0x000000f2d8700000)]
  0x000002d2ed06b800 JavaThread "QuantumRenderer-0" daemon [_thread_blocked, id=37452, stack(0x000000f2d8800000,0x000000f2d8900000)]
  0x000002d2ed587000 JavaThread "InvokeLaterDispatcher" daemon [_thread_blocked, id=31788, stack(0x000000f2d8a00000,0x000000f2d8b00000)]
  0x000002d2ed42d800 JavaThread "JavaFX Application Thread" [_thread_in_native, id=21276, stack(0x000000f2d8b00000,0x000000f2d8c00000)]
  0x000002d2ed323000 JavaThread "JavaFX-Launcher" [_thread_blocked, id=39744, stack(0x000000f2d8e00000,0x000000f2d8f00000)]
  0x000002d2ed691000 JavaThread "Thread-2" daemon [_thread_in_native, id=40912, stack(0x000000f2d8d00000,0x000000f2d8e00000)]
  0x000002d2ee93f800 JavaThread "Prism Font Disposer" daemon [_thread_blocked, id=38180, stack(0x000000f2d9700000,0x000000f2d9800000)]
  0x000002d2ef061000 JavaThread "Cleaner-0" daemon [_thread_blocked, id=35732, stack(0x000000f2d9800000,0x000000f2d9900000)]
=>0x000002d2eef9e800 JavaThread "Timer-0" [_thread_in_native, id=41808, stack(0x000000f2d8300000,0x000000f2d8400000)]

Other Threads:
  0x000002d2ec033000 VMThread "VM Thread" [stack: 0x000000f2d7a00000,0x000000f2d7b00000] [id=6552]
  0x000002d2ec70b000 WatcherThread [stack: 0x000000f2d8700000,0x000000f2d8800000] [id=23100]
  0x000002d2ca2be800 GCTaskThread "GC Thread#0" [stack: 0x000000f2d7500000,0x000000f2d7600000] [id=29396]
  0x000002d2ed8f3800 GCTaskThread "GC Thread#1" [stack: 0x000000f2d8f00000,0x000000f2d9000000] [id=14312]
  0x000002d2eeb88000 GCTaskThread "GC Thread#2" [stack: 0x000000f2d9000000,0x000000f2d9100000] [id=15256]
  0x000002d2ed678000 GCTaskThread "GC Thread#3" [stack: 0x000000f2d9100000,0x000000f2d9200000] [id=10196]
  0x000002d2ed679000 GCTaskThread "GC Thread#4" [stack: 0x000000f2d9200000,0x000000f2d9300000] [id=3252]
  0x000002d2ee972800 GCTaskThread "GC Thread#5" [stack: 0x000000f2d9300000,0x000000f2d9400000] [id=37072]
  0x000002d2ca31d000 ConcurrentGCThread "G1 Main Marker" [stack: 0x000000f2d7600000,0x000000f2d7700000] [id=35968]
  0x000002d2ca31e800 ConcurrentGCThread "G1 Conc#0" [stack: 0x000000f2d7700000,0x000000f2d7800000] [id=41188]
  0x000002d2ed59a000 ConcurrentGCThread "G1 Conc#1" [stack: 0x000000f2d9900000,0x000000f2d9a00000] [id=20292]
  0x000002d2ed8c7000 ConcurrentGCThread "G1 Conc#2" [stack: 0x000000f2d9a00000,0x000000f2d9b00000] [id=28840]
  0x000002d2eb68f800 ConcurrentGCThread "G1 Refine#0" [stack: 0x000000f2d7800000,0x000000f2d7900000] [id=39416]
  0x000002d2eb690800 ConcurrentGCThread "G1 Young RemSet Sampling" [stack: 0x000000f2d7900000,0x000000f2d7a00000] [id=14728]

Threads with active compile tasks:

VM state:not at safepoint (normal execution)

VM Mutex/Monitor currently owned by a thread: None

Heap address: 0x0000000702400000, size: 4060 MB, Compressed Oops mode: Zero based, Oop shift amount: 3
Narrow klass base: 0x0000000800000000, Narrow klass shift: 0
Compressed class space size: 1073741824 Address: 0x0000000800000000

Heap:
 garbage-first heap   total 260096K, used 17199K [0x0000000702400000, 0x0000000800000000)
  region size 1024K, 16 young (16384K), 7 survivors (7168K)
 Metaspace       used 21738K, capacity 22468K, committed 22784K, reserved 1069056K
  class space    used 2646K, capacity 2949K, committed 3072K, reserved 1048576K
Heap Regions: E=young(eden), S=young(survivor), O=old, HS=humongous(starts), HC=humongous(continues), CS=collection set, F=free, A=archive, TAMS=top-at-mark-start (previous, next)
|   0|0x0000000702400000, 0x0000000702467400, 0x0000000702500000| 40%| O|  |TAMS 0x0000000702467400, 0x0000000702400000| Untracked 
|   1|0x0000000702500000, 0x0000000702600000, 0x0000000702600000|100%|HS|  |TAMS 0x0000000702600000, 0x0000000702500000| Complete 
|   2|0x0000000702600000, 0x0000000702700000, 0x0000000702700000|100%|HC|  |TAMS 0x0000000702700000, 0x0000000702600000| Complete 
|   3|0x0000000702700000, 0x0000000702700000, 0x0000000702800000|  0%| F|  |TAMS 0x0000000702700000, 0x0000000702700000| Untracked 
|   4|0x0000000702800000, 0x0000000702800000, 0x0000000702900000|  0%| F|  |TAMS 0x0000000702800000, 0x0000000702800000| Untracked 
|   5|0x0000000702900000, 0x0000000702900000, 0x0000000702a00000|  0%| F|  |TAMS 0x0000000702900000, 0x0000000702900000| Untracked 
|   6|0x0000000702a00000, 0x0000000702a00000, 0x0000000702b00000|  0%| F|  |TAMS 0x0000000702a00000, 0x0000000702a00000| Untracked 
|   7|0x0000000702b00000, 0x0000000702b00000, 0x0000000702c00000|  0%| F|  |TAMS 0x0000000702b00000, 0x0000000702b00000| Untracked 
|   8|0x0000000702c00000, 0x0000000702c00000, 0x0000000702d00000|  0%| F|  |TAMS 0x0000000702c00000, 0x0000000702c00000| Untracked 
|   9|0x0000000702d00000, 0x0000000702d00000, 0x0000000702e00000|  0%| F|  |TAMS 0x0000000702d00000, 0x0000000702d00000| Untracked 
|  10|0x0000000702e00000, 0x0000000702e00000, 0x0000000702f00000|  0%| F|  |TAMS 0x0000000702e00000, 0x0000000702e00000| Untracked 
|  11|0x0000000702f00000, 0x0000000702f00000, 0x0000000703000000|  0%| F|  |TAMS 0x0000000702f00000, 0x0000000702f00000| Untracked 
|  12|0x0000000703000000, 0x0000000703000000, 0x0000000703100000|  0%| F|  |TAMS 0x0000000703000000, 0x0000000703000000| Untracked 
|  13|0x0000000703100000, 0x0000000703100000, 0x0000000703200000|  0%| F|  |TAMS 0x0000000703100000, 0x0000000703100000| Untracked 
|  14|0x0000000703200000, 0x0000000703200000, 0x0000000703300000|  0%| F|  |TAMS 0x0000000703200000, 0x0000000703200000| Untracked 
|  15|0x0000000703300000, 0x0000000703300000, 0x0000000703400000|  0%| F|  |TAMS 0x0000000703300000, 0x0000000703300000| Untracked 
|  16|0x0000000703400000, 0x0000000703400000, 0x0000000703500000|  0%| F|  |TAMS 0x0000000703400000, 0x0000000703400000| Untracked 
|  17|0x0000000703500000, 0x0000000703500000, 0x0000000703600000|  0%| F|  |TAMS 0x0000000703500000, 0x0000000703500000| Untracked 
|  18|0x0000000703600000, 0x0000000703600000, 0x0000000703700000|  0%| F|  |TAMS 0x0000000703600000, 0x0000000703600000| Untracked 
|  19|0x0000000703700000, 0x0000000703700000, 0x0000000703800000|  0%| F|  |TAMS 0x0000000703700000, 0x0000000703700000| Untracked 
|  20|0x0000000703800000, 0x0000000703800000, 0x0000000703900000|  0%| F|  |TAMS 0x0000000703800000, 0x0000000703800000| Untracked 
|  21|0x0000000703900000, 0x0000000703900000, 0x0000000703a00000|  0%| F|  |TAMS 0x0000000703900000, 0x0000000703900000| Untracked 
|  22|0x0000000703a00000, 0x0000000703a00000, 0x0000000703b00000|  0%| F|  |TAMS 0x0000000703a00000, 0x0000000703a00000| Untracked 
|  23|0x0000000703b00000, 0x0000000703b00000, 0x0000000703c00000|  0%| F|  |TAMS 0x0000000703b00000, 0x0000000703b00000| Untracked 
|  24|0x0000000703c00000, 0x0000000703c00000, 0x0000000703d00000|  0%| F|  |TAMS 0x0000000703c00000, 0x0000000703c00000| Untracked 
|  25|0x0000000703d00000, 0x0000000703d00000, 0x0000000703e00000|  0%| F|  |TAMS 0x0000000703d00000, 0x0000000703d00000| Untracked 
|  26|0x0000000703e00000, 0x0000000703e00000, 0x0000000703f00000|  0%| F|  |TAMS 0x0000000703e00000, 0x0000000703e00000| Untracked 
|  27|0x0000000703f00000, 0x0000000703f00000, 0x0000000704000000|  0%| F|  |TAMS 0x0000000703f00000, 0x0000000703f00000| Untracked 
|  28|0x0000000704000000, 0x0000000704000000, 0x0000000704100000|  0%| F|  |TAMS 0x0000000704000000, 0x0000000704000000| Untracked 
|  29|0x0000000704100000, 0x0000000704100000, 0x0000000704200000|  0%| F|  |TAMS 0x0000000704100000, 0x0000000704100000| Untracked 
|  30|0x0000000704200000, 0x0000000704200000, 0x0000000704300000|  0%| F|  |TAMS 0x0000000704200000, 0x0000000704200000| Untracked 
|  31|0x0000000704300000, 0x0000000704300000, 0x0000000704400000|  0%| F|  |TAMS 0x0000000704300000, 0x0000000704300000| Untracked 
|  32|0x0000000704400000, 0x0000000704400000, 0x0000000704500000|  0%| F|  |TAMS 0x0000000704400000, 0x0000000704400000| Untracked 
|  33|0x0000000704500000, 0x0000000704500000, 0x0000000704600000|  0%| F|  |TAMS 0x0000000704500000, 0x0000000704500000| Untracked 
|  34|0x0000000704600000, 0x0000000704600000, 0x0000000704700000|  0%| F|  |TAMS 0x0000000704600000, 0x0000000704600000| Untracked 
|  35|0x0000000704700000, 0x0000000704700000, 0x0000000704800000|  0%| F|  |TAMS 0x0000000704700000, 0x0000000704700000| Untracked 
|  36|0x0000000704800000, 0x0000000704800000, 0x0000000704900000|  0%| F|  |TAMS 0x0000000704800000, 0x0000000704800000| Untracked 
|  37|0x0000000704900000, 0x0000000704900000, 0x0000000704a00000|  0%| F|  |TAMS 0x0000000704900000, 0x0000000704900000| Untracked 
|  38|0x0000000704a00000, 0x0000000704a00000, 0x0000000704b00000|  0%| F|  |TAMS 0x0000000704a00000, 0x0000000704a00000| Untracked 
|  39|0x0000000704b00000, 0x0000000704b00000, 0x0000000704c00000|  0%| F|  |TAMS 0x0000000704b00000, 0x0000000704b00000| Untracked 
|  40|0x0000000704c00000, 0x0000000704c00000, 0x0000000704d00000|  0%| F|  |TAMS 0x0000000704c00000, 0x0000000704c00000| Untracked 
|  41|0x0000000704d00000, 0x0000000704d00000, 0x0000000704e00000|  0%| F|  |TAMS 0x0000000704d00000, 0x0000000704d00000| Untracked 
|  42|0x0000000704e00000, 0x0000000704e00000, 0x0000000704f00000|  0%| F|  |TAMS 0x0000000704e00000, 0x0000000704e00000| Untracked 
|  43|0x0000000704f00000, 0x0000000704f00000, 0x0000000705000000|  0%| F|  |TAMS 0x0000000704f00000, 0x0000000704f00000| Untracked 
|  44|0x0000000705000000, 0x0000000705000000, 0x0000000705100000|  0%| F|  |TAMS 0x0000000705000000, 0x0000000705000000| Untracked 
|  45|0x0000000705100000, 0x0000000705100000, 0x0000000705200000|  0%| F|  |TAMS 0x0000000705100000, 0x0000000705100000| Untracked 
|  46|0x0000000705200000, 0x0000000705200000, 0x0000000705300000|  0%| F|  |TAMS 0x0000000705200000, 0x0000000705200000| Untracked 
|  47|0x0000000705300000, 0x0000000705300000, 0x0000000705400000|  0%| F|  |TAMS 0x0000000705300000, 0x0000000705300000| Untracked 
|  48|0x0000000705400000, 0x0000000705400000, 0x0000000705500000|  0%| F|  |TAMS 0x0000000705400000, 0x0000000705400000| Untracked 
|  49|0x0000000705500000, 0x0000000705500000, 0x0000000705600000|  0%| F|  |TAMS 0x0000000705500000, 0x0000000705500000| Untracked 
|  50|0x0000000705600000, 0x0000000705600000, 0x0000000705700000|  0%| F|  |TAMS 0x0000000705600000, 0x0000000705600000| Untracked 
|  51|0x0000000705700000, 0x0000000705700000, 0x0000000705800000|  0%| F|  |TAMS 0x0000000705700000, 0x0000000705700000| Untracked 
|  52|0x0000000705800000, 0x0000000705800000, 0x0000000705900000|  0%| F|  |TAMS 0x0000000705800000, 0x0000000705800000| Untracked 
|  53|0x0000000705900000, 0x0000000705900000, 0x0000000705a00000|  0%| F|  |TAMS 0x0000000705900000, 0x0000000705900000| Untracked 
|  54|0x0000000705a00000, 0x0000000705a00000, 0x0000000705b00000|  0%| F|  |TAMS 0x0000000705a00000, 0x0000000705a00000| Untracked 
|  55|0x0000000705b00000, 0x0000000705b00000, 0x0000000705c00000|  0%| F|  |TAMS 0x0000000705b00000, 0x0000000705b00000| Untracked 
|  56|0x0000000705c00000, 0x0000000705c00000, 0x0000000705d00000|  0%| F|  |TAMS 0x0000000705c00000, 0x0000000705c00000| Untracked 
|  57|0x0000000705d00000, 0x0000000705d00000, 0x0000000705e00000|  0%| F|  |TAMS 0x0000000705d00000, 0x0000000705d00000| Untracked 
|  58|0x0000000705e00000, 0x0000000705e00000, 0x0000000705f00000|  0%| F|  |TAMS 0x0000000705e00000, 0x0000000705e00000| Untracked 
|  59|0x0000000705f00000, 0x0000000705f00000, 0x0000000706000000|  0%| F|  |TAMS 0x0000000705f00000, 0x0000000705f00000| Untracked 
|  60|0x0000000706000000, 0x0000000706000000, 0x0000000706100000|  0%| F|  |TAMS 0x0000000706000000, 0x0000000706000000| Untracked 
|  61|0x0000000706100000, 0x0000000706100000, 0x0000000706200000|  0%| F|  |TAMS 0x0000000706100000, 0x0000000706100000| Untracked 
|  62|0x0000000706200000, 0x0000000706200000, 0x0000000706300000|  0%| F|  |TAMS 0x0000000706200000, 0x0000000706200000| Untracked 
|  63|0x0000000706300000, 0x0000000706300000, 0x0000000706400000|  0%| F|  |TAMS 0x0000000706300000, 0x0000000706300000| Untracked 
|  64|0x0000000706400000, 0x0000000706400000, 0x0000000706500000|  0%| F|  |TAMS 0x0000000706400000, 0x0000000706400000| Untracked 
|  65|0x0000000706500000, 0x0000000706500000, 0x0000000706600000|  0%| F|  |TAMS 0x0000000706500000, 0x0000000706500000| Untracked 
|  66|0x0000000706600000, 0x0000000706600000, 0x0000000706700000|  0%| F|  |TAMS 0x0000000706600000, 0x0000000706600000| Untracked 
|  67|0x0000000706700000, 0x0000000706700000, 0x0000000706800000|  0%| F|  |TAMS 0x0000000706700000, 0x0000000706700000| Untracked 
|  68|0x0000000706800000, 0x0000000706800000, 0x0000000706900000|  0%| F|  |TAMS 0x0000000706800000, 0x0000000706800000| Untracked 
|  69|0x0000000706900000, 0x0000000706900000, 0x0000000706a00000|  0%| F|  |TAMS 0x0000000706900000, 0x0000000706900000| Untracked 
|  70|0x0000000706a00000, 0x0000000706a00000, 0x0000000706b00000|  0%| F|  |TAMS 0x0000000706a00000, 0x0000000706a00000| Untracked 
|  71|0x0000000706b00000, 0x0000000706b00000, 0x0000000706c00000|  0%| F|  |TAMS 0x0000000706b00000, 0x0000000706b00000| Untracked 
|  72|0x0000000706c00000, 0x0000000706c00000, 0x0000000706d00000|  0%| F|  |TAMS 0x0000000706c00000, 0x0000000706c00000| Untracked 
|  73|0x0000000706d00000, 0x0000000706d00000, 0x0000000706e00000|  0%| F|  |TAMS 0x0000000706d00000, 0x0000000706d00000| Untracked 
|  74|0x0000000706e00000, 0x0000000706e00000, 0x0000000706f00000|  0%| F|  |TAMS 0x0000000706e00000, 0x0000000706e00000| Untracked 
|  75|0x0000000706f00000, 0x0000000706f00000, 0x0000000707000000|  0%| F|  |TAMS 0x0000000706f00000, 0x0000000706f00000| Untracked 
|  76|0x0000000707000000, 0x0000000707000000, 0x0000000707100000|  0%| F|  |TAMS 0x0000000707000000, 0x0000000707000000| Untracked 
|  77|0x0000000707100000, 0x0000000707100000, 0x0000000707200000|  0%| F|  |TAMS 0x0000000707100000, 0x0000000707100000| Untracked 
|  78|0x0000000707200000, 0x0000000707200000, 0x0000000707300000|  0%| F|  |TAMS 0x0000000707200000, 0x0000000707200000| Untracked 
|  79|0x0000000707300000, 0x0000000707300000, 0x0000000707400000|  0%| F|  |TAMS 0x0000000707300000, 0x0000000707300000| Untracked 
|  80|0x0000000707400000, 0x0000000707400000, 0x0000000707500000|  0%| F|  |TAMS 0x0000000707400000, 0x0000000707400000| Untracked 
|  81|0x0000000707500000, 0x0000000707500000, 0x0000000707600000|  0%| F|  |TAMS 0x0000000707500000, 0x0000000707500000| Untracked 
|  82|0x0000000707600000, 0x0000000707600000, 0x0000000707700000|  0%| F|  |TAMS 0x0000000707600000, 0x0000000707600000| Untracked 
|  83|0x0000000707700000, 0x0000000707700000, 0x0000000707800000|  0%| F|  |TAMS 0x0000000707700000, 0x0000000707700000| Untracked 
|  84|0x0000000707800000, 0x0000000707800000, 0x0000000707900000|  0%| F|  |TAMS 0x0000000707800000, 0x0000000707800000| Untracked 
|  85|0x0000000707900000, 0x0000000707900000, 0x0000000707a00000|  0%| F|  |TAMS 0x0000000707900000, 0x0000000707900000| Untracked 
|  86|0x0000000707a00000, 0x0000000707a00000, 0x0000000707b00000|  0%| F|  |TAMS 0x0000000707a00000, 0x0000000707a00000| Untracked 
|  87|0x0000000707b00000, 0x0000000707b00000, 0x0000000707c00000|  0%| F|  |TAMS 0x0000000707b00000, 0x0000000707b00000| Untracked 
|  88|0x0000000707c00000, 0x0000000707c00000, 0x0000000707d00000|  0%| F|  |TAMS 0x0000000707c00000, 0x0000000707c00000| Untracked 
|  89|0x0000000707d00000, 0x0000000707d00000, 0x0000000707e00000|  0%| F|  |TAMS 0x0000000707d00000, 0x0000000707d00000| Untracked 
|  90|0x0000000707e00000, 0x0000000707e00000, 0x0000000707f00000|  0%| F|  |TAMS 0x0000000707e00000, 0x0000000707e00000| Untracked 
|  91|0x0000000707f00000, 0x0000000707f00000, 0x0000000708000000|  0%| F|  |TAMS 0x0000000707f00000, 0x0000000707f00000| Untracked 
|  92|0x0000000708000000, 0x0000000708000000, 0x0000000708100000|  0%| F|  |TAMS 0x0000000708000000, 0x0000000708000000| Untracked 
|  93|0x0000000708100000, 0x0000000708100000, 0x0000000708200000|  0%| F|  |TAMS 0x0000000708100000, 0x0000000708100000| Untracked 
|  94|0x0000000708200000, 0x0000000708200000, 0x0000000708300000|  0%| F|  |TAMS 0x0000000708200000, 0x0000000708200000| Untracked 
|  95|0x0000000708300000, 0x0000000708300000, 0x0000000708400000|  0%| F|  |TAMS 0x0000000708300000, 0x0000000708300000| Untracked 
|  96|0x0000000708400000, 0x0000000708400000, 0x0000000708500000|  0%| F|  |TAMS 0x0000000708400000, 0x0000000708400000| Untracked 
|  97|0x0000000708500000, 0x0000000708500000, 0x0000000708600000|  0%| F|  |TAMS 0x0000000708500000, 0x0000000708500000| Untracked 
|  98|0x0000000708600000, 0x0000000708600000, 0x0000000708700000|  0%| F|  |TAMS 0x0000000708600000, 0x0000000708600000| Untracked 
|  99|0x0000000708700000, 0x0000000708700000, 0x0000000708800000|  0%| F|  |TAMS 0x0000000708700000, 0x0000000708700000| Untracked 
| 100|0x0000000708800000, 0x0000000708800000, 0x0000000708900000|  0%| F|  |TAMS 0x0000000708800000, 0x0000000708800000| Untracked 
| 101|0x0000000708900000, 0x0000000708900000, 0x0000000708a00000|  0%| F|  |TAMS 0x0000000708900000, 0x0000000708900000| Untracked 
| 102|0x0000000708a00000, 0x0000000708a00000, 0x0000000708b00000|  0%| F|  |TAMS 0x0000000708a00000, 0x0000000708a00000| Untracked 
| 103|0x0000000708b00000, 0x0000000708b00000, 0x0000000708c00000|  0%| F|  |TAMS 0x0000000708b00000, 0x0000000708b00000| Untracked 
| 104|0x0000000708c00000, 0x0000000708c00000, 0x0000000708d00000|  0%| F|  |TAMS 0x0000000708c00000, 0x0000000708c00000| Untracked 
| 105|0x0000000708d00000, 0x0000000708d00000, 0x0000000708e00000|  0%| F|  |TAMS 0x0000000708d00000, 0x0000000708d00000| Untracked 
| 106|0x0000000708e00000, 0x0000000708e00000, 0x0000000708f00000|  0%| F|  |TAMS 0x0000000708e00000, 0x0000000708e00000| Untracked 
| 107|0x0000000708f00000, 0x0000000708f00000, 0x0000000709000000|  0%| F|  |TAMS 0x0000000708f00000, 0x0000000708f00000| Untracked 
| 108|0x0000000709000000, 0x0000000709000000, 0x0000000709100000|  0%| F|  |TAMS 0x0000000709000000, 0x0000000709000000| Untracked 
| 109|0x0000000709100000, 0x0000000709100000, 0x0000000709200000|  0%| F|  |TAMS 0x0000000709100000, 0x0000000709100000| Untracked 
| 110|0x0000000709200000, 0x0000000709200000, 0x0000000709300000|  0%| F|  |TAMS 0x0000000709200000, 0x0000000709200000| Untracked 
| 111|0x0000000709300000, 0x0000000709300000, 0x0000000709400000|  0%| F|  |TAMS 0x0000000709300000, 0x0000000709300000| Untracked 
| 112|0x0000000709400000, 0x0000000709400000, 0x0000000709500000|  0%| F|  |TAMS 0x0000000709400000, 0x0000000709400000| Untracked 
| 113|0x0000000709500000, 0x0000000709500000, 0x0000000709600000|  0%| F|  |TAMS 0x0000000709500000, 0x0000000709500000| Untracked 
| 114|0x0000000709600000, 0x0000000709600000, 0x0000000709700000|  0%| F|  |TAMS 0x0000000709600000, 0x0000000709600000| Untracked 
| 115|0x0000000709700000, 0x0000000709700000, 0x0000000709800000|  0%| F|  |TAMS 0x0000000709700000, 0x0000000709700000| Untracked 
| 116|0x0000000709800000, 0x0000000709800000, 0x0000000709900000|  0%| F|  |TAMS 0x0000000709800000, 0x0000000709800000| Untracked 
| 117|0x0000000709900000, 0x0000000709900000, 0x0000000709a00000|  0%| F|  |TAMS 0x0000000709900000, 0x0000000709900000| Untracked 
| 118|0x0000000709a00000, 0x0000000709a00000, 0x0000000709b00000|  0%| F|  |TAMS 0x0000000709a00000, 0x0000000709a00000| Untracked 
| 119|0x0000000709b00000, 0x0000000709b00000, 0x0000000709c00000|  0%| F|  |TAMS 0x0000000709b00000, 0x0000000709b00000| Untracked 
| 120|0x0000000709c00000, 0x0000000709c00000, 0x0000000709d00000|  0%| F|  |TAMS 0x0000000709c00000, 0x0000000709c00000| Untracked 
| 121|0x0000000709d00000, 0x0000000709d00000, 0x0000000709e00000|  0%| F|  |TAMS 0x0000000709d00000, 0x0000000709d00000| Untracked 
| 122|0x0000000709e00000, 0x0000000709e00000, 0x0000000709f00000|  0%| F|  |TAMS 0x0000000709e00000, 0x0000000709e00000| Untracked 
| 123|0x0000000709f00000, 0x0000000709f00000, 0x000000070a000000|  0%| F|  |TAMS 0x0000000709f00000, 0x0000000709f00000| Untracked 
| 124|0x000000070a000000, 0x000000070a000000, 0x000000070a100000|  0%| F|  |TAMS 0x000000070a000000, 0x000000070a000000| Untracked 
| 125|0x000000070a100000, 0x000000070a100000, 0x000000070a200000|  0%| F|  |TAMS 0x000000070a100000, 0x000000070a100000| Untracked 
| 126|0x000000070a200000, 0x000000070a200000, 0x000000070a300000|  0%| F|  |TAMS 0x000000070a200000, 0x000000070a200000| Untracked 
| 127|0x000000070a300000, 0x000000070a300000, 0x000000070a400000|  0%| F|  |TAMS 0x000000070a300000, 0x000000070a300000| Untracked 
| 128|0x000000070a400000, 0x000000070a400000, 0x000000070a500000|  0%| F|  |TAMS 0x000000070a400000, 0x000000070a400000| Untracked 
| 129|0x000000070a500000, 0x000000070a500000, 0x000000070a600000|  0%| F|  |TAMS 0x000000070a500000, 0x000000070a500000| Untracked 
| 130|0x000000070a600000, 0x000000070a600000, 0x000000070a700000|  0%| F|  |TAMS 0x000000070a600000, 0x000000070a600000| Untracked 
| 131|0x000000070a700000, 0x000000070a700000, 0x000000070a800000|  0%| F|  |TAMS 0x000000070a700000, 0x000000070a700000| Untracked 
| 132|0x000000070a800000, 0x000000070a800000, 0x000000070a900000|  0%| F|  |TAMS 0x000000070a800000, 0x000000070a800000| Untracked 
| 133|0x000000070a900000, 0x000000070a900000, 0x000000070aa00000|  0%| F|  |TAMS 0x000000070a900000, 0x000000070a900000| Untracked 
| 134|0x000000070aa00000, 0x000000070aa00000, 0x000000070ab00000|  0%| F|  |TAMS 0x000000070aa00000, 0x000000070aa00000| Untracked 
| 135|0x000000070ab00000, 0x000000070ab00000, 0x000000070ac00000|  0%| F|  |TAMS 0x000000070ab00000, 0x000000070ab00000| Untracked 
| 136|0x000000070ac00000, 0x000000070ac00000, 0x000000070ad00000|  0%| F|  |TAMS 0x000000070ac00000, 0x000000070ac00000| Untracked 
| 137|0x000000070ad00000, 0x000000070ad00000, 0x000000070ae00000|  0%| F|  |TAMS 0x000000070ad00000, 0x000000070ad00000| Untracked 
| 138|0x000000070ae00000, 0x000000070ae00000, 0x000000070af00000|  0%| F|  |TAMS 0x000000070ae00000, 0x000000070ae00000| Untracked 
| 139|0x000000070af00000, 0x000000070af00000, 0x000000070b000000|  0%| F|  |TAMS 0x000000070af00000, 0x000000070af00000| Untracked 
| 140|0x000000070b000000, 0x000000070b000000, 0x000000070b100000|  0%| F|  |TAMS 0x000000070b000000, 0x000000070b000000| Untracked 
| 141|0x000000070b100000, 0x000000070b100000, 0x000000070b200000|  0%| F|  |TAMS 0x000000070b100000, 0x000000070b100000| Untracked 
| 142|0x000000070b200000, 0x000000070b200000, 0x000000070b300000|  0%| F|  |TAMS 0x000000070b200000, 0x000000070b200000| Untracked 
| 143|0x000000070b300000, 0x000000070b300000, 0x000000070b400000|  0%| F|  |TAMS 0x000000070b300000, 0x000000070b300000| Untracked 
| 144|0x000000070b400000, 0x000000070b400000, 0x000000070b500000|  0%| F|  |TAMS 0x000000070b400000, 0x000000070b400000| Untracked 
| 145|0x000000070b500000, 0x000000070b500000, 0x000000070b600000|  0%| F|  |TAMS 0x000000070b500000, 0x000000070b500000| Untracked 
| 146|0x000000070b600000, 0x000000070b600000, 0x000000070b700000|  0%| F|  |TAMS 0x000000070b600000, 0x000000070b600000| Untracked 
| 147|0x000000070b700000, 0x000000070b700000, 0x000000070b800000|  0%| F|  |TAMS 0x000000070b700000, 0x000000070b700000| Untracked 
| 148|0x000000070b800000, 0x000000070b800000, 0x000000070b900000|  0%| F|  |TAMS 0x000000070b800000, 0x000000070b800000| Untracked 
| 149|0x000000070b900000, 0x000000070b900000, 0x000000070ba00000|  0%| F|  |TAMS 0x000000070b900000, 0x000000070b900000| Untracked 
| 150|0x000000070ba00000, 0x000000070ba00000, 0x000000070bb00000|  0%| F|  |TAMS 0x000000070ba00000, 0x000000070ba00000| Untracked 
| 151|0x000000070bb00000, 0x000000070bb00000, 0x000000070bc00000|  0%| F|  |TAMS 0x000000070bb00000, 0x000000070bb00000| Untracked 
| 152|0x000000070bc00000, 0x000000070bc00000, 0x000000070bd00000|  0%| F|  |TAMS 0x000000070bc00000, 0x000000070bc00000| Untracked 
| 153|0x000000070bd00000, 0x000000070bd00000, 0x000000070be00000|  0%| F|  |TAMS 0x000000070bd00000, 0x000000070bd00000| Untracked 
| 154|0x000000070be00000, 0x000000070be00000, 0x000000070bf00000|  0%| F|  |TAMS 0x000000070be00000, 0x000000070be00000| Untracked 
| 155|0x000000070bf00000, 0x000000070bf00000, 0x000000070c000000|  0%| F|  |TAMS 0x000000070bf00000, 0x000000070bf00000| Untracked 
| 156|0x000000070c000000, 0x000000070c000000, 0x000000070c100000|  0%| F|  |TAMS 0x000000070c000000, 0x000000070c000000| Untracked 
| 157|0x000000070c100000, 0x000000070c100000, 0x000000070c200000|  0%| F|  |TAMS 0x000000070c100000, 0x000000070c100000| Untracked 
| 158|0x000000070c200000, 0x000000070c200000, 0x000000070c300000|  0%| F|  |TAMS 0x000000070c200000, 0x000000070c200000| Untracked 
| 159|0x000000070c300000, 0x000000070c300000, 0x000000070c400000|  0%| F|  |TAMS 0x000000070c300000, 0x000000070c300000| Untracked 
| 160|0x000000070c400000, 0x000000070c400000, 0x000000070c500000|  0%| F|  |TAMS 0x000000070c400000, 0x000000070c400000| Untracked 
| 161|0x000000070c500000, 0x000000070c500000, 0x000000070c600000|  0%| F|  |TAMS 0x000000070c500000, 0x000000070c500000| Untracked 
| 162|0x000000070c600000, 0x000000070c600000, 0x000000070c700000|  0%| F|  |TAMS 0x000000070c600000, 0x000000070c600000| Untracked 
| 163|0x000000070c700000, 0x000000070c700000, 0x000000070c800000|  0%| F|  |TAMS 0x000000070c700000, 0x000000070c700000| Untracked 
| 164|0x000000070c800000, 0x000000070c800000, 0x000000070c900000|  0%| F|  |TAMS 0x000000070c800000, 0x000000070c800000| Untracked 
| 165|0x000000070c900000, 0x000000070c900000, 0x000000070ca00000|  0%| F|  |TAMS 0x000000070c900000, 0x000000070c900000| Untracked 
| 166|0x000000070ca00000, 0x000000070ca00000, 0x000000070cb00000|  0%| F|  |TAMS 0x000000070ca00000, 0x000000070ca00000| Untracked 
| 167|0x000000070cb00000, 0x000000070cb00000, 0x000000070cc00000|  0%| F|  |TAMS 0x000000070cb00000, 0x000000070cb00000| Untracked 
| 168|0x000000070cc00000, 0x000000070cc00000, 0x000000070cd00000|  0%| F|  |TAMS 0x000000070cc00000, 0x000000070cc00000| Untracked 
| 169|0x000000070cd00000, 0x000000070cd00000, 0x000000070ce00000|  0%| F|  |TAMS 0x000000070cd00000, 0x000000070cd00000| Untracked 
| 170|0x000000070ce00000, 0x000000070ce00000, 0x000000070cf00000|  0%| F|  |TAMS 0x000000070ce00000, 0x000000070ce00000| Untracked 
| 171|0x000000070cf00000, 0x000000070cf00000, 0x000000070d000000|  0%| F|  |TAMS 0x000000070cf00000, 0x000000070cf00000| Untracked 
| 172|0x000000070d000000, 0x000000070d000000, 0x000000070d100000|  0%| F|  |TAMS 0x000000070d000000, 0x000000070d000000| Untracked 
| 173|0x000000070d100000, 0x000000070d100000, 0x000000070d200000|  0%| F|  |TAMS 0x000000070d100000, 0x000000070d100000| Untracked 
| 174|0x000000070d200000, 0x000000070d200000, 0x000000070d300000|  0%| F|  |TAMS 0x000000070d200000, 0x000000070d200000| Untracked 
| 175|0x000000070d300000, 0x000000070d300000, 0x000000070d400000|  0%| F|  |TAMS 0x000000070d300000, 0x000000070d300000| Untracked 
| 176|0x000000070d400000, 0x000000070d400000, 0x000000070d500000|  0%| F|  |TAMS 0x000000070d400000, 0x000000070d400000| Untracked 
| 177|0x000000070d500000, 0x000000070d500000, 0x000000070d600000|  0%| F|  |TAMS 0x000000070d500000, 0x000000070d500000| Untracked 
| 178|0x000000070d600000, 0x000000070d600000, 0x000000070d700000|  0%| F|  |TAMS 0x000000070d600000, 0x000000070d600000| Untracked 
| 179|0x000000070d700000, 0x000000070d700000, 0x000000070d800000|  0%| F|  |TAMS 0x000000070d700000, 0x000000070d700000| Untracked 
| 180|0x000000070d800000, 0x000000070d800000, 0x000000070d900000|  0%| F|  |TAMS 0x000000070d800000, 0x000000070d800000| Untracked 
| 181|0x000000070d900000, 0x000000070d900000, 0x000000070da00000|  0%| F|  |TAMS 0x000000070d900000, 0x000000070d900000| Untracked 
| 182|0x000000070da00000, 0x000000070da00000, 0x000000070db00000|  0%| F|  |TAMS 0x000000070da00000, 0x000000070da00000| Untracked 
| 183|0x000000070db00000, 0x000000070db00000, 0x000000070dc00000|  0%| F|  |TAMS 0x000000070db00000, 0x000000070db00000| Untracked 
| 184|0x000000070dc00000, 0x000000070dc00000, 0x000000070dd00000|  0%| F|  |TAMS 0x000000070dc00000, 0x000000070dc00000| Untracked 
| 185|0x000000070dd00000, 0x000000070dd00000, 0x000000070de00000|  0%| F|  |TAMS 0x000000070dd00000, 0x000000070dd00000| Untracked 
| 186|0x000000070de00000, 0x000000070de00000, 0x000000070df00000|  0%| F|  |TAMS 0x000000070de00000, 0x000000070de00000| Untracked 
| 187|0x000000070df00000, 0x000000070df00000, 0x000000070e000000|  0%| F|  |TAMS 0x000000070df00000, 0x000000070df00000| Untracked 
| 188|0x000000070e000000, 0x000000070e000000, 0x000000070e100000|  0%| F|  |TAMS 0x000000070e000000, 0x000000070e000000| Untracked 
| 189|0x000000070e100000, 0x000000070e100000, 0x000000070e200000|  0%| F|  |TAMS 0x000000070e100000, 0x000000070e100000| Untracked 
| 190|0x000000070e200000, 0x000000070e200000, 0x000000070e300000|  0%| F|  |TAMS 0x000000070e200000, 0x000000070e200000| Untracked 
| 191|0x000000070e300000, 0x000000070e300000, 0x000000070e400000|  0%| F|  |TAMS 0x000000070e300000, 0x000000070e300000| Untracked 
| 192|0x000000070e400000, 0x000000070e400000, 0x000000070e500000|  0%| F|  |TAMS 0x000000070e400000, 0x000000070e400000| Untracked 
| 193|0x000000070e500000, 0x000000070e500000, 0x000000070e600000|  0%| F|  |TAMS 0x000000070e500000, 0x000000070e500000| Untracked 
| 194|0x000000070e600000, 0x000000070e600000, 0x000000070e700000|  0%| F|  |TAMS 0x000000070e600000, 0x000000070e600000| Untracked 
| 195|0x000000070e700000, 0x000000070e700000, 0x000000070e800000|  0%| F|  |TAMS 0x000000070e700000, 0x000000070e700000| Untracked 
| 196|0x000000070e800000, 0x000000070e800000, 0x000000070e900000|  0%| F|  |TAMS 0x000000070e800000, 0x000000070e800000| Untracked 
| 197|0x000000070e900000, 0x000000070e900000, 0x000000070ea00000|  0%| F|  |TAMS 0x000000070e900000, 0x000000070e900000| Untracked 
| 198|0x000000070ea00000, 0x000000070ea00000, 0x000000070eb00000|  0%| F|  |TAMS 0x000000070ea00000, 0x000000070ea00000| Untracked 
| 199|0x000000070eb00000, 0x000000070eb00000, 0x000000070ec00000|  0%| F|  |TAMS 0x000000070eb00000, 0x000000070eb00000| Untracked 
| 200|0x000000070ec00000, 0x000000070ec00000, 0x000000070ed00000|  0%| F|  |TAMS 0x000000070ec00000, 0x000000070ec00000| Untracked 
| 201|0x000000070ed00000, 0x000000070ed00000, 0x000000070ee00000|  0%| F|  |TAMS 0x000000070ed00000, 0x000000070ed00000| Untracked 
| 202|0x000000070ee00000, 0x000000070ee00000, 0x000000070ef00000|  0%| F|  |TAMS 0x000000070ee00000, 0x000000070ee00000| Untracked 
| 203|0x000000070ef00000, 0x000000070ef00000, 0x000000070f000000|  0%| F|  |TAMS 0x000000070ef00000, 0x000000070ef00000| Untracked 
| 204|0x000000070f000000, 0x000000070f000000, 0x000000070f100000|  0%| F|  |TAMS 0x000000070f000000, 0x000000070f000000| Untracked 
| 205|0x000000070f100000, 0x000000070f100000, 0x000000070f200000|  0%| F|  |TAMS 0x000000070f100000, 0x000000070f100000| Untracked 
| 206|0x000000070f200000, 0x000000070f200000, 0x000000070f300000|  0%| F|  |TAMS 0x000000070f200000, 0x000000070f200000| Untracked 
| 207|0x000000070f300000, 0x000000070f300000, 0x000000070f400000|  0%| F|  |TAMS 0x000000070f300000, 0x000000070f300000| Untracked 
| 208|0x000000070f400000, 0x000000070f400000, 0x000000070f500000|  0%| F|  |TAMS 0x000000070f400000, 0x000000070f400000| Untracked 
| 209|0x000000070f500000, 0x000000070f500000, 0x000000070f600000|  0%| F|  |TAMS 0x000000070f500000, 0x000000070f500000| Untracked 
| 210|0x000000070f600000, 0x000000070f600000, 0x000000070f700000|  0%| F|  |TAMS 0x000000070f600000, 0x000000070f600000| Untracked 
| 211|0x000000070f700000, 0x000000070f700000, 0x000000070f800000|  0%| F|  |TAMS 0x000000070f700000, 0x000000070f700000| Untracked 
| 212|0x000000070f800000, 0x000000070f800000, 0x000000070f900000|  0%| F|  |TAMS 0x000000070f800000, 0x000000070f800000| Untracked 
| 213|0x000000070f900000, 0x000000070f900000, 0x000000070fa00000|  0%| F|  |TAMS 0x000000070f900000, 0x000000070f900000| Untracked 
| 214|0x000000070fa00000, 0x000000070fa00000, 0x000000070fb00000|  0%| F|  |TAMS 0x000000070fa00000, 0x000000070fa00000| Untracked 
| 215|0x000000070fb00000, 0x000000070fb00000, 0x000000070fc00000|  0%| F|  |TAMS 0x000000070fb00000, 0x000000070fb00000| Untracked 
| 216|0x000000070fc00000, 0x000000070fc64b60, 0x000000070fd00000| 39%| S|CS|TAMS 0x000000070fc00000, 0x000000070fc00000| Complete 
| 217|0x000000070fd00000, 0x000000070fe00000, 0x000000070fe00000|100%| S|CS|TAMS 0x000000070fd00000, 0x000000070fd00000| Complete 
| 218|0x000000070fe00000, 0x000000070ff00000, 0x000000070ff00000|100%| S|CS|TAMS 0x000000070fe00000, 0x000000070fe00000| Complete 
| 219|0x000000070ff00000, 0x0000000710000000, 0x0000000710000000|100%| S|CS|TAMS 0x000000070ff00000, 0x000000070ff00000| Complete 
| 220|0x0000000710000000, 0x0000000710100000, 0x0000000710100000|100%| S|CS|TAMS 0x0000000710000000, 0x0000000710000000| Complete 
| 221|0x0000000710100000, 0x0000000710200000, 0x0000000710200000|100%| S|CS|TAMS 0x0000000710100000, 0x0000000710100000| Complete 
| 222|0x0000000710200000, 0x0000000710300000, 0x0000000710300000|100%| S|CS|TAMS 0x0000000710200000, 0x0000000710200000| Complete 
| 223|0x0000000710300000, 0x0000000710300000, 0x0000000710400000|  0%| F|  |TAMS 0x0000000710300000, 0x0000000710300000| Untracked 
| 224|0x0000000710400000, 0x0000000710400000, 0x0000000710500000|  0%| F|  |TAMS 0x0000000710400000, 0x0000000710400000| Untracked 
| 225|0x0000000710500000, 0x0000000710500000, 0x0000000710600000|  0%| F|  |TAMS 0x0000000710500000, 0x0000000710500000| Untracked 
| 226|0x0000000710600000, 0x0000000710600000, 0x0000000710700000|  0%| F|  |TAMS 0x0000000710600000, 0x0000000710600000| Untracked 
| 227|0x0000000710700000, 0x0000000710700000, 0x0000000710800000|  0%| F|  |TAMS 0x0000000710700000, 0x0000000710700000| Untracked 
| 228|0x0000000710800000, 0x0000000710800000, 0x0000000710900000|  0%| F|  |TAMS 0x0000000710800000, 0x0000000710800000| Untracked 
| 229|0x0000000710900000, 0x0000000710900000, 0x0000000710a00000|  0%| F|  |TAMS 0x0000000710900000, 0x0000000710900000| Untracked 
| 230|0x0000000710a00000, 0x0000000710a00000, 0x0000000710b00000|  0%| F|  |TAMS 0x0000000710a00000, 0x0000000710a00000| Untracked 
| 231|0x0000000710b00000, 0x0000000710b00000, 0x0000000710c00000|  0%| F|  |TAMS 0x0000000710b00000, 0x0000000710b00000| Untracked 
| 232|0x0000000710c00000, 0x0000000710c00000, 0x0000000710d00000|  0%| F|  |TAMS 0x0000000710c00000, 0x0000000710c00000| Untracked 
| 233|0x0000000710d00000, 0x0000000710d00000, 0x0000000710e00000|  0%| F|  |TAMS 0x0000000710d00000, 0x0000000710d00000| Untracked 
| 234|0x0000000710e00000, 0x0000000710e00000, 0x0000000710f00000|  0%| F|  |TAMS 0x0000000710e00000, 0x0000000710e00000| Untracked 
| 235|0x0000000710f00000, 0x0000000710f00000, 0x0000000711000000|  0%| F|  |TAMS 0x0000000710f00000, 0x0000000710f00000| Untracked 
| 236|0x0000000711000000, 0x0000000711000000, 0x0000000711100000|  0%| F|  |TAMS 0x0000000711000000, 0x0000000711000000| Untracked 
| 237|0x0000000711100000, 0x0000000711100000, 0x0000000711200000|  0%| F|  |TAMS 0x0000000711100000, 0x0000000711100000| Untracked 
| 238|0x0000000711200000, 0x0000000711200000, 0x0000000711300000|  0%| F|  |TAMS 0x0000000711200000, 0x0000000711200000| Untracked 
| 239|0x0000000711300000, 0x0000000711300000, 0x0000000711400000|  0%| F|  |TAMS 0x0000000711300000, 0x0000000711300000| Untracked 
| 240|0x0000000711400000, 0x0000000711400000, 0x0000000711500000|  0%| F|  |TAMS 0x0000000711400000, 0x0000000711400000| Untracked 
| 241|0x0000000711500000, 0x0000000711500000, 0x0000000711600000|  0%| F|  |TAMS 0x0000000711500000, 0x0000000711500000| Untracked 
| 242|0x0000000711600000, 0x0000000711600000, 0x0000000711700000|  0%| F|  |TAMS 0x0000000711600000, 0x0000000711600000| Untracked 
| 243|0x0000000711700000, 0x0000000711700000, 0x0000000711800000|  0%| F|  |TAMS 0x0000000711700000, 0x0000000711700000| Untracked 
| 244|0x0000000711800000, 0x0000000711800000, 0x0000000711900000|  0%| F|  |TAMS 0x0000000711800000, 0x0000000711800000| Untracked 
| 245|0x0000000711900000, 0x0000000711921c90, 0x0000000711a00000| 13%| E|  |TAMS 0x0000000711900000, 0x0000000711900000| Complete 
| 246|0x0000000711a00000, 0x0000000711b00000, 0x0000000711b00000|100%| E|CS|TAMS 0x0000000711a00000, 0x0000000711a00000| Complete 
| 247|0x0000000711b00000, 0x0000000711c00000, 0x0000000711c00000|100%| E|CS|TAMS 0x0000000711b00000, 0x0000000711b00000| Complete 
| 248|0x0000000711c00000, 0x0000000711d00000, 0x0000000711d00000|100%| E|CS|TAMS 0x0000000711c00000, 0x0000000711c00000| Complete 
| 249|0x0000000711d00000, 0x0000000711e00000, 0x0000000711e00000|100%| E|CS|TAMS 0x0000000711d00000, 0x0000000711d00000| Complete 
| 250|0x0000000711e00000, 0x0000000711f00000, 0x0000000711f00000|100%| E|CS|TAMS 0x0000000711e00000, 0x0000000711e00000| Complete 
| 251|0x0000000711f00000, 0x0000000712000000, 0x0000000712000000|100%| E|CS|TAMS 0x0000000711f00000, 0x0000000711f00000| Complete 
| 252|0x0000000712000000, 0x0000000712100000, 0x0000000712100000|100%| E|CS|TAMS 0x0000000712000000, 0x0000000712000000| Complete 
| 253|0x0000000712100000, 0x0000000712200000, 0x0000000712200000|100%| E|CS|TAMS 0x0000000712100000, 0x0000000712100000| Complete 

Card table byte_map: [0x000002d2dfb30000,0x000002d2e0320000] _byte_map_base: 0x000002d2dc31e000

Marking Bits (Prev, Next): (CMBitMap*) 0x000002d2ca30c740, (CMBitMap*) 0x000002d2ca30c708
 Prev Bits: [0x000002d2e4a80000, 0x000002d2e89f0000)
 Next Bits: [0x000002d2e0b10000, 0x000002d2e4a80000)

Polling page: 0x000002d2c9fb0000

Metaspace:

Usage:
  Non-class:     19.06 MB capacity,    18.64 MB ( 98%) used,   352.90 KB (  2%) free+waste,    74.31 KB ( <1%) overhead. 
      Class:      2.88 MB capacity,     2.58 MB ( 90%) used,   264.97 KB (  9%) free+waste,    37.69 KB (  1%) overhead. 
       Both:     21.94 MB capacity,    21.23 MB ( 97%) used,   617.87 KB (  3%) free+waste,   112.00 KB ( <1%) overhead. 

Virtual space:
  Non-class space:       20.00 MB reserved,      19.25 MB ( 96%) committed 
      Class space:        1.00 GB reserved,       3.00 MB ( <1%) committed 
             Both:        1.02 GB reserved,      22.25 MB (  2%) committed 

Chunk freelists:
   Non-Class:  1.00 KB
       Class:  27.00 KB
        Both:  28.00 KB

MaxMetaspaceSize: 17179869184.00 GB
CompressedClassSpaceSize: 1.00 GB

CodeHeap 'non-profiled nmethods': size=120000Kb used=1076Kb max_used=1076Kb free=118923Kb
 bounds [0x000002d2d7170000, 0x000002d2d73e0000, 0x000002d2de6a0000]
CodeHeap 'profiled nmethods': size=120000Kb used=4160Kb max_used=4160Kb free=115839Kb
 bounds [0x000002d2cfc40000, 0x000002d2d0060000, 0x000002d2d7170000]
CodeHeap 'non-nmethods': size=5760Kb used=1329Kb max_used=1398Kb free=4430Kb
 bounds [0x000002d2cf6a0000, 0x000002d2cf910000, 0x000002d2cfc40000]
 total_blobs=3069 nmethods=2321 adapters=658
 compilation: enabled
              stopped_count=0, restarted_count=0
 full_count=0

Compilation events (20 events):
Event: 3.485 Thread 0x000002d2ec0ba800 2313       3       com.sun.javafx.tk.Toolkit::lambda$runPulse$2 (8 bytes)
Event: 3.485 Thread 0x000002d2ec0ba800 nmethod 2313 0x000002d2d0048e10 code [0x000002d2d0048fc0, 0x000002d2d0049168]
Event: 3.550 Thread 0x000002d2ec0ba800 2314       3       java.util.WeakHashMap::putAll (133 bytes)
Event: 3.550 Thread 0x000002d2ec0ba800 nmethod 2314 0x000002d2d0049210 code [0x000002d2d00494a0, 0x000002d2d004a068]
Event: 3.550 Thread 0x000002d2ec0ba800 2315       3       java.lang.invoke.VarHandleGuards::guard_LL_V (103 bytes)
Event: 3.551 Thread 0x000002d2ec0ba800 nmethod 2315 0x000002d2d004a310 code [0x000002d2d004a680, 0x000002d2d004c2e8]
Event: 3.551 Thread 0x000002d2ec0ba800 2316       3       java.lang.invoke.VarHandleObjects$FieldInstanceReadWrite::set (30 bytes)
Event: 3.551 Thread 0x000002d2ec0ba800 nmethod 2316 0x000002d2d004cb90 code [0x000002d2d004cdc0, 0x000002d2d004d508]
Event: 3.566 Thread 0x000002d2ec0ba800 2318       3       java.util.concurrent.locks.LockSupport::setBlocker (12 bytes)
Event: 3.566 Thread 0x000002d2ec0ba800 nmethod 2318 0x000002d2d004d810 code [0x000002d2d004d9c0, 0x000002d2d004daf8]
Event: 3.581 Thread 0x000002d2ec0ba800 2319       3       java.util.concurrent.locks.ReentrantLock::unlock (10 bytes)
Event: 3.582 Thread 0x000002d2ec0ba800 nmethod 2319 0x000002d2d004db90 code [0x000002d2d004dd60, 0x000002d2d004e098]
Event: 3.661 Thread 0x000002d2ec0ba800 2320       3       com.sun.scenario.animation.AnimationPulse::getDefaultBean (4 bytes)
Event: 3.662 Thread 0x000002d2ec0ba800 nmethod 2320 0x000002d2d004e210 code [0x000002d2d004e3c0, 0x000002d2d004e4b8]
Event: 3.710 Thread 0x000002d2ec0ba800 2321       3       java.util.concurrent.locks.AbstractQueuedSynchronizer::isOnSyncQueue (33 bytes)
Event: 3.710 Thread 0x000002d2ec0ba800 nmethod 2321 0x000002d2d004e590 code [0x000002d2d004e760, 0x000002d2d004eab8]
Event: 3.773 Thread 0x000002d2ec0ba800 2322       3       java.util.concurrent.LinkedBlockingDeque::unlinkFirst (74 bytes)
Event: 3.774 Thread 0x000002d2ec0ba800 nmethod 2322 0x000002d2d004ec10 code [0x000002d2d004ee20, 0x000002d2d004f468]
Event: 3.774 Thread 0x000002d2ec0ba800 2323       3       javafx.stage.Window$TKBoundsConfigurator::apply (175 bytes)
Event: 3.774 Thread 0x000002d2ec0ba800 nmethod 2323 0x000002d2d004f690 code [0x000002d2d004f8a0, 0x000002d2d004ffc8]

GC Heap History (4 events):
Event: 0.534 GC heap before
{Heap before GC invocations=0 (full 0):
 garbage-first heap   total 260096K, used 23552K [0x0000000702400000, 0x0000000800000000)
  region size 1024K, 24 young (24576K), 0 survivors (0K)
 Metaspace       used 12992K, capacity 13333K, committed 13568K, reserved 1060864K
  class space    used 1389K, capacity 1521K, committed 1536K, reserved 1048576K
}
Event: 0.536 GC heap after
{Heap after GC invocations=1 (full 0):
 garbage-first heap   total 260096K, used 3485K [0x0000000702400000, 0x0000000800000000)
  region size 1024K, 3 young (3072K), 3 survivors (3072K)
 Metaspace       used 12992K, capacity 13333K, committed 13568K, reserved 1060864K
  class space    used 1389K, capacity 1521K, committed 1536K, reserved 1048576K
}
Event: 1.029 GC heap before
{Heap before GC invocations=1 (full 0):
 garbage-first heap   total 260096K, used 33181K [0x0000000702400000, 0x0000000800000000)
  region size 1024K, 31 young (31744K), 3 survivors (3072K)
 Metaspace       used 20542K, capacity 21154K, committed 21248K, reserved 1067008K
  class space    used 2466K, capacity 2729K, committed 2816K, reserved 1048576K
}
Event: 1.035 GC heap after
{Heap after GC invocations=2 (full 0):
 garbage-first heap   total 260096K, used 9007K [0x0000000702400000, 0x0000000800000000)
  region size 1024K, 7 young (7168K), 7 survivors (7168K)
 Metaspace       used 20542K, capacity 21154K, committed 21248K, reserved 1067008K
  class space    used 2466K, capacity 2729K, committed 2816K, reserved 1048576K
}

Deoptimization events (20 events):
Event: 1.018 Thread 0x000002d2ec0b4800 DEOPT PACKING pc=0x000002d2d71fe518 sp=0x000000f2d7efecb0
Event: 1.018 Thread 0x000002d2ec0b4800 DEOPT UNPACKING pc=0x000002d2cf6c772f sp=0x000000f2d7efec68 mode 2
Event: 1.855 Thread 0x000002d2ed42d800 Uncommon trap: trap_request=0xffffff4d fr.pc=0x000002d2d71cde88 relative=0x00000000000003c8
Event: 1.855 Thread 0x000002d2ed42d800 Uncommon trap: reason=unstable_if action=reinterpret pc=0x000002d2d71cde88 method=jdk.internal.org.objectweb.asm.Type.getArgumentsAndReturnSizes(Ljava/lang/String;)I @ 47 c2
Event: 1.855 Thread 0x000002d2ed42d800 DEOPT PACKING pc=0x000002d2d71cde88 sp=0x000000f2d8bfba90
Event: 1.855 Thread 0x000002d2ed42d800 DEOPT UNPACKING pc=0x000002d2cf6c772f sp=0x000000f2d8bfba10 mode 2
Event: 2.722 Thread 0x000002d2ed06b800 DEOPT PACKING pc=0x000002d2cff6eaaf sp=0x000000f2d88fe0f0
Event: 2.722 Thread 0x000002d2ed06b800 DEOPT UNPACKING pc=0x000002d2cf6c754e sp=0x000000f2d88fd528 mode 0
Event: 3.023 Thread 0x000002d2ed06b800 Uncommon trap: trap_request=0xffffff4d fr.pc=0x000002d2d726f228 relative=0x0000000000002608
Event: 3.023 Thread 0x000002d2ed06b800 Uncommon trap: reason=unstable_if action=reinterpret pc=0x000002d2d726f228 method=com.sun.marlin.MaskMarlinAlphaConsumer.setAndClearRelativeAlphas([IIII)V @ 167 c2
Event: 3.023 Thread 0x000002d2ed06b800 DEOPT PACKING pc=0x000002d2d726f228 sp=0x000000f2d88fe1f0
Event: 3.023 Thread 0x000002d2ed06b800 DEOPT UNPACKING pc=0x000002d2cf6c772f sp=0x000000f2d88fdeb8 mode 2
Event: 3.023 Thread 0x000002d2ed06b800 Uncommon trap: trap_request=0xffffff4d fr.pc=0x000002d2d7260e90 relative=0x0000000000003030
Event: 3.023 Thread 0x000002d2ed06b800 Uncommon trap: reason=unstable_if action=reinterpret pc=0x000002d2d7260e90 method=com.sun.marlin.MaskMarlinAlphaConsumer.setAndClearRelativeAlphas([IIII)V @ 167 c2
Event: 3.023 Thread 0x000002d2ed06b800 DEOPT PACKING pc=0x000002d2d7260e90 sp=0x000000f2d88fe160
Event: 3.023 Thread 0x000002d2ed06b800 DEOPT UNPACKING pc=0x000002d2cf6c772f sp=0x000000f2d88fdeb8 mode 2
Event: 3.024 Thread 0x000002d2ed06b800 Uncommon trap: trap_request=0xffffff4d fr.pc=0x000002d2d724eac0 relative=0x00000000000034c0
Event: 3.024 Thread 0x000002d2ed06b800 Uncommon trap: reason=unstable_if action=reinterpret pc=0x000002d2d724eac0 method=com.sun.marlin.MaskMarlinAlphaConsumer.setAndClearRelativeAlphas([IIII)V @ 167 c2
Event: 3.024 Thread 0x000002d2ed06b800 DEOPT PACKING pc=0x000002d2d724eac0 sp=0x000000f2d88fe170
Event: 3.024 Thread 0x000002d2ed06b800 DEOPT UNPACKING pc=0x000002d2cf6c772f sp=0x000000f2d88fdeb8 mode 2

Classes redefined (0 events):
No events

Internal exceptions (20 events):
Event: 0.498 Thread 0x000002d2ed42d800 Exception <a 'java/lang/NoSuchMethodError'{0x0000000710c342f0}: 'java.lang.Object java.lang.invoke.DirectMethodHandle$Holder.invokeSpecial(java.lang.Object, java.lang.Object, int, int, java.lang.Object, java.lang.Object, java.lang.Object)'> (0x0000000710c342f0) thrown at [./src/hotspot/share/interpreter/linkResolver.cpp, line 773]
Event: 0.498 Thread 0x000002d2ed42d800 Exception <a 'java/lang/NoSuchMethodError'{0x0000000710c37880}: 'java.lang.Object java.lang.invoke.DelegatingMethodHandle$Holder.reinvoke_L(java.lang.Object, int, int, java.lang.Object, java.lang.Object, java.lang.Object)'> (0x0000000710c37880) thrown at [./src/hotspot/share/interpreter/linkResolver.cpp, line 773]
Event: 0.498 Thread 0x000002d2ed42d800 Exception <a 'java/lang/NoSuchMethodError'{0x0000000710c3b780}: 'java.lang.Object java.lang.invoke.DirectMethodHandle$Holder.invokeStatic(java.lang.Object, java.lang.Object, java.lang.Object, java.lang.Object, int)'> (0x0000000710c3b780) thrown at [./src/hotspot/share/interpreter/linkResolver.cpp, line 773]
Event: 0.537 Thread 0x000002d2ed42d800 Exception <a 'java/lang/NoSuchMethodError'{0x000000071210c030}: 'java.lang.Object java.lang.invoke.DirectMethodHandle$Holder.invokeStaticInit(java.lang.Object, java.lang.Object, java.lang.Object, java.lang.Object)'> (0x000000071210c030) thrown at [./src/hotspot/share/interpreter/linkResolver.cpp, line 773]
Event: 0.538 Thread 0x000002d2ed42d800 Exception <a 'java/lang/NullPointerException'{0x00000007121198e0}> (0x00000007121198e0) thrown at [./src/hotspot/share/interpreter/linkResolver.cpp, line 1358]
Event: 0.538 Thread 0x000002d2ed42d800 Exception <a 'java/lang/NullPointerException'{0x00000007121198e0}> (0x00000007121198e0) thrown at [./src/hotspot/share/prims/jvm.cpp, line 1309]
Event: 0.540 Thread 0x000002d2ed42d800 Exception <a 'java/lang/NoSuchMethodError'{0x000000071213d908}: 'void java.lang.invoke.DirectMethodHandle$Holder.invokeSpecial(java.lang.Object, java.lang.Object, java.lang.Object, java.lang.Object, java.lang.Object)'> (0x000000071213d908) thrown at [./src/hotspot/share/interpreter/linkResolver.cpp, line 773]
Event: 0.565 Thread 0x000002d2ed42d800 Exception <a 'java/lang/NoSuchMethodError'{0x0000000711e5daf0}: 'java.lang.Object java.lang.invoke.DirectMethodHandle$Holder.invokeStatic(java.lang.Object, java.lang.Object, java.lang.Object, java.lang.Object, java.lang.Object, java.lang.Object, java.lang.Object, java.lang.Object, java.lang.Object, java.lang.Object, java.lang.Object, int)'> (0x0000000711e5daf0) thrown at [./src/hotspot/share/interpreter/linkResolver.cpp, line 773]
Event: 0.565 Thread 0x000002d2ed42d800 Exception <a 'java/lang/NoSuchMethodError'{0x0000000711e7bc98}: 'java.lang.Object java.lang.invoke.DirectMethodHandle$Holder.invokeStatic(java.lang.Object, java.lang.Object, java.lang.Object, java.lang.Object, java.lang.Object, java.lang.Object, java.lang.Object, java.lang.Object, java.lang.Object, java.lang.Object, java.lang.Object, int, int)'> (0x0000000711e7bc98) thrown at [./src/hotspot/share/interpreter/linkResolver.cpp, line 773]
Event: 0.567 Thread 0x000002d2ed42d800 Exception <a 'java/lang/NoSuchMethodError'{0x0000000711e9af30}: 'java.lang.Object java.lang.invoke.DirectMethodHandle$Holder.invokeStatic(java.lang.Object, java.lang.Object, java.lang.Object, java.lang.Object, java.lang.Object, java.lang.Object, java.lang.Object, java.lang.Object, java.lang.Object, java.lang.Object, java.lang.Object, int, int, java.lang.Object)'> (0x0000000711e9af30) thrown at [./src/hotspot/share/interpreter/linkResolver.cpp, line 773]
Event: 0.569 Thread 0x000002d2ed42d800 Exception <a 'java/lang/NoSuchMethodError'{0x0000000711ebb690}: 'java.lang.Object java.lang.invoke.DirectMethodHandle$Holder.invokeStatic(java.lang.Object, java.lang.Object, java.lang.Object, java.lang.Object, java.lang.Object, java.lang.Object, java.lang.Object, java.lang.Object, java.lang.Object, java.lang.Object, java.lang.Object, int, int, java.lang.Object, java.lang.Object)'> (0x0000000711ebb690) thrown at [./src/hotspot/share/interpreter/linkResolver.cpp, line 773]
Event: 0.617 Thread 0x000002d2ed42d800 Exception <a 'java/lang/NoSuchMethodError'{0x000000071199e560}: 'void java.lang.invoke.DirectMethodHandle$Holder.invokeStaticInit(java.lang.Object, java.lang.Object)'> (0x000000071199e560) thrown at [./src/hotspot/share/interpreter/linkResolver.cpp, line 773]
Event: 0.687 Thread 0x000002d2ed42d800 Implicit null exception at 0x000002d2d71a5af8 to 0x000002d2d71a5b8a
Event: 0.799 Thread 0x000002d2ed42d800 Exception <a 'java/lang/NoSuchMethodError'{0x0000000710f924a0}: 'java.lang.Object java.lang.invoke.Invokers$Holder.linkToTargetMethod(java.lang.Object, int, java.lang.Object)'> (0x0000000710f924a0) thrown at [./src/hotspot/share/interpreter/linkResolver.cpp, line 773]
Event: 0.809 Thread 0x000002d2ed42d800 Exception <a 'java/lang/NoSuchMethodError'{0x0000000710e53040}: 'java.lang.Object java.lang.invoke.DirectMethodHandle$Holder.invokeInterface(java.lang.Object, java.lang.Object, java.lang.Object)'> (0x0000000710e53040) thrown at [./src/hotspot/share/interpreter/linkResolver.cpp, line 773]
Event: 0.809 Thread 0x000002d2ed42d800 Exception <a 'java/lang/IncompatibleClassChangeError'{0x0000000710e561f8}: Found class java.lang.Object, but interface was expected> (0x0000000710e561f8) thrown at [./src/hotspot/share/interpreter/linkResolver.cpp, line 839]
Event: 0.875 Thread 0x000002d2ed06b800 Exception <a 'java/lang/NoSuchMethodError'{0x0000000710b99960}: 'int java.lang.invoke.DirectMethodHandle$Holder.invokeStaticInit(java.lang.Object, java.lang.Object)'> (0x0000000710b99960) thrown at [./src/hotspot/share/interpreter/linkResolver.cpp, line 773]
Event: 1.855 Thread 0x000002d2ed42d800 Exception <a 'java/lang/NoSuchMethodError'{0x0000000711f4fa00}: 'long java.lang.invoke.DirectMethodHandle$Holder.invokeStaticInit(java.lang.Object, java.lang.Object, java.lang.Object)'> (0x0000000711f4fa00) thrown at [./src/hotspot/share/interpreter/linkResolver.cpp, line 773]
Event: 1.856 Thread 0x000002d2ed42d800 Exception <a 'java/lang/NoSuchMethodError'{0x0000000711f68048}: 'java.lang.Object java.lang.invoke.DirectMethodHandle$Holder.invokeStatic(java.lang.Object, java.lang.Object, long)'> (0x0000000711f68048) thrown at [./src/hotspot/share/interpreter/linkResolver.cpp, line 773]
Event: 1.856 Thread 0x000002d2ed42d800 Exception <a 'java/lang/NoSuchMethodError'{0x0000000711f6e1c0}: 'java.lang.Object java.lang.invoke.Invokers$Holder.linkToTargetMethod(java.lang.Object, long, java.lang.Object)'> (0x0000000711f6e1c0) thrown at [./src/hotspot/share/interpreter/linkResolver.cpp, line 773]

Events (20 events):
Event: 2.689 loading class com/intelligt/modbus/jlibmodbus/utils/ByteFifo$ByteArrayOutputStream
Event: 2.689 loading class com/intelligt/modbus/jlibmodbus/utils/ByteFifo$ByteArrayOutputStream done
Event: 2.689 Executing VM operation: Deoptimize
Event: 2.689 Executing VM operation: Deoptimize done
Event: 2.689 loading class com/intelligt/modbus/jlibmodbus/utils/ModbusExceptionCode
Event: 2.689 loading class com/intelligt/modbus/jlibmodbus/utils/ModbusExceptionCode done
Event: 2.690 loading class com/intelligt/modbus/jlibmodbus/utils/ModbusFunctionCode
Event: 2.690 loading class com/intelligt/modbus/jlibmodbus/utils/ModbusFunctionCode done
Event: 2.690 loading class com/intelligt/modbus/jlibmodbus/data/CommStatus
Event: 2.690 loading class com/intelligt/modbus/jlibmodbus/data/CommStatus done
Event: 2.691 loading class com/intelligt/modbus/jlibmodbus/utils/DataUtils
Event: 2.691 loading class com/intelligt/modbus/jlibmodbus/utils/DataUtils done
Event: 2.730 Loaded shared library C:\javafx-sdk-16\bin\prism_d3d.dll
Event: 2.734 Executing VM operation: RevokeBias
Event: 2.734 Executing VM operation: RevokeBias done
Event: 2.734 Executing VM operation: RevokeBias
Event: 2.734 Executing VM operation: RevokeBias done
Event: 2.909 Thread 0x000002d2eee0f800 Thread exited: 0x000002d2eee0f800
Event: 3.350 Executing VM operation: RevokeBias
Event: 3.350 Executing VM operation: RevokeBias done


Dynamic libraries:
0x00007ff607d40000 - 0x00007ff607d4a000 	C:\Program Files\JetBrains\IntelliJ IDEA 2020.3.2\jbr\bin\java.exe
0x00007ffff55f0000 - 0x00007ffff57dd000 	C:\WINDOWS\SYSTEM32\ntdll.dll
0x00007ffff2810000 - 0x00007ffff28c3000 	C:\WINDOWS\System32\KERNEL32.DLL
0x00007ffff16d0000 - 0x00007ffff1965000 	C:\WINDOWS\System32\KERNELBASE.dll
0x00007ffff2480000 - 0x00007ffff257a000 	C:\WINDOWS\System32\ucrtbase.dll
0x00007fffee310000 - 0x00007fffee327000 	C:\Program Files\JetBrains\IntelliJ IDEA 2020.3.2\jbr\bin\VCRUNTIME140.dll
0x00007fffefbe0000 - 0x00007fffefbf9000 	C:\Program Files\JetBrains\IntelliJ IDEA 2020.3.2\jbr\bin\jli.dll
0x00007ffff52c0000 - 0x00007ffff5457000 	C:\WINDOWS\System32\USER32.dll
0x00007ffff16b0000 - 0x00007ffff16d0000 	C:\WINDOWS\System32\win32u.dll
0x00007ffff2ad0000 - 0x00007ffff2af9000 	C:\WINDOWS\System32\GDI32.dll
0x00007fffd3350000 - 0x00007fffd35c9000 	C:\WINDOWS\WinSxS\amd64_microsoft.windows.common-controls_6595b64144ccf1df_6.0.17763.1282_none_de75b6f253473c0f\COMCTL32.dll
0x00007ffff1b90000 - 0x00007ffff1d2a000 	C:\WINDOWS\System32\gdi32full.dll
0x00007ffff33a0000 - 0x00007ffff343e000 	C:\WINDOWS\System32\msvcrt.dll
0x00007ffff1a90000 - 0x00007ffff1b30000 	C:\WINDOWS\System32\msvcp_win.dll
0x00007ffff4d90000 - 0x00007ffff50bc000 	C:\WINDOWS\System32\combase.dll
0x00007ffff2b00000 - 0x00007ffff2c22000 	C:\WINDOWS\System32\RPCRT4.dll
0x00007ffff1970000 - 0x00007ffff19ee000 	C:\WINDOWS\System32\bcryptPrimitives.dll
0x00007ffff35f0000 - 0x00007ffff361e000 	C:\WINDOWS\System32\IMM32.DLL
0x00007fffdf160000 - 0x00007fffdf1fd000 	C:\Program Files\JetBrains\IntelliJ IDEA 2020.3.2\jbr\bin\msvcp140.dll
0x00007fffd2010000 - 0x00007fffd2ade000 	C:\Program Files\JetBrains\IntelliJ IDEA 2020.3.2\jbr\bin\server\jvm.dll
0x00007ffff50d0000 - 0x00007ffff5173000 	C:\WINDOWS\System32\ADVAPI32.dll
0x00007ffff31c0000 - 0x00007ffff325e000 	C:\WINDOWS\System32\sechost.dll
0x00007ffff3620000 - 0x00007ffff3628000 	C:\WINDOWS\System32\PSAPI.DLL
0x00007fffc8fd0000 - 0x00007fffc8fd9000 	C:\WINDOWS\SYSTEM32\WSOCK32.dll
0x00007ffff0540000 - 0x00007ffff054a000 	C:\WINDOWS\SYSTEM32\VERSION.dll
0x00007fffeaad0000 - 0x00007fffeaaf4000 	C:\WINDOWS\SYSTEM32\WINMM.dll
0x00007ffff3280000 - 0x00007ffff32ed000 	C:\WINDOWS\System32\WS2_32.dll
0x00007fffeaaa0000 - 0x00007fffeaacd000 	C:\WINDOWS\SYSTEM32\winmmbase.dll
0x00007ffff19f0000 - 0x00007ffff1a3a000 	C:\WINDOWS\System32\cfgmgr32.dll
0x00007ffff1610000 - 0x00007ffff1621000 	C:\WINDOWS\System32\kernel.appcore.dll
0x00007fffef960000 - 0x00007fffef971000 	C:\Program Files\JetBrains\IntelliJ IDEA 2020.3.2\jbr\bin\verify.dll
0x00007fffe6a20000 - 0x00007fffe6c0d000 	C:\WINDOWS\SYSTEM32\DBGHELP.DLL
0x00007fffe69f0000 - 0x00007fffe6a1a000 	C:\WINDOWS\SYSTEM32\dbgcore.DLL
0x00007fffeec10000 - 0x00007fffeec39000 	C:\Program Files\JetBrains\IntelliJ IDEA 2020.3.2\jbr\bin\java.dll
0x00007fffefbc0000 - 0x00007fffefbcb000 	C:\Program Files\JetBrains\IntelliJ IDEA 2020.3.2\jbr\bin\jimage.dll
0x00007fffeebc0000 - 0x00007fffeebcf000 	C:\Program Files\JetBrains\IntelliJ IDEA 2020.3.2\jbr\bin\instrument.dll
0x00007fffeec50000 - 0x00007fffeec68000 	C:\Program Files\JetBrains\IntelliJ IDEA 2020.3.2\jbr\bin\zip.dll
0x00007ffff3690000 - 0x00007ffff4b88000 	C:\WINDOWS\System32\SHELL32.dll
0x00007ffff32f0000 - 0x00007ffff3398000 	C:\WINDOWS\System32\shcore.dll
0x00007ffff1d30000 - 0x00007ffff247f000 	C:\WINDOWS\System32\windows.storage.dll
0x00007ffff15e0000 - 0x00007ffff1604000 	C:\WINDOWS\System32\profapi.dll
0x00007ffff1630000 - 0x00007ffff168d000 	C:\WINDOWS\System32\powrprof.dll
0x00007ffff2c30000 - 0x00007ffff2c82000 	C:\WINDOWS\System32\shlwapi.dll
0x00007ffff1a70000 - 0x00007ffff1a87000 	C:\WINDOWS\System32\cryptsp.dll
0x00007fffeb7e0000 - 0x00007fffeb7fa000 	C:\Program Files\JetBrains\IntelliJ IDEA 2020.3.2\jbr\bin\net.dll
0x00007fffedc80000 - 0x00007fffedd72000 	C:\WINDOWS\SYSTEM32\WINHTTP.dll
0x00007ffff0e40000 - 0x00007ffff0ea7000 	C:\WINDOWS\system32\mswsock.dll
0x00007fffeb7c0000 - 0x00007fffeb7d4000 	C:\Program Files\JetBrains\IntelliJ IDEA 2020.3.2\jbr\bin\nio.dll
0x00007fffe9ab0000 - 0x00007fffe9aca000 	C:\Program Files\JetBrains\IntelliJ IDEA 2020.3.2\bin\breakgen64.dll
0x000002d2ca3b0000 - 0x000002d2ca3b3000 	C:\javafx-sdk-16\bin\api-ms-win-core-console-l1-1-0.dll
0x000002d2eddf0000 - 0x000002d2eddf3000 	C:\javafx-sdk-16\bin\api-ms-win-core-console-l1-2-0.dll
0x000002d2ede00000 - 0x000002d2ede03000 	C:\javafx-sdk-16\bin\api-ms-win-core-datetime-l1-1-0.dll
0x000002d2edc90000 - 0x000002d2edc93000 	C:\javafx-sdk-16\bin\api-ms-win-core-debug-l1-1-0.dll
0x000002d2edca0000 - 0x000002d2edca3000 	C:\javafx-sdk-16\bin\api-ms-win-core-errorhandling-l1-1-0.dll
0x000002d2edcb0000 - 0x000002d2edcb4000 	C:\javafx-sdk-16\bin\api-ms-win-core-file-l1-1-0.dll
0x000002d2edcc0000 - 0x000002d2edcc3000 	C:\javafx-sdk-16\bin\api-ms-win-core-file-l1-2-0.dll
0x000002d2edcd0000 - 0x000002d2edcd3000 	C:\javafx-sdk-16\bin\api-ms-win-core-file-l2-1-0.dll
0x000002d2edce0000 - 0x000002d2edce3000 	C:\javafx-sdk-16\bin\api-ms-win-core-handle-l1-1-0.dll
0x000002d2edcf0000 - 0x000002d2edcf3000 	C:\javafx-sdk-16\bin\api-ms-win-core-heap-l1-1-0.dll
0x000002d2edd00000 - 0x000002d2edd03000 	C:\javafx-sdk-16\bin\api-ms-win-core-interlocked-l1-1-0.dll
0x000002d2edd10000 - 0x000002d2edd13000 	C:\javafx-sdk-16\bin\api-ms-win-core-libraryloader-l1-1-0.dll
0x000002d2edd20000 - 0x000002d2edd23000 	C:\javafx-sdk-16\bin\api-ms-win-core-localization-l1-2-0.dll
0x000002d2edd30000 - 0x000002d2edd33000 	C:\javafx-sdk-16\bin\api-ms-win-core-memory-l1-1-0.dll
0x000002d2edd40000 - 0x000002d2edd43000 	C:\javafx-sdk-16\bin\api-ms-win-core-namedpipe-l1-1-0.dll
0x000002d2edd50000 - 0x000002d2edd53000 	C:\javafx-sdk-16\bin\api-ms-win-core-processenvironment-l1-1-0.dll
0x000002d2edd60000 - 0x000002d2edd63000 	C:\javafx-sdk-16\bin\api-ms-win-core-processthreads-l1-1-0.dll
0x000002d2edd70000 - 0x000002d2edd73000 	C:\javafx-sdk-16\bin\api-ms-win-core-processthreads-l1-1-1.dll
0x000002d2edd80000 - 0x000002d2edd83000 	C:\javafx-sdk-16\bin\api-ms-win-core-profile-l1-1-0.dll
0x000002d2edd90000 - 0x000002d2edd93000 	C:\javafx-sdk-16\bin\api-ms-win-core-rtlsupport-l1-1-0.dll
0x000002d2edda0000 - 0x000002d2edda3000 	C:\javafx-sdk-16\bin\api-ms-win-core-string-l1-1-0.dll
0x000002d2eddb0000 - 0x000002d2eddb3000 	C:\javafx-sdk-16\bin\api-ms-win-core-synch-l1-1-0.dll
0x000002d2eddc0000 - 0x000002d2eddc3000 	C:\javafx-sdk-16\bin\api-ms-win-core-synch-l1-2-0.dll
0x000002d2eddd0000 - 0x000002d2eddd3000 	C:\javafx-sdk-16\bin\api-ms-win-core-sysinfo-l1-1-0.dll
0x000002d2edde0000 - 0x000002d2edde3000 	C:\javafx-sdk-16\bin\api-ms-win-core-timezone-l1-1-0.dll
0x000002d2ede10000 - 0x000002d2ede13000 	C:\javafx-sdk-16\bin\api-ms-win-core-util-l1-1-0.dll
0x000002d2ede20000 - 0x000002d2ede23000 	C:\javafx-sdk-16\bin\api-ms-win-crt-conio-l1-1-0.dll
0x000002d2ede30000 - 0x000002d2ede34000 	C:\javafx-sdk-16\bin\api-ms-win-crt-convert-l1-1-0.dll
0x000002d2ede40000 - 0x000002d2ede43000 	C:\javafx-sdk-16\bin\api-ms-win-crt-environment-l1-1-0.dll
0x000002d2ede50000 - 0x000002d2ede53000 	C:\javafx-sdk-16\bin\api-ms-win-crt-filesystem-l1-1-0.dll
0x000002d2ede60000 - 0x000002d2ede63000 	C:\javafx-sdk-16\bin\api-ms-win-crt-heap-l1-1-0.dll
0x000002d2edfd0000 - 0x000002d2edfd3000 	C:\javafx-sdk-16\bin\api-ms-win-crt-locale-l1-1-0.dll
0x000002d2edfe0000 - 0x000002d2edfe5000 	C:\javafx-sdk-16\bin\api-ms-win-crt-math-l1-1-0.dll
0x000002d2ede70000 - 0x000002d2ede75000 	C:\javafx-sdk-16\bin\api-ms-win-crt-multibyte-l1-1-0.dll
0x000002d2ede80000 - 0x000002d2ede90000 	C:\javafx-sdk-16\bin\api-ms-win-crt-private-l1-1-0.dll
0x000002d2ede90000 - 0x000002d2ede93000 	C:\javafx-sdk-16\bin\api-ms-win-crt-process-l1-1-0.dll
0x000002d2edea0000 - 0x000002d2edea4000 	C:\javafx-sdk-16\bin\api-ms-win-crt-runtime-l1-1-0.dll
0x000002d2edeb0000 - 0x000002d2edeb4000 	C:\javafx-sdk-16\bin\api-ms-win-crt-stdio-l1-1-0.dll
0x000002d2edec0000 - 0x000002d2edec4000 	C:\javafx-sdk-16\bin\api-ms-win-crt-string-l1-1-0.dll
0x000002d2eded0000 - 0x000002d2eded3000 	C:\javafx-sdk-16\bin\api-ms-win-crt-time-l1-1-0.dll
0x000002d2edee0000 - 0x000002d2edee3000 	C:\javafx-sdk-16\bin\api-ms-win-crt-utility-l1-1-0.dll
0x00007fffc1760000 - 0x00007fffc185c000 	C:\javafx-sdk-16\bin\ucrtbase.dll
0x00007fffe9920000 - 0x00007fffe9939000 	C:\javafx-sdk-16\bin\vcruntime140.dll
0x00007fffeb0b0000 - 0x00007fffeb0bc000 	C:\javafx-sdk-16\bin\vcruntime140_1.dll
0x00007fffdead0000 - 0x00007fffdeb61000 	C:\javafx-sdk-16\bin\msvcp140.dll
0x00007fffdf6c0000 - 0x00007fffdf6e7000 	C:\javafx-sdk-16\bin\prism_d3d.dll
0x00007fffdd650000 - 0x00007fffdd7ee000 	C:\WINDOWS\system32\d3d9.dll
0x00007fffef4a0000 - 0x00007fffef4ce000 	C:\WINDOWS\SYSTEM32\dwmapi.dll
0x00007ffff2580000 - 0x00007ffff275c000 	C:\WINDOWS\System32\CRYPT32.dll
0x00007ffff1690000 - 0x00007ffff16a2000 	C:\WINDOWS\System32\MSASN1.dll
0x00007fffef1a0000 - 0x00007fffef23c000 	C:\WINDOWS\system32\uxtheme.dll
0x00007fffe6900000 - 0x00007fffe69ec000 	C:\WINDOWS\System32\DriverStore\FileRepository\nv_dispwi.inf_amd64_55833c8e0c46d698\nvldumdx.dll
0x00007ffff1b30000 - 0x00007ffff1b89000 	C:\WINDOWS\System32\WINTRUST.DLL
0x00007ffff3260000 - 0x00007ffff327d000 	C:\WINDOWS\System32\imagehlp.dll
0x00007ffff0760000 - 0x00007ffff0793000 	C:\WINDOWS\system32\rsaenh.dll
0x00007ffff1a40000 - 0x00007ffff1a66000 	C:\WINDOWS\System32\bcrypt.dll
0x00007ffff1010000 - 0x00007ffff101c000 	C:\WINDOWS\SYSTEM32\CRYPTBASE.dll
0x00007fff63580000 - 0x00007fff64963000 	C:\WINDOWS\System32\DriverStore\FileRepository\nv_dispwi.inf_amd64_55833c8e0c46d698\nvd3dumx.dll
0x00007fffde400000 - 0x00007fffde442000 	C:\javafx-sdk-16\bin\glass.dll
0x00007ffff4c60000 - 0x00007ffff4d87000 	C:\WINDOWS\System32\COMDLG32.dll
0x00007ffff5460000 - 0x00007ffff55b5000 	C:\WINDOWS\System32\ole32.dll
0x00007ffff4b90000 - 0x00007ffff4c54000 	C:\WINDOWS\System32\OLEAUT32.dll
0x00007ffff28d0000 - 0x00007ffff2a3d000 	C:\WINDOWS\System32\MSCTF.dll
0x00007fffdfe70000 - 0x00007fffdff33000 	C:\Program Files (x86)\NVIDIA Corporation\3D Vision\nvSCPAPI64.dll
0x00007ffff2d40000 - 0x00007ffff31b6000 	C:\WINDOWS\System32\SETUPAPI.dll
0x00007fffefec0000 - 0x00007fffefee2000 	C:\WINDOWS\SYSTEM32\gpapi.dll
0x00007fffe59f0000 - 0x00007fffe5a1f000 	C:\WINDOWS\SYSTEM32\cryptnet.dll
0x00007fffe9900000 - 0x00007fffe9914000 	C:\javafx-sdk-16\bin\javafx_font.dll
0x00007fffc4970000 - 0x00007fffc4c6c000 	C:\WINDOWS\SYSTEM32\dwrite.dll
0x00007ffff2c90000 - 0x00007ffff2d32000 	C:\WINDOWS\System32\clbcatq.dll
0x00007fffe8050000 - 0x00007fffe8208000 	C:\WINDOWS\SYSTEM32\WindowsCodecs.dll
0x00007fffb4810000 - 0x00007fffb4866000 	C:\WINDOWS\system32\dataexchange.dll
0x00007fffed8b0000 - 0x00007fffedb2e000 	C:\WINDOWS\system32\d3d11.dll
0x00007fffed290000 - 0x00007fffed453000 	C:\WINDOWS\system32\dcomp.dll
0x00007ffff00e0000 - 0x00007ffff01a2000 	C:\WINDOWS\system32\dxgi.dll
0x00007fffef4d0000 - 0x00007fffef6e4000 	C:\WINDOWS\system32\twinapi.appcore.dll
0x00007fffef6f0000 - 0x00007fffef718000 	C:\WINDOWS\system32\RMCLIENT.dll
0x00007fffef0c0000 - 0x00007fffef0f3000 	C:\Program Files\Common Files\Microsoft Shared\Ink\rtscom.dll
0x00007fffc68c0000 - 0x00007fffc6955000 	C:\WINDOWS\System32\TextInputFramework.dll

dbghelp: loaded successfully - version: 4.0.5 - missing functions: none
symbol engine: initialized successfully - sym options: 0x614 - pdb path: .;C:\Program Files\JetBrains\IntelliJ IDEA 2020.3.2\jbr\bin;C:\WINDOWS\SYSTEM32;C:\WINDOWS\WinSxS\amd64_microsoft.windows.common-controls_6595b64144ccf1df_6.0.17763.1282_none_de75b6f253473c0f;C:\Program Files\JetBrains\IntelliJ IDEA 2020.3.2\jbr\bin\server;C:\Program Files\JetBrains\IntelliJ IDEA 2020.3.2\bin;C:\javafx-sdk-16\bin;C:\WINDOWS\System32\DriverStore\FileRepository\nv_dispwi.inf_amd64_55833c8e0c46d698;C:\Program Files (x86)\NVIDIA Corporation\3D Vision;C:\Program Files\Common Files\Microsoft Shared\Ink;C:\Users\lparadylo\.jssc\windows

VM Arguments:
jvm_args: --module-path=C:/javafx-sdk-16/lib --add-modules=javafx.controls,javafx.fxml,javafx.graphics -javaagent:C:\Program Files\JetBrains\IntelliJ IDEA 2020.3.2\lib\idea_rt.jar=53672:C:\Program Files\JetBrains\IntelliJ IDEA 2020.3.2\bin -Dfile.encoding=UTF-8 
java_command: sample.Main
java_class_path (initial): C:\Projects\multiKulti\out\production\multiKulti;C:\javafx-sdk-16\lib\javafx-swt.jar;C:\javafx-sdk-16\lib\javafx.base.jar;C:\javafx-sdk-16\lib\javafx.controls.jar;C:\javafx-sdk-16\lib\javafx.fxml.jar;C:\javafx-sdk-16\lib\javafx.graphics.jar;C:\javafx-sdk-16\lib\javafx.media.jar;C:\javafx-sdk-16\lib\javafx.swing.jar;C:\javafx-sdk-16\lib\javafx.web.jar;C:\Projects\jlibmodbus-master\lib\androidthings-1.0.jar;C:\Projects\jlibmodbus-master\lib\jSerialComm-2.0.2.jar;C:\Projects\jlibmodbus-master\lib\jssc-2.8.0.jar;C:\Projects\jlibmodbus-master\lib\purejavacomm.jar;C:\Projects\jlibmodbus-master\lib\RXTXcomm.jar
Launcher Type: SUN_STANDARD

[Global flags]
     intx CICompilerCount                          = 4                                         {product} {ergonomic}
     uint ConcGCThreads                            = 3                                         {product} {ergonomic}
     uint G1ConcRefinementThreads                  = 10                                        {product} {ergonomic}
   size_t G1HeapRegionSize                         = 1048576                                   {product} {ergonomic}
    uintx GCDrainStackTargetSize                   = 64                                        {product} {ergonomic}
   size_t InitialHeapSize                          = 266338304                                 {product} {ergonomic}
   size_t MarkStackSize                            = 4194304                                   {product} {ergonomic}
   size_t MaxHeapSize                              = 4257218560                                {product} {ergonomic}
   size_t MaxNewSize                               = 2554331136                                {product} {ergonomic}
   size_t MinHeapDeltaBytes                        = 1048576                                   {product} {ergonomic}
    uintx NonNMethodCodeHeapSize                   = 5836300                                {pd product} {ergonomic}
    uintx NonProfiledCodeHeapSize                  = 122910970                              {pd product} {ergonomic}
    uintx ProfiledCodeHeapSize                     = 122910970                              {pd product} {ergonomic}
    uintx ReservedCodeCacheSize                    = 251658240                              {pd product} {ergonomic}
     bool SegmentedCodeCache                       = true                                      {product} {ergonomic}
     bool UseCompressedClassPointers               = true                                 {lp64_product} {ergonomic}
     bool UseCompressedOops                        = true                                 {lp64_product} {ergonomic}
     bool UseG1GC                                  = true                                      {product} {ergonomic}
     bool UseLargePagesIndividualAllocation        = false                                  {pd product} {ergonomic}

Logging:
Log output configuration:
 #0: stdout all=warning uptime,level,tags
 #1: stderr all=off uptime,level,tags

Environment Variables:
JAVA_HOME=C:\Program Files\Java\jdk-11\bin
PATH=C:\Program Files\DahuaTech\MV Viewer\Runtime\x64\;C:\Program Files\DahuaTech\MV Viewer\Runtime\x64\GenICam_v2_4\bin\Win64_x64\;C:\Program Files\DahuaTech\MV Viewer\Runtime\Win32\;C:\Program Files\DahuaTech\MV Viewer\Runtime\Win32\GenICam_v2_4\bin\Win32_i86\;C:\Program Files (x86)\NVIDIA Corporation\PhysX\Common;C:\Program Files (x86)\Common Files\Oracle\Java\javapath;C:\PTC\MKSTOO~1\bin64;C:\PTC\MKSTOO~1\bin;C:\PTC\MKSTOO~1\bin\X11;C:\PTC\MKSTOO~1\mksnt;C:\Program Files (x86)\Intel\Intel(R) Management Engine Components\iCLS\;C:\Program Files\Intel\Intel(R) Management Engine Components\iCLS\;C:\WINDOWS\system32;C:\WINDOWS;C:\WINDOWS\System32\Wbem;C:\WINDOWS\System32\WindowsPowerShell\v1.0\;C:\WINDOWS\System32\OpenSSH\;C:\Program Files (x86)\Intel\Intel(R) Management Engine Components\DAL;C:\Program Files\Intel\Intel(R) Management Engine Components\DAL;C:\Program Files (x86)\Intel\Intel(R) Management Engine Components\IPT;C:\Program Files\Intel\Intel(R) Management Engine Components\IPT;c:\Program Files (x86)\HP\HP Performance Advisor;C:\Program Files (x86)\Windows Kits\8.1\Windows Performance Toolkit\;C:\Program Files\PuTTY\;C:\Program Files\Java\openjdk-11.0.10\bin;C:\Program Files (x86)\IVI Foundation\VISA\WinNT\Bin\;C:\Program Files\IVI Foundation\VISA\Win64\Bin\;C:\Program Files (x86)\IVI Foundation\VISA\WinNT\Bin;C:\Program Files (x86)\IVI Foundation\IVI\bin;C:\Program Files\IVI Foundation\IVI\bin;C:\Python27;C:\Program Files\CMake\bin;C:\opencv\build\x64\vc15\bin;C:\Program Files\dotnet\;C:\gradle-6.8.3\bin\;C:\javafx-sdk-11.0.2\lib;C:\Users\lparadylo\AppData\Local\Microsoft\WindowsApps;C:\Users\lparadylo\AppData\Local\Programs\Git\cmd;C:\Users\lparadylo\AppData\Local\Programs\Git\mingw64\bin;C:\Users\lparadylo\AppData\Local\Programs\Git\usr\bin
USERNAME=lparadylo
DISPLAY=:0.0
OS=Windows_NT
PROCESSOR_IDENTIFIER=Intel64 Family 6 Model 158 Stepping 10, GenuineIntel



---------------  S Y S T E M  ---------------

OS: Windows 10 , 64 bit Build 17763 (10.0.17763.1158)
OS uptime: 21 days 21:34 hours

CPU:total 12 (initial active 12) (6 cores per cpu, 2 threads per core) family 6 model 158 stepping 10, cmov, cx8, fxsr, mmx, sse, sse2, sse3, ssse3, sse4.1, sse4.2, popcnt, avx, avx2, aes, clmul, erms, rtm, 3dnowpref, lzcnt, ht, tsc, tscinvbit, bmi1, bmi2, adx, fma

Memory: 4k page, system-wide physical 16235M (6729M free)
TotalPageFile size 41779M (AvailPageFile size 14196M)
current process WorkingSet (physical memory assigned to process): 182M, peak: 191M
current process commit charge ("private bytes"): 458M, peak: 465M

vm_info: OpenJDK 64-Bit Server VM (11.0.9.1+11-b1145.77) for windows-amd64 JRE (11.0.9.1+11-b1145.77), built on Jan 16 2021 05:14:13 by "" with MS VC++ 14.0 (VS2015)

END.
